#
# There is insufficient memory for the Java Runtime Environment to continue.
# Native memory allocation (malloc) failed to allocate 1376688 bytes for Chunk::new
# Possible reasons:
#   The system is out of physical RAM or swap space
#   The process is running with CompressedOops enabled, and the Java Heap may be blocking the growth of the native heap
# Possible solutions:
#   Reduce memory load on the system
#   Increase physical memory or swap space
#   Check if swap backing store is full
#   Decrease Java heap size (-Xmx/-Xms)
#   Decrease number of Java threads
#   Decrease Java thread stack sizes (-Xss)
#   Set larger code cache with -XX:ReservedCodeCacheSize=
#   JVM is running with Unscaled Compressed Oops mode in which the Java heap is
#     placed in the first 4GB address space. The Java Heap base address is the
#     maximum limit for the native heap growth. Please use -XX:HeapBaseMinAddress
#     to set the Java Heap base and to place the Java Heap above 4GB virtual address.
# This output file may be truncated or incomplete.
#
#  Out of Memory Error (arena.cpp:189), pid=8352, tid=13416
#
# JRE version: Java(TM) SE Runtime Environment (17.0.12+8) (build 17.0.12+8-LTS-286)
# Java VM: Java HotSpot(TM) 64-Bit Server VM (17.0.12+8-LTS-286, mixed mode, tiered, compressed oops, compressed class ptrs, g1 gc, windows-amd64)
# No core dump will be written. Minidumps are not enabled by default on client versions of Windows
#

---------------  S U M M A R Y ------------

Command Line: --add-opens=java.base/java.lang=ALL-UNNAMED --add-opens=java.base/java.lang.invoke=ALL-UNNAMED --add-opens=java.base/java.util=ALL-UNNAMED --add-opens=java.prefs/java.util.prefs=ALL-UNNAMED --add-exports=jdk.compiler/com.sun.tools.javac.api=ALL-UNNAMED --add-exports=jdk.compiler/com.sun.tools.javac.util=ALL-UNNAMED --add-opens=java.base/java.util=ALL-UNNAMED --add-opens=java.prefs/java.util.prefs=ALL-UNNAMED --add-opens=java.base/java.nio.charset=ALL-UNNAMED --add-opens=java.base/java.net=ALL-UNNAMED --add-opens=java.base/java.util.concurrent.atomic=ALL-UNNAMED --add-opens=java.xml/javax.xml.namespace=ALL-UNNAMED -XX:MaxMetaspaceSize=4G -XX:ReservedCodeCacheSize=512m -XX:+HeapDumpOnOutOfMemoryError -Xmx1536m -Dfile.encoding=UTF-8 -Duser.country=US -Duser.language=en -Duser.variant -javaagent:C:\Users\Admin\.gradle\wrapper\dists\gradle-8.14-all\c2qonpi39x1mddn7hk5gh9iqj\gradle-8.14\lib\agents\gradle-instrumentation-agent-8.14.jar org.gradle.launcher.daemon.bootstrap.GradleDaemon 8.14

Host: Intel(R) Core(TM) i5-8350U CPU @ 1.70GHz, 8 cores, 7G,  Windows 11 , 64 bit Build 26100 (10.0.26100.8246)
Time: Thu Apr 16 12:23:06 2026 Pakistan Standard Time elapsed time: 13.850333 seconds (0d 0h 0m 13s)

---------------  T H R E A D  ---------------

Current thread (0x00000219e2093b60):  JavaThread "C2 CompilerThread0" daemon [_thread_in_native, id=13416, stack(0x0000009d16000000,0x0000009d16100000)]


Current CompileTask:
C2:  13850 2618   !   4       java.net.URL::<init> (543 bytes)

Stack: [0x0000009d16000000,0x0000009d16100000]
Native frames: (J=compiled Java code, j=interpreted, Vv=VM code, C=native code)
V  [jvm.dll+0x67a04a]
V  [jvm.dll+0x7da4ed]
V  [jvm.dll+0x7dbe33]
V  [jvm.dll+0x7dc4a3]
V  [jvm.dll+0x24508f]
V  [jvm.dll+0xab773]
V  [jvm.dll+0xabd3c]
V  [jvm.dll+0x361bee]
V  [jvm.dll+0x32c431]
V  [jvm.dll+0x32b8ca]
V  [jvm.dll+0x21683f]
V  [jvm.dll+0x215c6f]
V  [jvm.dll+0x1a2960]
V  [jvm.dll+0x22610b]
V  [jvm.dll+0x2242ab]
V  [jvm.dll+0x79075c]
V  [jvm.dll+0x78abea]
V  [jvm.dll+0x678f35]
C  [ucrtbase.dll+0x37b0]
C  [KERNEL32.DLL+0x2e8d7]
C  [ntdll.dll+0x8c3fc]


---------------  P R O C E S S  ---------------

Threads class SMR info:
_java_thread_list=0x00000219e2c9d530, length=27, elements={
0x00000219b3e951e0, 0x00000219e20731b0, 0x00000219e2029b90, 0x00000219e1fff060,
0x00000219e1fff540, 0x00000219e2091ac0, 0x00000219e2092b10, 0x00000219e2093b60,
0x00000219e2094bf0, 0x00000219e2095c80, 0x00000219e1f89550, 0x00000219e235ea30,
0x00000219e87e6010, 0x00000219e7ee78f0, 0x00000219e874bfd0, 0x00000219e7132960,
0x00000219e87d0cb0, 0x00000219e87439c0, 0x00000219e8743ed0, 0x00000219e8745310,
0x00000219e8742a90, 0x00000219e87443e0, 0x00000219e8745820, 0x00000219e8742070,
0x00000219e8742580, 0x00000219ebd8d220, 0x00000219e8742fa0
}

Java Threads: ( => current thread )
  0x00000219b3e951e0 JavaThread "main" [_thread_blocked, id=12872, stack(0x0000009d15300000,0x0000009d15400000)]
  0x00000219e20731b0 JavaThread "Reference Handler" daemon [_thread_blocked, id=8660, stack(0x0000009d15a00000,0x0000009d15b00000)]
  0x00000219e2029b90 JavaThread "Finalizer" daemon [_thread_blocked, id=13780, stack(0x0000009d15b00000,0x0000009d15c00000)]
  0x00000219e1fff060 JavaThread "Signal Dispatcher" daemon [_thread_blocked, id=12992, stack(0x0000009d15c00000,0x0000009d15d00000)]
  0x00000219e1fff540 JavaThread "Attach Listener" daemon [_thread_blocked, id=15324, stack(0x0000009d15d00000,0x0000009d15e00000)]
  0x00000219e2091ac0 JavaThread "Service Thread" daemon [_thread_blocked, id=6848, stack(0x0000009d15e00000,0x0000009d15f00000)]
  0x00000219e2092b10 JavaThread "Monitor Deflation Thread" daemon [_thread_blocked, id=9288, stack(0x0000009d15f00000,0x0000009d16000000)]
=>0x00000219e2093b60 JavaThread "C2 CompilerThread0" daemon [_thread_in_native, id=13416, stack(0x0000009d16000000,0x0000009d16100000)]
  0x00000219e2094bf0 JavaThread "C1 CompilerThread0" daemon [_thread_blocked, id=11416, stack(0x0000009d16100000,0x0000009d16200000)]
  0x00000219e2095c80 JavaThread "Sweeper thread" daemon [_thread_blocked, id=3428, stack(0x0000009d16200000,0x0000009d16300000)]
  0x00000219e1f89550 JavaThread "Common-Cleaner" daemon [_thread_blocked, id=7068, stack(0x0000009d16300000,0x0000009d16400000)]
  0x00000219e235ea30 JavaThread "Notification Thread" daemon [_thread_blocked, id=15176, stack(0x0000009d16400000,0x0000009d16500000)]
  0x00000219e87e6010 JavaThread "Daemon health stats" [_thread_blocked, id=6032, stack(0x0000009d16700000,0x0000009d16800000)]
  0x00000219e7ee78f0 JavaThread "Incoming local TCP Connector on port 51898" [_thread_in_native, id=6876, stack(0x0000009d16600000,0x0000009d16700000)]
  0x00000219e874bfd0 JavaThread "Daemon periodic checks" [_thread_blocked, id=2056, stack(0x0000009d16c00000,0x0000009d16d00000)]
  0x00000219e7132960 JavaThread "Daemon" [_thread_blocked, id=7188, stack(0x0000009d16d00000,0x0000009d16e00000)]
  0x00000219e87d0cb0 JavaThread "Handler for socket connection from /127.0.0.1:51898 to /127.0.0.1:51899" [_thread_in_native, id=8056, stack(0x0000009d16e00000,0x0000009d16f00000)]
  0x00000219e87439c0 JavaThread "Cancel handler" [_thread_blocked, id=2340, stack(0x0000009d16f00000,0x0000009d17000000)]
  0x00000219e8743ed0 JavaThread "Daemon worker" [_thread_in_native, id=14120, stack(0x0000009d17000000,0x0000009d17100000)]
  0x00000219e8745310 JavaThread "Asynchronous log dispatcher for DefaultDaemonConnection: socket connection from /127.0.0.1:51898 to /127.0.0.1:51899" [_thread_blocked, id=5416, stack(0x0000009d17100000,0x0000009d17200000)]
  0x00000219e8742a90 JavaThread "Stdin handler" [_thread_blocked, id=13528, stack(0x0000009d17200000,0x0000009d17300000)]
  0x00000219e87443e0 JavaThread "Daemon client event forwarder" [_thread_blocked, id=8588, stack(0x0000009d17300000,0x0000009d17400000)]
  0x00000219e8745820 JavaThread "Cache worker for journal cache (C:\Users\Admin\.gradle\caches\journal-1)" [_thread_blocked, id=3668, stack(0x0000009d17900000,0x0000009d17a00000)]
  0x00000219e8742070 JavaThread "File lock request listener" [_thread_in_native, id=3112, stack(0x0000009d17a00000,0x0000009d17b00000)]
  0x00000219e8742580 JavaThread "Cache worker for file hash cache (C:\Users\Admin\.gradle\caches\8.14\fileHashes)" [_thread_blocked, id=14280, stack(0x0000009d17b00000,0x0000009d17c00000)]
  0x00000219ebd8d220 JavaThread "C2 CompilerThread1" daemon [_thread_in_native, id=2824, stack(0x0000009d17800000,0x0000009d17900000)]
  0x00000219e8742fa0 JavaThread "Cache worker for file hash cache (D:\MODELS\Combine\FYP_FLUTTER\android\.gradle\8.14\fileHashes)" [_thread_blocked, id=11288, stack(0x0000009d17c00000,0x0000009d17d00000)]

Other Threads:
  0x00000219e2072010 VMThread "VM Thread" [stack: 0x0000009d15900000,0x0000009d15a00000] [id=2232]
  0x00000219b3ef8b60 WatcherThread [stack: 0x0000009d16500000,0x0000009d16600000] [id=13720]
  0x00000219b3ee08d0 GCTaskThread "GC Thread#0" [stack: 0x0000009d15400000,0x0000009d15500000] [id=11988]
  0x00000219e2be4a60 GCTaskThread "GC Thread#1" [stack: 0x0000009d16800000,0x0000009d16900000] [id=13488]
  0x00000219e2bce050 GCTaskThread "GC Thread#2" [stack: 0x0000009d16900000,0x0000009d16a00000] [id=8828]
  0x00000219e28b5fa0 GCTaskThread "GC Thread#3" [stack: 0x0000009d16a00000,0x0000009d16b00000] [id=6724]
  0x00000219e28b7860 GCTaskThread "GC Thread#4" [stack: 0x0000009d16b00000,0x0000009d16c00000] [id=1708]
  0x00000219e28b6d60 GCTaskThread "GC Thread#5" [stack: 0x0000009d17400000,0x0000009d17500000] [id=11992]
  0x00000219e28b7020 GCTaskThread "GC Thread#6" [stack: 0x0000009d17500000,0x0000009d17600000] [id=8416]
  0x00000219e28b6260 GCTaskThread "GC Thread#7" [stack: 0x0000009d17600000,0x0000009d17700000] [id=2332]
  0x00000219b3eed730 ConcurrentGCThread "G1 Main Marker" [stack: 0x0000009d15500000,0x0000009d15600000] [id=13404]
  0x00000219b3eeed20 ConcurrentGCThread "G1 Conc#0" [stack: 0x0000009d15600000,0x0000009d15700000] [id=13996]
  0x00000219e28b6520 ConcurrentGCThread "G1 Conc#1" [stack: 0x0000009d17700000,0x0000009d17800000] [id=12928]
  0x00000219b3f5e250 ConcurrentGCThread "G1 Refine#0" [stack: 0x0000009d15700000,0x0000009d15800000] [id=8680]
  0x00000219b3f5ea30 ConcurrentGCThread "G1 Service" [stack: 0x0000009d15800000,0x0000009d15900000] [id=7256]

Threads with active compile tasks:
C2 CompilerThread0    13909 2618   !   4       java.net.URL::<init> (543 bytes)
C2 CompilerThread1    13909 2766 %     4       com.google.common.io.LineBuffer::add @ 47 (204 bytes)

VM state: not at safepoint (normal execution)

VM Mutex/Monitor currently owned by a thread: None

Heap address: 0x00000000a0000000, size: 1536 MB, Compressed Oops mode: 32-bit

CDS archive(s) not mapped
Compressed class space mapped at: 0x0000000100000000-0x0000000140000000, reserved size: 1073741824
Narrow klass base: 0x0000000000000000, Narrow klass shift: 3, Narrow klass range: 0x140000000

GC Precious Log:
 CPUs: 8 total, 8 available
 Memory: 8035M
 Large Page Support: Disabled
 NUMA Support: Disabled
 Compressed Oops: Enabled (32-bit)
 Heap Region Size: 1M
 Heap Min Capacity: 8M
 Heap Initial Capacity: 126M
 Heap Max Capacity: 1536M
 Pre-touch: Disabled
 Parallel Workers: 8
 Concurrent Workers: 2
 Concurrent Refinement Workers: 8
 Periodic GC: Disabled

Heap:
 garbage-first heap   total 75776K, used 52399K [0x00000000a0000000, 0x0000000100000000)
  region size 1024K, 33 young (33792K), 3 survivors (3072K)
 Metaspace       used 29806K, committed 30144K, reserved 1114112K
  class space    used 3833K, committed 3968K, reserved 1048576K

Heap Regions: E=young(eden), S=young(survivor), O=old, HS=humongous(starts), HC=humongous(continues), CS=collection set, F=free, OA=open archive, CA=closed archive, TAMS=top-at-mark-start (previous, next)
|   0|0x00000000a0000000, 0x00000000a0100000, 0x00000000a0100000|100%|HS|  |TAMS 0x00000000a0100000, 0x00000000a0000000| Complete 
|   1|0x00000000a0100000, 0x00000000a0200000, 0x00000000a0200000|100%|HC|  |TAMS 0x00000000a0200000, 0x00000000a0100000| Complete 
|   2|0x00000000a0200000, 0x00000000a0300000, 0x00000000a0300000|100%|HC|  |TAMS 0x00000000a0300000, 0x00000000a0200000| Complete 
|   3|0x00000000a0300000, 0x00000000a0400000, 0x00000000a0400000|100%| O|  |TAMS 0x00000000a0400000, 0x00000000a0300000| Untracked 
|   4|0x00000000a0400000, 0x00000000a0500000, 0x00000000a0500000|100%| O|  |TAMS 0x00000000a0500000, 0x00000000a0400000| Untracked 
|   5|0x00000000a0500000, 0x00000000a0600000, 0x00000000a0600000|100%| O|  |TAMS 0x00000000a0600000, 0x00000000a0500000| Untracked 
|   6|0x00000000a0600000, 0x00000000a0700000, 0x00000000a0700000|100%|HS|  |TAMS 0x00000000a0700000, 0x00000000a0600000| Complete 
|   7|0x00000000a0700000, 0x00000000a0800000, 0x00000000a0800000|100%| O|  |TAMS 0x00000000a0700000, 0x00000000a0700000| Untracked 
|   8|0x00000000a0800000, 0x00000000a0900000, 0x00000000a0900000|100%| O|  |TAMS 0x00000000a0900000, 0x00000000a0800000| Untracked 
|   9|0x00000000a0900000, 0x00000000a09ffff8, 0x00000000a0a00000| 99%| O|  |TAMS 0x00000000a09ffff8, 0x00000000a0900000| Untracked 
|  10|0x00000000a0a00000, 0x00000000a0b00000, 0x00000000a0b00000|100%| O|  |TAMS 0x00000000a0b00000, 0x00000000a0a00000| Untracked 
|  11|0x00000000a0b00000, 0x00000000a0c00000, 0x00000000a0c00000|100%| O|  |TAMS 0x00000000a0c00000, 0x00000000a0b00000| Untracked 
|  12|0x00000000a0c00000, 0x00000000a0d00000, 0x00000000a0d00000|100%| O|  |TAMS 0x00000000a0d00000, 0x00000000a0c00000| Untracked 
|  13|0x00000000a0d00000, 0x00000000a0d17600, 0x00000000a0e00000|  9%| O|  |TAMS 0x00000000a0d17600, 0x00000000a0d00000| Untracked 
|  14|0x00000000a0e00000, 0x00000000a0f00000, 0x00000000a0f00000|100%| O|  |TAMS 0x00000000a0e00000, 0x00000000a0e00000| Untracked 
|  15|0x00000000a0f00000, 0x00000000a1000000, 0x00000000a1000000|100%| O|  |TAMS 0x00000000a0f00000, 0x00000000a0f00000| Untracked 
|  16|0x00000000a1000000, 0x00000000a1100000, 0x00000000a1100000|100%| O|  |TAMS 0x00000000a1000000, 0x00000000a1000000| Untracked 
|  17|0x00000000a1100000, 0x00000000a1200000, 0x00000000a1200000|100%| O|  |TAMS 0x00000000a1100000, 0x00000000a1100000| Untracked 
|  18|0x00000000a1200000, 0x00000000a1300000, 0x00000000a1300000|100%| O|  |TAMS 0x00000000a1200000, 0x00000000a1200000| Untracked 
|  19|0x00000000a1300000, 0x00000000a1400000, 0x00000000a1400000|100%| O|  |TAMS 0x00000000a1300000, 0x00000000a1300000| Untracked 
|  20|0x00000000a1400000, 0x00000000a14ca200, 0x00000000a1500000| 78%| O|  |TAMS 0x00000000a1400000, 0x00000000a1400000| Untracked 
|  21|0x00000000a1500000, 0x00000000a1500000, 0x00000000a1600000|  0%| F|  |TAMS 0x00000000a1500000, 0x00000000a1500000| Untracked 
|  22|0x00000000a1600000, 0x00000000a1600000, 0x00000000a1700000|  0%| F|  |TAMS 0x00000000a1600000, 0x00000000a1600000| Untracked 
|  23|0x00000000a1700000, 0x00000000a1700000, 0x00000000a1800000|  0%| F|  |TAMS 0x00000000a1700000, 0x00000000a1700000| Untracked 
|  24|0x00000000a1800000, 0x00000000a1800000, 0x00000000a1900000|  0%| F|  |TAMS 0x00000000a1800000, 0x00000000a1800000| Untracked 
|  25|0x00000000a1900000, 0x00000000a1900000, 0x00000000a1a00000|  0%| F|  |TAMS 0x00000000a1900000, 0x00000000a1900000| Untracked 
|  26|0x00000000a1a00000, 0x00000000a1a00000, 0x00000000a1b00000|  0%| F|  |TAMS 0x00000000a1a00000, 0x00000000a1a00000| Untracked 
|  27|0x00000000a1b00000, 0x00000000a1b4a550, 0x00000000a1c00000| 29%| S|CS|TAMS 0x00000000a1b00000, 0x00000000a1b00000| Complete 
|  28|0x00000000a1c00000, 0x00000000a1d00000, 0x00000000a1d00000|100%| S|CS|TAMS 0x00000000a1c00000, 0x00000000a1c00000| Complete 
|  29|0x00000000a1d00000, 0x00000000a1e00000, 0x00000000a1e00000|100%| S|CS|TAMS 0x00000000a1d00000, 0x00000000a1d00000| Complete 
|  30|0x00000000a1e00000, 0x00000000a1e00000, 0x00000000a1f00000|  0%| F|  |TAMS 0x00000000a1e00000, 0x00000000a1e00000| Untracked 
|  31|0x00000000a1f00000, 0x00000000a1f00000, 0x00000000a2000000|  0%| F|  |TAMS 0x00000000a1f00000, 0x00000000a1f00000| Untracked 
|  32|0x00000000a2000000, 0x00000000a2000000, 0x00000000a2100000|  0%| F|  |TAMS 0x00000000a2000000, 0x00000000a2000000| Untracked 
|  33|0x00000000a2100000, 0x00000000a2100000, 0x00000000a2200000|  0%| F|  |TAMS 0x00000000a2100000, 0x00000000a2100000| Untracked 
|  34|0x00000000a2200000, 0x00000000a2200000, 0x00000000a2300000|  0%| F|  |TAMS 0x00000000a2200000, 0x00000000a2200000| Untracked 
|  35|0x00000000a2300000, 0x00000000a2300000, 0x00000000a2400000|  0%| F|  |TAMS 0x00000000a2300000, 0x00000000a2300000| Untracked 
|  36|0x00000000a2400000, 0x00000000a2400000, 0x00000000a2500000|  0%| F|  |TAMS 0x00000000a2400000, 0x00000000a2400000| Untracked 
|  37|0x00000000a2500000, 0x00000000a2500000, 0x00000000a2600000|  0%| F|  |TAMS 0x00000000a2500000, 0x00000000a2500000| Untracked 
|  38|0x00000000a2600000, 0x00000000a2600000, 0x00000000a2700000|  0%| F|  |TAMS 0x00000000a2600000, 0x00000000a2600000| Untracked 
|  39|0x00000000a2700000, 0x00000000a2700000, 0x00000000a2800000|  0%| F|  |TAMS 0x00000000a2700000, 0x00000000a2700000| Untracked 
|  40|0x00000000a2800000, 0x00000000a2800000, 0x00000000a2900000|  0%| F|  |TAMS 0x00000000a2800000, 0x00000000a2800000| Untracked 
|  41|0x00000000a2900000, 0x00000000a2900000, 0x00000000a2a00000|  0%| F|  |TAMS 0x00000000a2900000, 0x00000000a2900000| Untracked 
|  42|0x00000000a2a00000, 0x00000000a2a00000, 0x00000000a2b00000|  0%| F|  |TAMS 0x00000000a2a00000, 0x00000000a2a00000| Untracked 
|  43|0x00000000a2b00000, 0x00000000a2b00000, 0x00000000a2c00000|  0%| F|  |TAMS 0x00000000a2b00000, 0x00000000a2b00000| Untracked 
|  44|0x00000000a2c00000, 0x00000000a2cc9aa8, 0x00000000a2d00000| 78%| E|  |TAMS 0x00000000a2c00000, 0x00000000a2c00000| Complete 
|  45|0x00000000a2d00000, 0x00000000a2e00000, 0x00000000a2e00000|100%| E|CS|TAMS 0x00000000a2d00000, 0x00000000a2d00000| Complete 
|  46|0x00000000a2e00000, 0x00000000a2f00000, 0x00000000a2f00000|100%| E|CS|TAMS 0x00000000a2e00000, 0x00000000a2e00000| Complete 
|  47|0x00000000a2f00000, 0x00000000a3000000, 0x00000000a3000000|100%| E|CS|TAMS 0x00000000a2f00000, 0x00000000a2f00000| Complete 
|  48|0x00000000a3000000, 0x00000000a3100000, 0x00000000a3100000|100%| E|CS|TAMS 0x00000000a3000000, 0x00000000a3000000| Complete 
|  49|0x00000000a3100000, 0x00000000a3200000, 0x00000000a3200000|100%| E|CS|TAMS 0x00000000a3100000, 0x00000000a3100000| Complete 
|  50|0x00000000a3200000, 0x00000000a3300000, 0x00000000a3300000|100%| E|CS|TAMS 0x00000000a3200000, 0x00000000a3200000| Complete 
|  51|0x00000000a3300000, 0x00000000a3400000, 0x00000000a3400000|100%| E|CS|TAMS 0x00000000a3300000, 0x00000000a3300000| Complete 
|  52|0x00000000a3400000, 0x00000000a3500000, 0x00000000a3500000|100%| E|CS|TAMS 0x00000000a3400000, 0x00000000a3400000| Complete 
|  53|0x00000000a3500000, 0x00000000a3600000, 0x00000000a3600000|100%| E|CS|TAMS 0x00000000a3500000, 0x00000000a3500000| Complete 
|  54|0x00000000a3600000, 0x00000000a3700000, 0x00000000a3700000|100%| E|CS|TAMS 0x00000000a3600000, 0x00000000a3600000| Complete 
|  55|0x00000000a3700000, 0x00000000a3800000, 0x00000000a3800000|100%| E|CS|TAMS 0x00000000a3700000, 0x00000000a3700000| Complete 
|  56|0x00000000a3800000, 0x00000000a3900000, 0x00000000a3900000|100%| E|CS|TAMS 0x00000000a3800000, 0x00000000a3800000| Complete 
|  57|0x00000000a3900000, 0x00000000a3a00000, 0x00000000a3a00000|100%| E|CS|TAMS 0x00000000a3900000, 0x00000000a3900000| Complete 
|  58|0x00000000a3a00000, 0x00000000a3b00000, 0x00000000a3b00000|100%| E|CS|TAMS 0x00000000a3a00000, 0x00000000a3a00000| Complete 
|  59|0x00000000a3b00000, 0x00000000a3c00000, 0x00000000a3c00000|100%| E|CS|TAMS 0x00000000a3b00000, 0x00000000a3b00000| Complete 
|  60|0x00000000a3c00000, 0x00000000a3d00000, 0x00000000a3d00000|100%| E|CS|TAMS 0x00000000a3c00000, 0x00000000a3c00000| Complete 
|  61|0x00000000a3d00000, 0x00000000a3e00000, 0x00000000a3e00000|100%| E|CS|TAMS 0x00000000a3d00000, 0x00000000a3d00000| Complete 
|  62|0x00000000a3e00000, 0x00000000a3f00000, 0x00000000a3f00000|100%| E|CS|TAMS 0x00000000a3e00000, 0x00000000a3e00000| Complete 
|  63|0x00000000a3f00000, 0x00000000a4000000, 0x00000000a4000000|100%| E|CS|TAMS 0x00000000a3f00000, 0x00000000a3f00000| Complete 
|  64|0x00000000a4000000, 0x00000000a4100000, 0x00000000a4100000|100%| E|CS|TAMS 0x00000000a4000000, 0x00000000a4000000| Complete 
|  83|0x00000000a5300000, 0x00000000a5400000, 0x00000000a5400000|100%| E|CS|TAMS 0x00000000a5300000, 0x00000000a5300000| Complete 
|  84|0x00000000a5400000, 0x00000000a5500000, 0x00000000a5500000|100%| E|CS|TAMS 0x00000000a5400000, 0x00000000a5400000| Complete 
|  85|0x00000000a5500000, 0x00000000a5600000, 0x00000000a5600000|100%| E|CS|TAMS 0x00000000a5500000, 0x00000000a5500000| Complete 
|  86|0x00000000a5600000, 0x00000000a5700000, 0x00000000a5700000|100%| E|CS|TAMS 0x00000000a5600000, 0x00000000a5600000| Complete 
|  87|0x00000000a5700000, 0x00000000a5800000, 0x00000000a5800000|100%| E|CS|TAMS 0x00000000a5700000, 0x00000000a5700000| Complete 
|  88|0x00000000a5800000, 0x00000000a5900000, 0x00000000a5900000|100%| E|CS|TAMS 0x00000000a5800000, 0x00000000a5800000| Complete 
|  89|0x00000000a5900000, 0x00000000a5a00000, 0x00000000a5a00000|100%| E|CS|TAMS 0x00000000a5900000, 0x00000000a5900000| Complete 
|  90|0x00000000a5a00000, 0x00000000a5b00000, 0x00000000a5b00000|100%| E|CS|TAMS 0x00000000a5a00000, 0x00000000a5a00000| Complete 
| 125|0x00000000a7d00000, 0x00000000a7e00000, 0x00000000a7e00000|100%| E|CS|TAMS 0x00000000a7d00000, 0x00000000a7d00000| Complete 

Card table byte_map: [0x00000219dbfa0000,0x00000219dc2a0000] _byte_map_base: 0x00000219dbaa0000

Marking Bits (Prev, Next): (CMBitMap*) 0x00000219b3ee0e40, (CMBitMap*) 0x00000219b3ee0e00
 Prev Bits: [0x00000219ddda0000, 0x00000219df5a0000)
 Next Bits: [0x00000219dc5a0000, 0x00000219ddda0000)

Polling page: 0x00000219b1d60000

Metaspace:

Usage:
  Non-class:     25.38 MB used.
      Class:      3.74 MB used.
       Both:     29.12 MB used.

Virtual space:
  Non-class space:       64.00 MB reserved,      25.56 MB ( 40%) committed,  1 nodes.
      Class space:        1.00 GB reserved,       3.88 MB ( <1%) committed,  1 nodes.
             Both:        1.06 GB reserved,      29.44 MB (  3%) committed. 

Chunk freelists:
   Non-Class:  6.41 MB
       Class:  12.09 MB
        Both:  18.50 MB

MaxMetaspaceSize: 4.00 GB
CompressedClassSpaceSize: 1.00 GB
Initial GC threshold: 21.00 MB
Current GC threshold: 35.12 MB
CDS: off
MetaspaceReclaimPolicy: balanced
 - commit_granule_bytes: 65536.
 - commit_granule_words: 8192.
 - virtual_space_node_default_size: 8388608.
 - enlarge_chunks_in_place: 1.
 - new_chunks_are_fully_committed: 0.
 - uncommit_free_chunks: 1.
 - use_allocation_guard: 0.
 - handle_deallocations: 1.


Internal statistics:

num_allocs_failed_limit: 3.
num_arena_births: 256.
num_arena_deaths: 0.
num_vsnodes_births: 2.
num_vsnodes_deaths: 0.
num_space_committed: 471.
num_space_uncommitted: 0.
num_chunks_returned_to_freelist: 3.
num_chunks_taken_from_freelist: 1037.
num_chunk_merges: 3.
num_chunk_splits: 661.
num_chunks_enlarged: 461.
num_inconsistent_stats: 0.

CodeHeap 'non-profiled nmethods': size=259264Kb used=1508Kb max_used=1508Kb free=257756Kb
 bounds [0x00000219cba20000, 0x00000219cbc90000, 0x00000219db750000]
CodeHeap 'profiled nmethods': size=259264Kb used=5729Kb max_used=5729Kb free=253534Kb
 bounds [0x00000219bb750000, 0x00000219bbcf0000, 0x00000219cb480000]
CodeHeap 'non-nmethods': size=5760Kb used=1237Kb max_used=1319Kb free=4522Kb
 bounds [0x00000219cb480000, 0x00000219cb6f0000, 0x00000219cba20000]
 total_blobs=3333 nmethods=2786 adapters=459
 compilation: enabled
              stopped_count=0, restarted_count=0
 full_count=0

Compilation events (20 events):
Event: 12.843 Thread 0x00000219e2094bf0 2770       3       com.google.common.collect.RegularImmutableMap::makeImmutable (44 bytes)
Event: 12.844 Thread 0x00000219e2094bf0 nmethod 2770 0x00000219bbcdb310 code [0x00000219bbcdb520, 0x00000219bbcdbd78]
Event: 12.844 Thread 0x00000219e2094bf0 2769       1       com.google.common.collect.ImmutableMapEntry::getNextInKeyBucket (2 bytes)
Event: 12.844 Thread 0x00000219e2094bf0 nmethod 2769 0x00000219cbb97810 code [0x00000219cbb979a0, 0x00000219cbb97a78]
Event: 12.844 Thread 0x00000219e2094bf0 2771       1       com.google.common.collect.ImmutableMapEntry$NonTerminalImmutableMapEntry::getNextInKeyBucket (5 bytes)
Event: 12.844 Thread 0x00000219e2094bf0 nmethod 2771 0x00000219cbb97b10 code [0x00000219cbb97ca0, 0x00000219cbb97d78]
Event: 12.844 Thread 0x00000219e2094bf0 2760       3       com.google.common.base.Splitter$$Lambda$272/0x00000001003dcc20::iterator (10 bytes)
Event: 12.844 Thread 0x00000219e2094bf0 nmethod 2760 0x00000219bbcdbf90 code [0x00000219bbcdc120, 0x00000219bbcdc268]
Event: 12.844 Thread 0x00000219e2094bf0 2761       3       com.google.common.base.Splitter::lambda$on$0 (11 bytes)
Event: 12.844 Thread 0x00000219e2094bf0 nmethod 2761 0x00000219bbcdc310 code [0x00000219bbcdc4c0, 0x00000219bbcdc708]
Event: 12.844 Thread 0x00000219e2094bf0 2762       3       com.google.common.base.Splitter$1::<init> (12 bytes)
Event: 12.845 Thread 0x00000219e2094bf0 nmethod 2762 0x00000219bbcdc810 code [0x00000219bbcdc9c0, 0x00000219bbcdcb48]
Event: 12.845 Thread 0x00000219e2094bf0 2763       3       com.google.common.base.Splitter$SplittingIterator::<init> (39 bytes)
Event: 12.845 Thread 0x00000219e2094bf0 nmethod 2763 0x00000219bbcdcc10 code [0x00000219bbcdcdc0, 0x00000219bbcdd118]
Event: 12.845 Thread 0x00000219e2094bf0 2764       3       com.google.common.base.AbstractIterator::<init> (12 bytes)
Event: 12.845 Thread 0x00000219e2094bf0 nmethod 2764 0x00000219bbcdd210 code [0x00000219bbcdd3c0, 0x00000219bbcdd598]
Event: 12.849 Thread 0x00000219e2094bf0 2772       3       org.gradle.launcher.daemon.server.exec.DaemonConnectionBackedEventConsumer$ForwardEvents::moreMessagesToSend (35 bytes)
Event: 12.849 Thread 0x00000219e2094bf0 nmethod 2772 0x00000219bbcdd690 code [0x00000219bbcdd840, 0x00000219bbcddb08]
Event: 12.849 Thread 0x00000219e2094bf0 2773   !   3       org.gradle.launcher.daemon.server.exec.DaemonConnectionBackedEventConsumer$ForwardEvents::getNextEvent (27 bytes)
Event: 12.850 Thread 0x00000219e2094bf0 nmethod 2773 0x00000219bbcddc10 code [0x00000219bbcdddc0, 0x00000219bbcde048]

GC Heap History (10 events):
Event: 5.671 GC heap before
{Heap before GC invocations=0 (full 0):
 garbage-first heap   total 129024K, used 22528K [0x00000000a0000000, 0x0000000100000000)
  region size 1024K, 23 young (23552K), 0 survivors (0K)
 Metaspace       used 7437K, committed 7616K, reserved 1114112K
  class space    used 629K, committed 704K, reserved 1048576K
}
Event: 5.678 GC heap after
{Heap after GC invocations=1 (full 0):
 garbage-first heap   total 129024K, used 2133K [0x00000000a0000000, 0x0000000100000000)
  region size 1024K, 3 young (3072K), 3 survivors (3072K)
 Metaspace       used 7437K, committed 7616K, reserved 1114112K
  class space    used 629K, committed 704K, reserved 1048576K
}
Event: 6.895 GC heap before
{Heap before GC invocations=1 (full 0):
 garbage-first heap   total 129024K, used 41045K [0x00000000a0000000, 0x0000000100000000)
  region size 1024K, 39 young (39936K), 3 survivors (3072K)
 Metaspace       used 11436K, committed 11648K, reserved 1114112K
  class space    used 1179K, committed 1280K, reserved 1048576K
}
Event: 6.904 GC heap after
{Heap after GC invocations=2 (full 0):
 garbage-first heap   total 129024K, used 10875K [0x00000000a0000000, 0x0000000100000000)
  region size 1024K, 5 young (5120K), 5 survivors (5120K)
 Metaspace       used 11436K, committed 11648K, reserved 1114112K
  class space    used 1179K, committed 1280K, reserved 1048576K
}
Event: 7.883 GC heap before
{Heap before GC invocations=2 (full 0):
 garbage-first heap   total 129024K, used 59003K [0x00000000a0000000, 0x0000000100000000)
  region size 1024K, 50 young (51200K), 5 survivors (5120K)
 Metaspace       used 11828K, committed 11968K, reserved 1114112K
  class space    used 1241K, committed 1344K, reserved 1048576K
}
Event: 7.895 GC heap after
{Heap after GC invocations=3 (full 0):
 garbage-first heap   total 129024K, used 16964K [0x00000000a0000000, 0x0000000100000000)
  region size 1024K, 5 young (5120K), 5 survivors (5120K)
 Metaspace       used 11828K, committed 11968K, reserved 1114112K
  class space    used 1241K, committed 1344K, reserved 1048576K
}
Event: 10.401 GC heap before
{Heap before GC invocations=3 (full 0):
 garbage-first heap   total 129024K, used 51780K [0x00000000a0000000, 0x0000000100000000)
  region size 1024K, 40 young (40960K), 5 survivors (5120K)
 Metaspace       used 21290K, committed 21504K, reserved 1114112K
  class space    used 2441K, committed 2560K, reserved 1048576K
}
Event: 10.412 GC heap after
{Heap after GC invocations=4 (full 0):
 garbage-first heap   total 129024K, used 20566K [0x00000000a0000000, 0x0000000100000000)
  region size 1024K, 8 young (8192K), 8 survivors (8192K)
 Metaspace       used 21290K, committed 21504K, reserved 1114112K
  class space    used 2441K, committed 2560K, reserved 1048576K
}
Event: 11.917 GC heap before
{Heap before GC invocations=5 (full 0):
 garbage-first heap   total 75776K, used 56406K [0x00000000a0000000, 0x0000000100000000)
  region size 1024K, 44 young (45056K), 8 survivors (8192K)
 Metaspace       used 26395K, committed 26688K, reserved 1114112K
  class space    used 3268K, committed 3392K, reserved 1048576K
}
Event: 11.928 GC heap after
{Heap after GC invocations=6 (full 0):
 garbage-first heap   total 75776K, used 22703K [0x00000000a0000000, 0x0000000100000000)
  region size 1024K, 3 young (3072K), 3 survivors (3072K)
 Metaspace       used 26395K, committed 26688K, reserved 1114112K
  class space    used 3268K, committed 3392K, reserved 1048576K
}

Deoptimization events (20 events):
Event: 11.141 Thread 0x00000219e8743ed0 Uncommon trap: trap_request=0xffffff45 fr.pc=0x00000219cbb19b74 relative=0x0000000000000074
Event: 11.141 Thread 0x00000219e8743ed0 Uncommon trap: reason=unstable_if action=reinterpret pc=0x00000219cbb19b74 method=jdk.internal.misc.Unsafe.convEndian(ZI)I @ 4 c2
Event: 11.141 Thread 0x00000219e8743ed0 DEOPT PACKING pc=0x00000219cbb19b74 sp=0x0000009d170faab0
Event: 11.141 Thread 0x00000219e8743ed0 DEOPT UNPACKING pc=0x00000219cb4d23a3 sp=0x0000009d170fa9b8 mode 2
Event: 11.207 Thread 0x00000219e8743ed0 Uncommon trap: trap_request=0xffffff45 fr.pc=0x00000219cba3d968 relative=0x0000000000000ae8
Event: 11.207 Thread 0x00000219e8743ed0 Uncommon trap: reason=unstable_if action=reinterpret pc=0x00000219cba3d968 method=java.io.WinNTFileSystem.resolve(Ljava/lang/String;Ljava/lang/String;)Ljava/lang/String; @ 19 c2
Event: 11.207 Thread 0x00000219e8743ed0 DEOPT PACKING pc=0x00000219cba3d968 sp=0x0000009d170fafc0
Event: 11.207 Thread 0x00000219e8743ed0 DEOPT UNPACKING pc=0x00000219cb4d23a3 sp=0x0000009d170faf68 mode 2
Event: 11.209 Thread 0x00000219e8743ed0 Uncommon trap: trap_request=0xffffff45 fr.pc=0x00000219cbab21f8 relative=0x0000000000000638
Event: 11.209 Thread 0x00000219e8743ed0 Uncommon trap: reason=unstable_if action=reinterpret pc=0x00000219cbab21f8 method=java.io.File.getName()Ljava/lang/String; @ 16 c2
Event: 11.209 Thread 0x00000219e8743ed0 DEOPT PACKING pc=0x00000219cbab21f8 sp=0x0000009d170faf70
Event: 11.209 Thread 0x00000219e8743ed0 DEOPT UNPACKING pc=0x00000219cb4d23a3 sp=0x0000009d170faf40 mode 2
Event: 11.330 Thread 0x00000219e8743ed0 Uncommon trap: trap_request=0xffffff45 fr.pc=0x00000219cbb09780 relative=0x00000000000000e0
Event: 11.330 Thread 0x00000219e8743ed0 Uncommon trap: reason=unstable_if action=reinterpret pc=0x00000219cbb09780 method=java.util.HashMap.hash(Ljava/lang/Object;)I @ 1 c2
Event: 11.330 Thread 0x00000219e8743ed0 DEOPT PACKING pc=0x00000219cbb09780 sp=0x0000009d170fbf90
Event: 11.330 Thread 0x00000219e8743ed0 DEOPT UNPACKING pc=0x00000219cb4d23a3 sp=0x0000009d170fbed0 mode 2
Event: 12.622 Thread 0x00000219e8743ed0 Uncommon trap: trap_request=0xffffff45 fr.pc=0x00000219cbb4ad1c relative=0x00000000000003dc
Event: 12.623 Thread 0x00000219e8743ed0 Uncommon trap: reason=unstable_if action=reinterpret pc=0x00000219cbb4ad1c method=java.util.HashMap.getNode(Ljava/lang/Object;)Ljava/util/HashMap$Node; @ 131 c2
Event: 12.623 Thread 0x00000219e8743ed0 DEOPT PACKING pc=0x00000219cbb4ad1c sp=0x0000009d170fabf0
Event: 12.623 Thread 0x00000219e8743ed0 DEOPT UNPACKING pc=0x00000219cb4d23a3 sp=0x0000009d170fab10 mode 2

Classes unloaded (0 events):
No events

Classes redefined (0 events):
No events

Internal exceptions (20 events):
Event: 11.031 Thread 0x00000219e8743ed0 Exception <a 'java/lang/NoSuchMethodError'{0x00000000a33fb238}: 'java.lang.Object java.lang.invoke.DirectMethodHandle$Holder.newInvokeSpecial(java.lang.Object, java.lang.Object, int)'> (0x00000000a33fb238) 
thrown [s\open\src\hotspot\share\interpreter\linkResolver.cpp, line 759]
Event: 11.228 Thread 0x00000219e8743ed0 Exception <a 'java/lang/NoSuchMethodError'{0x00000000a2ffcc28}: 'void java.lang.invoke.DirectMethodHandle$Holder.invokeStatic(java.lang.Object, java.lang.Object, java.lang.Object, java.lang.Object)'> (0x00000000a2ffcc28) 
thrown [s\open\src\hotspot\share\interpreter\linkResolver.cpp, line 759]
Event: 11.229 Thread 0x00000219e8743ed0 Exception <a 'java/lang/NoSuchMethodError'{0x00000000a2e015f8}: 'void java.lang.invoke.DirectMethodHandle$Holder.invokeStaticInit(java.lang.Object, java.lang.Object, java.lang.Object, java.lang.Object)'> (0x00000000a2e015f8) 
thrown [s\open\src\hotspot\share\interpreter\linkResolver.cpp, line 759]
Event: 11.246 Thread 0x00000219e8743ed0 Exception <a 'java/lang/NoSuchMethodError'{0x00000000a2e605f0}: 'java.lang.Object java.lang.invoke.DirectMethodHandle$Holder.invokeInterface(java.lang.Object, java.lang.Object, java.lang.Object)'> (0x00000000a2e605f0) 
thrown [s\open\src\hotspot\share\interpreter\linkResolver.cpp, line 759]
Event: 11.282 Thread 0x00000219e8743ed0 Exception <a 'java/lang/NoSuchMethodError'{0x00000000a2d479b8}: 'int java.lang.invoke.DirectMethodHandle$Holder.invokeSpecialIFC(java.lang.Object, java.lang.Object, java.lang.Object, java.lang.Object)'> (0x00000000a2d479b8) 
thrown [s\open\src\hotspot\share\interpreter\linkResolver.cpp, line 759]
Event: 11.285 Thread 0x00000219e8743ed0 Exception <a 'java/lang/IncompatibleClassChangeError'{0x00000000a2d567d0}: Found class java.lang.Object, but interface was expected> (0x00000000a2d567d0) 
thrown [s\open\src\hotspot\share\interpreter\linkResolver.cpp, line 826]
Event: 11.330 Thread 0x00000219e8743ed0 Implicit null exception at 0x00000219cbb096e0 to 0x00000219cbb09776
Event: 11.366 Thread 0x00000219e8743ed0 Exception <a 'java/lang/NoSuchMethodError'{0x00000000a2b63218}: 'int java.lang.invoke.DirectMethodHandle$Holder.invokeStatic(java.lang.Object, java.lang.Object, java.lang.Object, java.lang.Object)'> (0x00000000a2b63218) 
thrown [s\open\src\hotspot\share\interpreter\linkResolver.cpp, line 759]
Event: 11.367 Thread 0x00000219e8743ed0 Exception <a 'java/lang/NoSuchMethodError'{0x00000000a2b670e8}: 'java.lang.Object java.lang.invoke.Invokers$Holder.invokeExact_MT(java.lang.Object, java.lang.Object, java.lang.Object, java.lang.Object, java.lang.Object, java.lang.Object)'> (0x00000000a2b670e8) 
thrown [s\open\src\hotspot\share\interpreter\linkResolver.cpp, line 759]
Event: 11.548 Thread 0x00000219e8743ed0 Exception <a 'java/lang/IncompatibleClassChangeError'{0x00000000a276cc10}: Found class java.lang.Object, but interface was expected> (0x00000000a276cc10) 
thrown [s\open\src\hotspot\share\interpreter\linkResolver.cpp, line 826]
Event: 11.659 Thread 0x00000219e87443e0 Exception <a 'java/lang/NoSuchMethodError'{0x00000000a7d133c0}: static Lorg/gradle/internal/build/event/types/DefaultOperationStartedProgressEvent;.<clinit>()V> (0x00000000a7d133c0) 
thrown [s\open\src\hotspot\share\prims\jni.cpp, line 1112]
Event: 11.660 Thread 0x00000219e87443e0 Exception <a 'java/lang/NoSuchMethodError'{0x00000000a7d14948}: static Lorg/gradle/internal/build/event/types/AbstractProgressEvent;.<clinit>()V> (0x00000000a7d14948) 
thrown [s\open\src\hotspot\share\prims\jni.cpp, line 1112]
Event: 11.662 Thread 0x00000219e87443e0 Exception <a 'java/lang/NoSuchMethodError'{0x00000000a7d1d660}: static Lorg/gradle/internal/build/event/types/DefaultOperationDescriptor;.<clinit>()V> (0x00000000a7d1d660) 
thrown [s\open\src\hotspot\share\prims\jni.cpp, line 1112]
Event: 11.667 Thread 0x00000219e87443e0 Exception <a 'java/lang/NoSuchMethodError'{0x00000000a7d32fc0}: static Lorg/gradle/internal/operations/OperationIdentifier;.<clinit>()V> (0x00000000a7d32fc0) 
thrown [s\open\src\hotspot\share\prims\jni.cpp, line 1112]
Event: 12.144 Thread 0x00000219e8743ed0 Exception <a 'java/lang/NoSuchMethodError'{0x00000000a57f7d68}: 'int java.lang.invoke.DirectMethodHandle$Holder.invokeStaticInit(java.lang.Object, java.lang.Object, java.lang.Object)'> (0x00000000a57f7d68) 
thrown [s\open\src\hotspot\share\interpreter\linkResolver.cpp, line 759]
Event: 12.456 Thread 0x00000219e8743ed0 Exception <a 'java/lang/NoSuchMethodError'{0x00000000a3ac9d00}: 'void java.lang.invoke.DirectMethodHandle$Holder.invokeSpecial(java.lang.Object, java.lang.Object, java.lang.Object, java.lang.Object, java.lang.Object)'> (0x00000000a3ac9d00) 
thrown [s\open\src\hotspot\share\interpreter\linkResolver.cpp, line 759]
Event: 12.457 Thread 0x00000219e8743ed0 Exception <a 'java/lang/NoSuchMethodError'{0x00000000a3ad1660}: 'java.lang.Object java.lang.invoke.Invokers$Holder.invoker(java.lang.Object, java.lang.Object, java.lang.Object, java.lang.Object)'> (0x00000000a3ad1660) 
thrown [s\open\src\hotspot\share\interpreter\linkResolver.cpp, line 759]
Event: 12.571 Thread 0x00000219e8743ed0 Exception <a 'java/lang/NoSuchMethodError'{0x00000000a36acc08}: 'java.lang.Object java.lang.invoke.DirectMethodHandle$Holder.invokeVirtual(java.lang.Object, java.lang.Object, java.lang.Object, java.lang.Object)'> (0x00000000a36acc08) 
thrown [s\open\src\hotspot\share\interpreter\linkResolver.cpp, line 759]
Event: 12.639 Thread 0x00000219e8743ed0 Exception <a 'java/lang/NoSuchMethodError'{0x00000000a3482328}: 'java.lang.Object java.lang.invoke.DirectMethodHandle$Holder.newInvokeSpecial(java.lang.Object, java.lang.Object, java.lang.Object, java.lang.Object, java.lang.Object, java.lang.Object, java.lang.Object)'> (0x00000000a3482328) 
thrown [s\open\src\hotspot\share\interpreter\linkResolver.cpp, line 759]
Event: 12.640 Thread 0x00000219e8743ed0 Exception <a 'java/lang/NoSuchMethodError'{0x00000000a3486ff8}: 'java.lang.Object java.lang.invoke.Invokers$Holder.linkToTargetMethod(java.lang.Object, java.lang.Object, java.lang.Object, java.lang.Object, java.lang.Object, java.lang.Object, java.lang.Object)'> (0x00000000a3486ff8) 
thrown [s\open\src\hotspot\share\interpreter\linkResolver.cpp, line 759]

VM Operations (20 events):
Event: 9.183 Executing VM operation: HandshakeAllThreads
Event: 9.183 Executing VM operation: HandshakeAllThreads done
Event: 9.477 Executing VM operation: HandshakeAllThreads
Event: 9.477 Executing VM operation: HandshakeAllThreads done
Event: 10.400 Executing VM operation: CollectForMetadataAllocation
Event: 10.412 Executing VM operation: CollectForMetadataAllocation done
Event: 10.426 Executing VM operation: G1Concurrent
Event: 10.429 Executing VM operation: G1Concurrent done
Event: 10.433 Executing VM operation: G1Concurrent
Event: 10.440 Executing VM operation: G1Concurrent done
Event: 11.441 Executing VM operation: Cleanup
Event: 11.442 Executing VM operation: Cleanup done
Event: 11.504 Executing VM operation: HandshakeAllThreads
Event: 11.504 Executing VM operation: HandshakeAllThreads done
Event: 11.504 Executing VM operation: HandshakeAllThreads
Event: 11.504 Executing VM operation: HandshakeAllThreads done
Event: 11.917 Executing VM operation: G1CollectForAllocation
Event: 11.928 Executing VM operation: G1CollectForAllocation done
Event: 12.928 Executing VM operation: Cleanup
Event: 12.928 Executing VM operation: Cleanup done

Events (20 events):
Event: 11.915 loading class java/security/KeyException done
Event: 11.915 loading class java/security/InvalidKeyException done
Event: 12.070 loading class java/util/regex/Pattern$Dollar
Event: 12.071 loading class java/util/regex/Pattern$Dollar done
Event: 12.481 Thread 0x00000219e2c6e7a0 Thread exited: 0x00000219e2c6e7a0
Event: 12.520 loading class javax/xml/parsers/ParserConfigurationException
Event: 12.521 loading class javax/xml/parsers/ParserConfigurationException done
Event: 12.521 loading class org/xml/sax/SAXException
Event: 12.522 loading class org/xml/sax/SAXException done
Event: 12.522 loading class javax/xml/xpath/XPathExpressionException
Event: 12.522 loading class javax/xml/xpath/XPathException
Event: 12.523 loading class javax/xml/xpath/XPathException done
Event: 12.523 loading class javax/xml/xpath/XPathExpressionException done
Event: 12.524 loading class org/xml/sax/ErrorHandler
Event: 12.524 loading class org/xml/sax/ErrorHandler done
Event: 12.535 loading class java/nio/file/AtomicMoveNotSupportedException
Event: 12.536 loading class java/nio/file/AtomicMoveNotSupportedException done
Event: 12.685 loading class java/lang/ThreadLocal$SuppliedThreadLocal
Event: 12.685 loading class java/lang/ThreadLocal$SuppliedThreadLocal done
Event: 12.824 Thread 0x00000219ebd8d220 Thread added: 0x00000219ebd8d220


Dynamic libraries:
0x00007ff6ab130000 - 0x00007ff6ab140000 	C:\Program Files\Java\jdk-17\bin\java.exe
0x00007ff93b900000 - 0x00007ff93bb67000 	C:\WINDOWS\SYSTEM32\ntdll.dll
0x00007ff93b140000 - 0x00007ff93b209000 	C:\WINDOWS\System32\KERNEL32.DLL
0x00007ff939200000 - 0x00007ff9395f4000 	C:\WINDOWS\System32\KERNELBASE.dll
0x00007ff938ca0000 - 0x00007ff938deb000 	C:\WINDOWS\System32\ucrtbase.dll
0x00007ff904880000 - 0x00007ff904899000 	C:\Program Files\Java\jdk-17\bin\jli.dll
0x00007ff904860000 - 0x00007ff90487b000 	C:\Program Files\Java\jdk-17\bin\VCRUNTIME140.dll
0x00007ff93b520000 - 0x00007ff93b5d6000 	C:\WINDOWS\System32\ADVAPI32.dll
0x00007ff93b6d0000 - 0x00007ff93b779000 	C:\WINDOWS\System32\msvcrt.dll
0x00007ff93b090000 - 0x00007ff93b137000 	C:\WINDOWS\System32\sechost.dll
0x00007ff93b7a0000 - 0x00007ff93b8b8000 	C:\WINDOWS\System32\RPCRT4.dll
0x00007ff93b210000 - 0x00007ff93b3d5000 	C:\WINDOWS\System32\USER32.dll
0x00007ff938280000 - 0x00007ff9382a7000 	C:\WINDOWS\System32\win32u.dll
0x00007ff91d7d0000 - 0x00007ff91da63000 	C:\WINDOWS\WinSxS\amd64_microsoft.windows.common-controls_6595b64144ccf1df_6.0.26100.8115_none_3e075c82e3354f9c\COMCTL32.dll
0x00007ff939970000 - 0x00007ff93999b000 	C:\WINDOWS\System32\GDI32.dll
0x00007ff938df0000 - 0x00007ff938f1b000 	C:\WINDOWS\System32\gdi32full.dll
0x00007ff9381d0000 - 0x00007ff938273000 	C:\WINDOWS\System32\msvcp_win.dll
0x00007ff9262a0000 - 0x00007ff9262ab000 	C:\WINDOWS\SYSTEM32\VERSION.dll
0x00007ff93a540000 - 0x00007ff93a572000 	C:\WINDOWS\System32\IMM32.DLL
0x00007ff8eb430000 - 0x00007ff8eb43c000 	C:\Program Files\Java\jdk-17\bin\vcruntime140_1.dll
0x00007ff8dc6c0000 - 0x00007ff8dc74e000 	C:\Program Files\Java\jdk-17\bin\msvcp140.dll
0x00007ff8ad180000 - 0x00007ff8add60000 	C:\Program Files\Java\jdk-17\bin\server\jvm.dll
0x00007ff93b080000 - 0x00007ff93b088000 	C:\WINDOWS\System32\PSAPI.DLL
0x00007ff924f30000 - 0x00007ff924f66000 	C:\WINDOWS\SYSTEM32\WINMM.dll
0x00007ff8d3b50000 - 0x00007ff8d3b5a000 	C:\WINDOWS\SYSTEM32\WSOCK32.dll
0x00007ff9398e0000 - 0x00007ff939960000 	C:\WINDOWS\System32\WS2_32.dll
0x00007ff936f20000 - 0x00007ff936f3b000 	C:\WINDOWS\SYSTEM32\kernel.appcore.dll
0x00007ff8eb420000 - 0x00007ff8eb42a000 	C:\Program Files\Java\jdk-17\bin\jimage.dll
0x00007ff936140000 - 0x00007ff936382000 	C:\WINDOWS\SYSTEM32\DBGHELP.DLL
0x00007ff93aa10000 - 0x00007ff93ad92000 	C:\WINDOWS\System32\combase.dll
0x00007ff93b5f0000 - 0x00007ff93b6c8000 	C:\WINDOWS\System32\OLEAUT32.dll
0x00007ff916650000 - 0x00007ff91668b000 	C:\WINDOWS\SYSTEM32\dbgcore.DLL
0x00007ff939150000 - 0x00007ff9391f5000 	C:\WINDOWS\System32\bcryptPrimitives.dll
0x00007ff8eb410000 - 0x00007ff8eb41e000 	C:\Program Files\Java\jdk-17\bin\instrument.dll
0x00007ff8e76a0000 - 0x00007ff8e76c5000 	C:\Program Files\Java\jdk-17\bin\java.dll
0x00007ff8dc5e0000 - 0x00007ff8dc6b7000 	C:\Program Files\Java\jdk-17\bin\jsvml.dll
0x00007ff939bf0000 - 0x00007ff93a357000 	C:\WINDOWS\System32\SHELL32.dll
0x00007ff938fe0000 - 0x00007ff93914a000 	C:\WINDOWS\System32\wintypes.dll
0x00007ff9382b0000 - 0x00007ff938b18000 	C:\WINDOWS\System32\windows.storage.dll
0x00007ff9397d0000 - 0x00007ff9398c8000 	C:\WINDOWS\System32\SHCORE.dll
0x00007ff93b3e0000 - 0x00007ff93b446000 	C:\WINDOWS\System32\shlwapi.dll
0x00007ff9380f0000 - 0x00007ff938119000 	C:\WINDOWS\SYSTEM32\profapi.dll
0x00007ff8e68a0000 - 0x00007ff8e68b8000 	C:\Program Files\Java\jdk-17\bin\zip.dll
0x00007ff8e1c10000 - 0x00007ff8e1c29000 	C:\Program Files\Java\jdk-17\bin\net.dll
0x00007ff92cee0000 - 0x00007ff92d00d000 	C:\WINDOWS\SYSTEM32\WINHTTP.dll
0x00007ff937470000 - 0x00007ff9374dc000 	C:\WINDOWS\system32\mswsock.dll
0x00007ff8e0810000 - 0x00007ff8e0826000 	C:\Program Files\Java\jdk-17\bin\nio.dll
0x00007ff8e7690000 - 0x00007ff8e76a0000 	C:\Program Files\Java\jdk-17\bin\verify.dll
0x00007ff9048e0000 - 0x00007ff904907000 	C:\Users\Admin\.gradle\native\1def1411415f61bf3af743bc5b6707747c0891f09f0c88961ee8f79bc544acac\windows-amd64\native-platform.dll
0x00007ff8dbd70000 - 0x00007ff8dbde8000 	C:\Users\Admin\.gradle\native\0.2.7\x86_64-windows-gnu\gradle-fileevents.dll
0x00007ff8e1c70000 - 0x00007ff8e1c7a000 	C:\Program Files\Java\jdk-17\bin\management.dll
0x00007ff8e1c00000 - 0x00007ff8e1c0b000 	C:\Program Files\Java\jdk-17\bin\management_ext.dll
0x00007ff936900000 - 0x00007ff936932000 	C:\WINDOWS\SYSTEM32\IPHLPAPI.DLL
0x00007ff93b5e0000 - 0x00007ff93b5ea000 	C:\WINDOWS\System32\NSI.dll
0x00007ff92d210000 - 0x00007ff92d22d000 	C:\WINDOWS\SYSTEM32\dhcpcsvc6.DLL
0x00007ff92c5b0000 - 0x00007ff92c5d5000 	C:\WINDOWS\SYSTEM32\dhcpcsvc.DLL
0x00007ff936990000 - 0x00007ff936ac2000 	C:\WINDOWS\SYSTEM32\DNSAPI.dll
0x00007ff937870000 - 0x00007ff93788b000 	C:\WINDOWS\SYSTEM32\CRYPTSP.dll
0x00007ff936e80000 - 0x00007ff936eb9000 	C:\WINDOWS\system32\rsaenh.dll
0x00007ff937520000 - 0x00007ff937553000 	C:\WINDOWS\SYSTEM32\USERENV.dll
0x00007ff9380c0000 - 0x00007ff9380ea000 	C:\WINDOWS\SYSTEM32\bcrypt.dll
0x00007ff9376d0000 - 0x00007ff9376dc000 	C:\WINDOWS\SYSTEM32\CRYPTBASE.dll
0x00007ff8e1970000 - 0x00007ff8e197e000 	C:\Program Files\Java\jdk-17\bin\sunmscapi.dll
0x00007ff938b20000 - 0x00007ff938c97000 	C:\WINDOWS\System32\CRYPT32.dll
0x00007ff9379d0000 - 0x00007ff937a00000 	C:\WINDOWS\SYSTEM32\ncrypt.dll
0x00007ff937980000 - 0x00007ff9379bf000 	C:\WINDOWS\SYSTEM32\NTASN1.dll
0x00007ff8d0970000 - 0x00007ff8d0978000 	C:\WINDOWS\system32\wshunix.dll

dbghelp: loaded successfully - version: 4.0.5 - missing functions: none
symbol engine: initialized successfully - sym options: 0x614 - pdb path: .;C:\Program Files\Java\jdk-17\bin;C:\WINDOWS\SYSTEM32;C:\WINDOWS\WinSxS\amd64_microsoft.windows.common-controls_6595b64144ccf1df_6.0.26100.8115_none_3e075c82e3354f9c;C:\Program Files\Java\jdk-17\bin\server;C:\Users\Admin\.gradle\native\1def1411415f61bf3af743bc5b6707747c0891f09f0c88961ee8f79bc544acac\windows-amd64;C:\Users\Admin\.gradle\native\0.2.7\x86_64-windows-gnu

VM Arguments:
jvm_args: --add-opens=java.base/java.lang=ALL-UNNAMED --add-opens=java.base/java.lang.invoke=ALL-UNNAMED --add-opens=java.base/java.util=ALL-UNNAMED --add-opens=java.prefs/java.util.prefs=ALL-UNNAMED --add-exports=jdk.compiler/com.sun.tools.javac.api=ALL-UNNAMED --add-exports=jdk.compiler/com.sun.tools.javac.util=ALL-UNNAMED --add-opens=java.base/java.util=ALL-UNNAMED --add-opens=java.prefs/java.util.prefs=ALL-UNNAMED --add-opens=java.base/java.nio.charset=ALL-UNNAMED --add-opens=java.base/java.net=ALL-UNNAMED --add-opens=java.base/java.util.concurrent.atomic=ALL-UNNAMED --add-opens=java.xml/javax.xml.namespace=ALL-UNNAMED -XX:MaxMetaspaceSize=4G -XX:ReservedCodeCacheSize=512m -XX:+HeapDumpOnOutOfMemoryError -Xmx1536m -Dfile.encoding=UTF-8 -Duser.country=US -Duser.language=en -Duser.variant -javaagent:C:\Users\Admin\.gradle\wrapper\dists\gradle-8.14-all\c2qonpi39x1mddn7hk5gh9iqj\gradle-8.14\lib\agents\gradle-instrumentation-agent-8.14.jar 
java_command: org.gradle.launcher.daemon.bootstrap.GradleDaemon 8.14
java_class_path (initial): C:\Users\Admin\.gradle\wrapper\dists\gradle-8.14-all\c2qonpi39x1mddn7hk5gh9iqj\gradle-8.14\lib\gradle-daemon-main-8.14.jar
Launcher Type: SUN_STANDARD

[Global flags]
     intx CICompilerCount                          = 4                                         {product} {ergonomic}
     uint ConcGCThreads                            = 2                                         {product} {ergonomic}
     uint G1ConcRefinementThreads                  = 8                                         {product} {ergonomic}
   size_t G1HeapRegionSize                         = 1048576                                   {product} {ergonomic}
    uintx GCDrainStackTargetSize                   = 64                                        {product} {ergonomic}
     bool HeapDumpOnOutOfMemoryError               = true                                   {manageable} {command line}
   size_t InitialHeapSize                          = 132120576                                 {product} {ergonomic}
   size_t MarkStackSize                            = 4194304                                   {product} {ergonomic}
   size_t MaxHeapSize                              = 1610612736                                {product} {command line}
   size_t MaxMetaspaceSize                         = 4294967296                                {product} {command line}
   size_t MaxNewSize                               = 965738496                                 {product} {ergonomic}
   size_t MinHeapDeltaBytes                        = 1048576                                   {product} {ergonomic}
   size_t MinHeapSize                              = 8388608                                   {product} {ergonomic}
    uintx NonNMethodCodeHeapSize                   = 5839372                                {pd product} {ergonomic}
    uintx NonProfiledCodeHeapSize                  = 265515770                              {pd product} {ergonomic}
    uintx ProfiledCodeHeapSize                     = 265515770                              {pd product} {ergonomic}
    uintx ReservedCodeCacheSize                    = 536870912                              {pd product} {command line}
     bool SegmentedCodeCache                       = true                                      {product} {ergonomic}
   size_t SoftMaxHeapSize                          = 1610612736                             {manageable} {ergonomic}
   double SweeperThreshold                         = 0.234375                                  {product} {ergonomic}
     bool UseCompressedClassPointers               = true                           {product lp64_product} {ergonomic}
     bool UseCompressedOops                        = true                           {product lp64_product} {ergonomic}
     bool UseG1GC                                  = true                                      {product} {ergonomic}
     bool UseLargePagesIndividualAllocation        = false                                  {pd product} {ergonomic}

Logging:
Log output configuration:
 #0: stdout all=warning uptime,level,tags
 #1: stderr all=off uptime,level,tags

Environment Variables:
JAVA_HOME=C:\Program Files\Java\jdk-17
PATH=C:\Users\Admin\AppData\Local\Programs\Microsoft VS Code;C:\Program Files\Common Files\Oracle\Java\javapath;C:\WINDOWS\system32;C:\WINDOWS;C:\WINDOWS\System32\Wbem;C:\WINDOWS\System32\WindowsPowerShell\v1.0\;C:\WINDOWS\System32\OpenSSH\;C:\ProgramData\chocolatey\bin;C:\Program Files (x86)\Intel\Intel(R) Management Engine Components\DAL;C:\Program Files\Intel\Intel(R) Management Engine Components\DAL;C:\Program Files\Git\cmd;C:\Program Files\nodejs\;C:\ffmpeg\bin;C:\Program Files\PostgreSQL\17\bin;C:\Program Files\cursor\resources\app\bin;C:\Program Files\Docker\Docker\resources\bin;C:\Program Files\PowerShell\7\;C:\Program Files\Java\jdk-17\bin;D:\flutter\bin;C:\Users\Admin\AppData\Local\Programs\Microsoft VS Code\bin;C:\flutter\bin
USERNAME=Admin
OS=Windows_NT
PROCESSOR_IDENTIFIER=Intel64 Family 6 Model 142 Stepping 10, GenuineIntel



---------------  S Y S T E M  ---------------

OS:
 Windows 11 , 64 bit Build 26100 (10.0.26100.8246)
OS uptime: 0 days 12:41 hours
Hyper-V role detected

CPU: total 8 (initial active 8) (4 cores per cpu, 2 threads per core) family 6 model 142 stepping 10 microcode 0xf6, cx8, cmov, fxsr, ht, mmx, 3dnowpref, sse, sse2, sse3, ssse3, sse4.1, sse4.2, popcnt, lzcnt, tsc, tscinvbit, avx, avx2, aes, erms, clmul, bmi1, bmi2, rtm, adx, fma, vzeroupper, clflush, clflushopt, hv

Memory: 4k page, system-wide physical 8035M (812M free)
TotalPageFile size 16227M (AvailPageFile size 4M)
current process WorkingSet (physical memory assigned to process): 205M, peak: 210M
current process commit charge ("private bytes"): 255M, peak: 260M

vm_info: Java HotSpot(TM) 64-Bit Server VM (17.0.12+8-LTS-286) for windows-amd64 JRE (17.0.12+8-LTS-286), built on Jun  5 2024 06:46:59 by "mach5one" with MS VC++ 17.6 (VS2022)

END.
