#
# There is insufficient memory for the Java Runtime Environment to continue.
# Native memory allocation (malloc) failed to allocate 1655120 bytes for Chunk::new
# Possible reasons:
#   The system is out of physical RAM or swap space
#   The process is running with CompressedOops enabled, and the Java Heap may be blocking the growth of the native heap
# Possible solutions:
#   Reduce memory load on the system
#   Increase physical memory or swap space
#   Check if swap backing store is full
#   Decrease Java heap size (-Xmx/-Xms)
#   Decrease number of Java threads
#   Decrease Java thread stack sizes (-Xss)
#   Set larger code cache with -XX:ReservedCodeCacheSize=
#   JVM is running with Unscaled Compressed Oops mode in which the Java heap is
#     placed in the first 4GB address space. The Java Heap base address is the
#     maximum limit for the native heap growth. Please use -XX:HeapBaseMinAddress
#     to set the Java Heap base and to place the Java Heap above 4GB virtual address.
# This output file may be truncated or incomplete.
#
#  Out of Memory Error (arena.cpp:189), pid=7048, tid=10524
#
# JRE version: Java(TM) SE Runtime Environment (17.0.12+8) (build 17.0.12+8-LTS-286)
# Java VM: Java HotSpot(TM) 64-Bit Server VM (17.0.12+8-LTS-286, mixed mode, sharing, tiered, compressed oops, compressed class ptrs, g1 gc, windows-amd64)
# No core dump will be written. Minidumps are not enabled by default on client versions of Windows
#

---------------  S U M M A R Y ------------

Command Line: --add-opens=java.base/java.lang=ALL-UNNAMED --add-opens=java.base/java.lang.invoke=ALL-UNNAMED --add-opens=java.base/java.util=ALL-UNNAMED --add-opens=java.prefs/java.util.prefs=ALL-UNNAMED --add-exports=jdk.compiler/com.sun.tools.javac.api=ALL-UNNAMED --add-exports=jdk.compiler/com.sun.tools.javac.util=ALL-UNNAMED --add-opens=java.base/java.util=ALL-UNNAMED --add-opens=java.prefs/java.util.prefs=ALL-UNNAMED --add-opens=java.base/java.nio.charset=ALL-UNNAMED --add-opens=java.base/java.net=ALL-UNNAMED --add-opens=java.base/java.util.concurrent.atomic=ALL-UNNAMED --add-opens=java.xml/javax.xml.namespace=ALL-UNNAMED -XX:MaxMetaspaceSize=4G -XX:ReservedCodeCacheSize=512m -XX:+HeapDumpOnOutOfMemoryError -Xmx1536m -Dfile.encoding=UTF-8 -Duser.country=US -Duser.language=en -Duser.variant -javaagent:C:\Users\Admin\.gradle\wrapper\dists\gradle-8.14-all\c2qonpi39x1mddn7hk5gh9iqj\gradle-8.14\lib\agents\gradle-instrumentation-agent-8.14.jar org.gradle.launcher.daemon.bootstrap.GradleDaemon 8.14

Host: Intel(R) Core(TM) i5-8350U CPU @ 1.70GHz, 8 cores, 7G,  Windows 11 , 64 bit Build 26100 (10.0.26100.8246)
Time: Thu Apr 16 12:23:11 2026 Pakistan Standard Time elapsed time: 4.498276 seconds (0d 0h 0m 4s)

---------------  T H R E A D  ---------------

Current thread (0x0000016aac36e260):  JavaThread "C2 CompilerThread1" daemon [_thread_in_native, id=10524, stack(0x00000050cc500000,0x00000050cc600000)]


Current CompileTask:
C2:   4498 2491   !   4       java.net.URLClassLoader::findClass (47 bytes)

Stack: [0x00000050cc500000,0x00000050cc600000]
Native frames: (J=compiled Java code, j=interpreted, Vv=VM code, C=native code)
V  [jvm.dll+0x67a04a]
V  [jvm.dll+0x7da4ed]
V  [jvm.dll+0x7dbe33]
V  [jvm.dll+0x7dc4a3]
V  [jvm.dll+0x24508f]
V  [jvm.dll+0xab773]
V  [jvm.dll+0xabd3c]
V  [jvm.dll+0x361bee]
V  [jvm.dll+0x1ba64a]
V  [jvm.dll+0x216997]
V  [jvm.dll+0x215c6f]
V  [jvm.dll+0x1a2960]
V  [jvm.dll+0x22610b]
V  [jvm.dll+0x2242ab]
V  [jvm.dll+0x79075c]
V  [jvm.dll+0x78abea]
V  [jvm.dll+0x678f35]
C  [ucrtbase.dll+0x37b0]
C  [KERNEL32.DLL+0x2e8d7]
C  [ntdll.dll+0x8c3fc]


---------------  P R O C E S S  ---------------

Threads class SMR info:
_java_thread_list=0x0000016ab0caeb50, length=29, elements={
0x0000016a36811ec0, 0x0000016a6660bdd0, 0x0000016a6660c8a0, 0x0000016a66624d70,
0x0000016a66625640, 0x0000016a66625f10, 0x0000016a66626f80, 0x0000016a66629330,
0x0000016a666344c0, 0x0000016a66655580, 0x0000016a665fc8e0, 0x0000016a669938c0,
0x0000016aadd73010, 0x0000016aac325b70, 0x0000016aadb7e440, 0x0000016aadb8b910,
0x0000016aac401c40, 0x0000016aac9250e0, 0x0000016aac926010, 0x0000016aac925b00,
0x0000016aac9255f0, 0x0000016aac923ca0, 0x0000016aac36e260, 0x0000016aac9246c0,
0x0000016aac926a30, 0x0000016aac924bd0, 0x0000016aaf6cccd0, 0x0000016ab0a771a0,
0x0000016ab0a76c90
}

Java Threads: ( => current thread )
  0x0000016a36811ec0 JavaThread "main" [_thread_blocked, id=11852, stack(0x00000050ca300000,0x00000050ca400000)]
  0x0000016a6660bdd0 JavaThread "Reference Handler" daemon [_thread_blocked, id=2164, stack(0x00000050caa00000,0x00000050cab00000)]
  0x0000016a6660c8a0 JavaThread "Finalizer" daemon [_thread_blocked, id=7064, stack(0x00000050cab00000,0x00000050cac00000)]
  0x0000016a66624d70 JavaThread "Signal Dispatcher" daemon [_thread_blocked, id=7004, stack(0x00000050cac00000,0x00000050cad00000)]
  0x0000016a66625640 JavaThread "Attach Listener" daemon [_thread_blocked, id=10068, stack(0x00000050cad00000,0x00000050cae00000)]
  0x0000016a66625f10 JavaThread "Service Thread" daemon [_thread_blocked, id=13888, stack(0x00000050cae00000,0x00000050caf00000)]
  0x0000016a66626f80 JavaThread "Monitor Deflation Thread" daemon [_thread_blocked, id=12868, stack(0x00000050caf00000,0x00000050cb000000)]
  0x0000016a66629330 JavaThread "C2 CompilerThread0" daemon [_thread_in_native, id=7268, stack(0x00000050cb000000,0x00000050cb100000)]
  0x0000016a666344c0 JavaThread "C1 CompilerThread0" daemon [_thread_blocked, id=4640, stack(0x00000050cb100000,0x00000050cb200000)]
  0x0000016a66655580 JavaThread "Sweeper thread" daemon [_thread_blocked, id=3688, stack(0x00000050cb200000,0x00000050cb300000)]
  0x0000016a665fc8e0 JavaThread "Common-Cleaner" daemon [_thread_blocked, id=12532, stack(0x00000050cb300000,0x00000050cb400000)]
  0x0000016a669938c0 JavaThread "Notification Thread" daemon [_thread_blocked, id=7956, stack(0x00000050cb500000,0x00000050cb600000)]
  0x0000016aadd73010 JavaThread "Daemon health stats" [_thread_blocked, id=6364, stack(0x00000050cbd00000,0x00000050cbe00000)]
  0x0000016aac325b70 JavaThread "Incoming local TCP Connector on port 59435" [_thread_in_native, id=3496, stack(0x00000050cb400000,0x00000050cb500000)]
  0x0000016aadb7e440 JavaThread "Daemon periodic checks" [_thread_blocked, id=12456, stack(0x00000050cb700000,0x00000050cb800000)]
  0x0000016aadb8b910 JavaThread "Daemon" [_thread_blocked, id=7104, stack(0x00000050cbe00000,0x00000050cbf00000)]
  0x0000016aac401c40 JavaThread "Handler for socket connection from /127.0.0.1:59435 to /127.0.0.1:59436" [_thread_in_native, id=8356, stack(0x00000050cbf00000,0x00000050cc000000)]
  0x0000016aac9250e0 JavaThread "Cancel handler" [_thread_blocked, id=6512, stack(0x00000050cc000000,0x00000050cc100000)]
  0x0000016aac926010 JavaThread "Daemon worker" [_thread_in_Java, id=9160, stack(0x00000050cc100000,0x00000050cc200000)]
  0x0000016aac925b00 JavaThread "Asynchronous log dispatcher for DefaultDaemonConnection: socket connection from /127.0.0.1:59435 to /127.0.0.1:59436" [_thread_blocked, id=10532, stack(0x00000050cc200000,0x00000050cc300000)]
  0x0000016aac9255f0 JavaThread "Stdin handler" [_thread_blocked, id=14688, stack(0x00000050cc300000,0x00000050cc400000)]
  0x0000016aac923ca0 JavaThread "Daemon client event forwarder" [_thread_blocked, id=4136, stack(0x00000050cc400000,0x00000050cc500000)]
=>0x0000016aac36e260 JavaThread "C2 CompilerThread1" daemon [_thread_in_native, id=10524, stack(0x00000050cc500000,0x00000050cc600000)]
  0x0000016aac9246c0 JavaThread "Cache worker for journal cache (C:\Users\Admin\.gradle\caches\journal-1)" [_thread_blocked, id=10704, stack(0x00000050cc600000,0x00000050cc700000)]
  0x0000016aac926a30 JavaThread "File lock request listener" [_thread_in_native, id=10644, stack(0x00000050cc700000,0x00000050cc800000)]
  0x0000016aac924bd0 JavaThread "Cache worker for file hash cache (C:\Users\Admin\.gradle\caches\8.14\fileHashes)" [_thread_blocked, id=15140, stack(0x00000050cc800000,0x00000050cc900000)]
  0x0000016aaf6cccd0 JavaThread "C2 CompilerThread2" daemon [_thread_in_native, id=14140, stack(0x00000050ccb00000,0x00000050ccc00000)]
  0x0000016ab0a771a0 JavaThread "Cache worker for file hash cache (D:\MODELS\Combine\FYP_FLUTTER\android\.gradle\8.14\fileHashes)" [_thread_blocked, id=14224, stack(0x00000050ccc00000,0x00000050ccd00000)]
  0x0000016ab0a76c90 JavaThread "Cache worker for Build Output Cleanup Cache (D:\MODELS\Combine\FYP_FLUTTER\android\.gradle\buildOutputCleanup)" [_thread_blocked, id=9632, stack(0x00000050ccd00000,0x00000050cce00000)]

Other Threads:
  0x0000016a66609c90 VMThread "VM Thread" [stack: 0x00000050ca900000,0x00000050caa00000] [id=8804]
  0x0000016a36876590 WatcherThread [stack: 0x00000050cb600000,0x00000050cb700000] [id=14012]
  0x0000016a3685f260 GCTaskThread "GC Thread#0" [stack: 0x00000050ca400000,0x00000050ca500000] [id=11000]
  0x0000016aac416890 GCTaskThread "GC Thread#1" [stack: 0x00000050cb800000,0x00000050cb900000] [id=8948]
  0x0000016aac416b50 GCTaskThread "GC Thread#2" [stack: 0x00000050cb900000,0x00000050cba00000] [id=13648]
  0x0000016aac6b4000 GCTaskThread "GC Thread#3" [stack: 0x00000050cba00000,0x00000050cbb00000] [id=2880]
  0x0000016aac6b42c0 GCTaskThread "GC Thread#4" [stack: 0x00000050cbb00000,0x00000050cbc00000] [id=1396]
  0x0000016aac6b3a80 GCTaskThread "GC Thread#5" [stack: 0x00000050cbc00000,0x00000050cbd00000] [id=10552]
  0x0000016aac6b3500 GCTaskThread "GC Thread#6" [stack: 0x00000050cc900000,0x00000050cca00000] [id=8108]
  0x0000016aac6b3240 GCTaskThread "GC Thread#7" [stack: 0x00000050cca00000,0x00000050ccb00000] [id=9856]
  0x0000016a3686c0c0 ConcurrentGCThread "G1 Main Marker" [stack: 0x00000050ca500000,0x00000050ca600000] [id=10836]
  0x0000016a3686d6b0 ConcurrentGCThread "G1 Conc#0" [stack: 0x00000050ca600000,0x00000050ca700000] [id=4092]
  0x0000016a368dc280 ConcurrentGCThread "G1 Refine#0" [stack: 0x00000050ca700000,0x00000050ca800000] [id=4028]
  0x0000016a368dea80 ConcurrentGCThread "G1 Service" [stack: 0x00000050ca800000,0x00000050ca900000] [id=8264]

Threads with active compile tasks:
C2 CompilerThread0     4545 2495       4       java.net.URLClassLoader$1::run (5 bytes)
C2 CompilerThread1     4545 2491   !   4       java.net.URLClassLoader::findClass (47 bytes)
C2 CompilerThread2     4545 2496   !   4       java.net.URLClassLoader$1::run (81 bytes)

VM state: not at safepoint (normal execution)

VM Mutex/Monitor currently owned by a thread: None

Heap address: 0x00000000a0000000, size: 1536 MB, Compressed Oops mode: 32-bit

CDS archive(s) mapped at: [0x0000016a67000000-0x0000016a67bd0000-0x0000016a67bd0000), size 12386304, SharedBaseAddress: 0x0000016a67000000, ArchiveRelocationMode: 1.
Compressed class space mapped at: 0x0000016a68000000-0x0000016aa8000000, reserved size: 1073741824
Narrow klass base: 0x0000016a67000000, Narrow klass shift: 0, Narrow klass range: 0x100000000

GC Precious Log:
 CPUs: 8 total, 8 available
 Memory: 8035M
 Large Page Support: Disabled
 NUMA Support: Disabled
 Compressed Oops: Enabled (32-bit)
 Heap Region Size: 1M
 Heap Min Capacity: 8M
 Heap Initial Capacity: 126M
 Heap Max Capacity: 1536M
 Pre-touch: Disabled
 Parallel Workers: 8
 Concurrent Workers: 2
 Concurrent Refinement Workers: 8
 Periodic GC: Disabled

Heap:
 garbage-first heap   total 129024K, used 51712K [0x00000000a0000000, 0x0000000100000000)
  region size 1024K, 40 young (40960K), 10 survivors (10240K)
 Metaspace       used 20731K, committed 21056K, reserved 1114112K
  class space    used 3030K, committed 3200K, reserved 1048576K

Heap Regions: E=young(eden), S=young(survivor), O=old, HS=humongous(starts), HC=humongous(continues), CS=collection set, F=free, OA=open archive, CA=closed archive, TAMS=top-at-mark-start (previous, next)
|   0|0x00000000a0000000, 0x00000000a0100000, 0x00000000a0100000|100%|HS|  |TAMS 0x00000000a0000000, 0x00000000a0000000| Complete 
|   1|0x00000000a0100000, 0x00000000a0200000, 0x00000000a0200000|100%|HC|  |TAMS 0x00000000a0100000, 0x00000000a0100000| Complete 
|   2|0x00000000a0200000, 0x00000000a0300000, 0x00000000a0300000|100%|HC|  |TAMS 0x00000000a0200000, 0x00000000a0200000| Complete 
|   3|0x00000000a0300000, 0x00000000a0400000, 0x00000000a0400000|100%| O|  |TAMS 0x00000000a0300000, 0x00000000a0300000| Untracked 
|   4|0x00000000a0400000, 0x00000000a0500000, 0x00000000a0500000|100%| O|  |TAMS 0x00000000a0400000, 0x00000000a0400000| Untracked 
|   5|0x00000000a0500000, 0x00000000a0600000, 0x00000000a0600000|100%| O|  |TAMS 0x00000000a0500000, 0x00000000a0500000| Untracked 
|   6|0x00000000a0600000, 0x00000000a0700000, 0x00000000a0700000|100%|HS|  |TAMS 0x00000000a0600000, 0x00000000a0600000| Complete 
|   7|0x00000000a0700000, 0x00000000a0700000, 0x00000000a0800000|  0%| F|  |TAMS 0x00000000a0700000, 0x00000000a0700000| Untracked 
|   8|0x00000000a0800000, 0x00000000a0900000, 0x00000000a0900000|100%| O|  |TAMS 0x00000000a0800000, 0x00000000a0800000| Untracked 
|   9|0x00000000a0900000, 0x00000000a0a00000, 0x00000000a0a00000|100%| O|  |TAMS 0x00000000a0900000, 0x00000000a0900000| Untracked 
|  10|0x00000000a0a00000, 0x00000000a0b00000, 0x00000000a0b00000|100%| O|  |TAMS 0x00000000a0a00000, 0x00000000a0a00000| Untracked 
|  11|0x00000000a0b00000, 0x00000000a0c00000, 0x00000000a0c00000|100%| O|  |TAMS 0x00000000a0b00000, 0x00000000a0b00000| Untracked 
|  12|0x00000000a0c00000, 0x00000000a0d00000, 0x00000000a0d00000|100%| O|  |TAMS 0x00000000a0c00000, 0x00000000a0c00000| Untracked 
|  13|0x00000000a0d00000, 0x00000000a0d00000, 0x00000000a0e00000|  0%| F|  |TAMS 0x00000000a0d00000, 0x00000000a0d00000| Untracked 
|  14|0x00000000a0e00000, 0x00000000a0e00000, 0x00000000a0f00000|  0%| F|  |TAMS 0x00000000a0e00000, 0x00000000a0e00000| Untracked 
|  15|0x00000000a0f00000, 0x00000000a0f00000, 0x00000000a1000000|  0%| F|  |TAMS 0x00000000a0f00000, 0x00000000a0f00000| Untracked 
|  16|0x00000000a1000000, 0x00000000a1000000, 0x00000000a1100000|  0%| F|  |TAMS 0x00000000a1000000, 0x00000000a1000000| Untracked 
|  17|0x00000000a1100000, 0x00000000a1100000, 0x00000000a1200000|  0%| F|  |TAMS 0x00000000a1100000, 0x00000000a1100000| Untracked 
|  18|0x00000000a1200000, 0x00000000a1200000, 0x00000000a1300000|  0%| F|  |TAMS 0x00000000a1200000, 0x00000000a1200000| Untracked 
|  19|0x00000000a1300000, 0x00000000a1300000, 0x00000000a1400000|  0%| F|  |TAMS 0x00000000a1300000, 0x00000000a1300000| Untracked 
|  20|0x00000000a1400000, 0x00000000a1400000, 0x00000000a1500000|  0%| F|  |TAMS 0x00000000a1400000, 0x00000000a1400000| Untracked 
|  21|0x00000000a1500000, 0x00000000a1500000, 0x00000000a1600000|  0%| F|  |TAMS 0x00000000a1500000, 0x00000000a1500000| Untracked 
|  22|0x00000000a1600000, 0x00000000a1600000, 0x00000000a1700000|  0%| F|  |TAMS 0x00000000a1600000, 0x00000000a1600000| Untracked 
|  23|0x00000000a1700000, 0x00000000a1700000, 0x00000000a1800000|  0%| F|  |TAMS 0x00000000a1700000, 0x00000000a1700000| Untracked 
|  24|0x00000000a1800000, 0x00000000a1800000, 0x00000000a1900000|  0%| F|  |TAMS 0x00000000a1800000, 0x00000000a1800000| Untracked 
|  25|0x00000000a1900000, 0x00000000a1900000, 0x00000000a1a00000|  0%| F|  |TAMS 0x00000000a1900000, 0x00000000a1900000| Untracked 
|  26|0x00000000a1a00000, 0x00000000a1a00000, 0x00000000a1b00000|  0%| F|  |TAMS 0x00000000a1a00000, 0x00000000a1a00000| Untracked 
|  27|0x00000000a1b00000, 0x00000000a1b00000, 0x00000000a1c00000|  0%| F|  |TAMS 0x00000000a1b00000, 0x00000000a1b00000| Untracked 
|  28|0x00000000a1c00000, 0x00000000a1c00000, 0x00000000a1d00000|  0%| F|  |TAMS 0x00000000a1c00000, 0x00000000a1c00000| Untracked 
|  29|0x00000000a1d00000, 0x00000000a1d00000, 0x00000000a1e00000|  0%| F|  |TAMS 0x00000000a1d00000, 0x00000000a1d00000| Untracked 
|  30|0x00000000a1e00000, 0x00000000a1e00000, 0x00000000a1f00000|  0%| F|  |TAMS 0x00000000a1e00000, 0x00000000a1e00000| Untracked 
|  31|0x00000000a1f00000, 0x00000000a1f00000, 0x00000000a2000000|  0%| F|  |TAMS 0x00000000a1f00000, 0x00000000a1f00000| Untracked 
|  32|0x00000000a2000000, 0x00000000a2000000, 0x00000000a2100000|  0%| F|  |TAMS 0x00000000a2000000, 0x00000000a2000000| Untracked 
|  33|0x00000000a2100000, 0x00000000a2100000, 0x00000000a2200000|  0%| F|  |TAMS 0x00000000a2100000, 0x00000000a2100000| Untracked 
|  34|0x00000000a2200000, 0x00000000a2200000, 0x00000000a2300000|  0%| F|  |TAMS 0x00000000a2200000, 0x00000000a2200000| Untracked 
|  35|0x00000000a2300000, 0x00000000a2300000, 0x00000000a2400000|  0%| F|  |TAMS 0x00000000a2300000, 0x00000000a2300000| Untracked 
|  36|0x00000000a2400000, 0x00000000a2400000, 0x00000000a2500000|  0%| F|  |TAMS 0x00000000a2400000, 0x00000000a2400000| Untracked 
|  37|0x00000000a2500000, 0x00000000a2500000, 0x00000000a2600000|  0%| F|  |TAMS 0x00000000a2500000, 0x00000000a2500000| Untracked 
|  38|0x00000000a2600000, 0x00000000a2600000, 0x00000000a2700000|  0%| F|  |TAMS 0x00000000a2600000, 0x00000000a2600000| Untracked 
|  39|0x00000000a2700000, 0x00000000a2700000, 0x00000000a2800000|  0%| F|  |TAMS 0x00000000a2700000, 0x00000000a2700000| Untracked 
|  40|0x00000000a2800000, 0x00000000a2800000, 0x00000000a2900000|  0%| F|  |TAMS 0x00000000a2800000, 0x00000000a2800000| Untracked 
|  41|0x00000000a2900000, 0x00000000a29801b0, 0x00000000a2a00000| 50%| S|CS|TAMS 0x00000000a2900000, 0x00000000a2900000| Complete 
|  42|0x00000000a2a00000, 0x00000000a2b00000, 0x00000000a2b00000|100%| S|CS|TAMS 0x00000000a2a00000, 0x00000000a2a00000| Complete 
|  43|0x00000000a2b00000, 0x00000000a2c00000, 0x00000000a2c00000|100%| S|CS|TAMS 0x00000000a2b00000, 0x00000000a2b00000| Complete 
|  44|0x00000000a2c00000, 0x00000000a2d00000, 0x00000000a2d00000|100%| S|CS|TAMS 0x00000000a2c00000, 0x00000000a2c00000| Complete 
|  45|0x00000000a2d00000, 0x00000000a2e00000, 0x00000000a2e00000|100%| S|CS|TAMS 0x00000000a2d00000, 0x00000000a2d00000| Complete 
|  46|0x00000000a2e00000, 0x00000000a2f00000, 0x00000000a2f00000|100%| S|CS|TAMS 0x00000000a2e00000, 0x00000000a2e00000| Complete 
|  47|0x00000000a2f00000, 0x00000000a3000000, 0x00000000a3000000|100%| S|CS|TAMS 0x00000000a2f00000, 0x00000000a2f00000| Complete 
|  48|0x00000000a3000000, 0x00000000a3100000, 0x00000000a3100000|100%| S|CS|TAMS 0x00000000a3000000, 0x00000000a3000000| Complete 
|  49|0x00000000a3100000, 0x00000000a3200000, 0x00000000a3200000|100%| S|CS|TAMS 0x00000000a3100000, 0x00000000a3100000| Complete 
|  50|0x00000000a3200000, 0x00000000a3300000, 0x00000000a3300000|100%| S|CS|TAMS 0x00000000a3200000, 0x00000000a3200000| Complete 
|  51|0x00000000a3300000, 0x00000000a3300000, 0x00000000a3400000|  0%| F|  |TAMS 0x00000000a3300000, 0x00000000a3300000| Untracked 
|  52|0x00000000a3400000, 0x00000000a3400000, 0x00000000a3500000|  0%| F|  |TAMS 0x00000000a3400000, 0x00000000a3400000| Untracked 
|  53|0x00000000a3500000, 0x00000000a3500000, 0x00000000a3600000|  0%| F|  |TAMS 0x00000000a3500000, 0x00000000a3500000| Untracked 
|  54|0x00000000a3600000, 0x00000000a3600000, 0x00000000a3700000|  0%| F|  |TAMS 0x00000000a3600000, 0x00000000a3600000| Untracked 
|  55|0x00000000a3700000, 0x00000000a3700000, 0x00000000a3800000|  0%| F|  |TAMS 0x00000000a3700000, 0x00000000a3700000| Untracked 
|  56|0x00000000a3800000, 0x00000000a3800000, 0x00000000a3900000|  0%| F|  |TAMS 0x00000000a3800000, 0x00000000a3800000| Untracked 
|  57|0x00000000a3900000, 0x00000000a3900000, 0x00000000a3a00000|  0%| F|  |TAMS 0x00000000a3900000, 0x00000000a3900000| Untracked 
|  58|0x00000000a3a00000, 0x00000000a3a00000, 0x00000000a3b00000|  0%| F|  |TAMS 0x00000000a3a00000, 0x00000000a3a00000| Untracked 
|  59|0x00000000a3b00000, 0x00000000a3b00000, 0x00000000a3c00000|  0%| F|  |TAMS 0x00000000a3b00000, 0x00000000a3b00000| Untracked 
|  60|0x00000000a3c00000, 0x00000000a3c00000, 0x00000000a3d00000|  0%| F|  |TAMS 0x00000000a3c00000, 0x00000000a3c00000| Untracked 
|  61|0x00000000a3d00000, 0x00000000a3d00000, 0x00000000a3e00000|  0%| F|  |TAMS 0x00000000a3d00000, 0x00000000a3d00000| Untracked 
|  62|0x00000000a3e00000, 0x00000000a3e00000, 0x00000000a3f00000|  0%| F|  |TAMS 0x00000000a3e00000, 0x00000000a3e00000| Untracked 
|  63|0x00000000a3f00000, 0x00000000a3f00000, 0x00000000a4000000|  0%| F|  |TAMS 0x00000000a3f00000, 0x00000000a3f00000| Untracked 
|  64|0x00000000a4000000, 0x00000000a4000000, 0x00000000a4100000|  0%| F|  |TAMS 0x00000000a4000000, 0x00000000a4000000| Untracked 
|  65|0x00000000a4100000, 0x00000000a4100000, 0x00000000a4200000|  0%| F|  |TAMS 0x00000000a4100000, 0x00000000a4100000| Untracked 
|  66|0x00000000a4200000, 0x00000000a4200000, 0x00000000a4300000|  0%| F|  |TAMS 0x00000000a4200000, 0x00000000a4200000| Untracked 
|  67|0x00000000a4300000, 0x00000000a4300000, 0x00000000a4400000|  0%| F|  |TAMS 0x00000000a4300000, 0x00000000a4300000| Untracked 
|  68|0x00000000a4400000, 0x00000000a4400000, 0x00000000a4500000|  0%| F|  |TAMS 0x00000000a4400000, 0x00000000a4400000| Untracked 
|  69|0x00000000a4500000, 0x00000000a4500000, 0x00000000a4600000|  0%| F|  |TAMS 0x00000000a4500000, 0x00000000a4500000| Untracked 
|  70|0x00000000a4600000, 0x00000000a4600000, 0x00000000a4700000|  0%| F|  |TAMS 0x00000000a4600000, 0x00000000a4600000| Untracked 
|  71|0x00000000a4700000, 0x00000000a4700000, 0x00000000a4800000|  0%| F|  |TAMS 0x00000000a4700000, 0x00000000a4700000| Untracked 
|  72|0x00000000a4800000, 0x00000000a4800000, 0x00000000a4900000|  0%| F|  |TAMS 0x00000000a4800000, 0x00000000a4800000| Untracked 
|  73|0x00000000a4900000, 0x00000000a4900000, 0x00000000a4a00000|  0%| F|  |TAMS 0x00000000a4900000, 0x00000000a4900000| Untracked 
|  74|0x00000000a4a00000, 0x00000000a4a00000, 0x00000000a4b00000|  0%| F|  |TAMS 0x00000000a4a00000, 0x00000000a4a00000| Untracked 
|  75|0x00000000a4b00000, 0x00000000a4b00000, 0x00000000a4c00000|  0%| F|  |TAMS 0x00000000a4b00000, 0x00000000a4b00000| Untracked 
|  76|0x00000000a4c00000, 0x00000000a4c00000, 0x00000000a4d00000|  0%| F|  |TAMS 0x00000000a4c00000, 0x00000000a4c00000| Untracked 
|  77|0x00000000a4d00000, 0x00000000a4d00000, 0x00000000a4e00000|  0%| F|  |TAMS 0x00000000a4d00000, 0x00000000a4d00000| Untracked 
|  78|0x00000000a4e00000, 0x00000000a4e00000, 0x00000000a4f00000|  0%| F|  |TAMS 0x00000000a4e00000, 0x00000000a4e00000| Untracked 
|  79|0x00000000a4f00000, 0x00000000a4f00000, 0x00000000a5000000|  0%| F|  |TAMS 0x00000000a4f00000, 0x00000000a4f00000| Untracked 
|  80|0x00000000a5000000, 0x00000000a5000000, 0x00000000a5100000|  0%| F|  |TAMS 0x00000000a5000000, 0x00000000a5000000| Untracked 
|  81|0x00000000a5100000, 0x00000000a5100000, 0x00000000a5200000|  0%| F|  |TAMS 0x00000000a5100000, 0x00000000a5100000| Untracked 
|  82|0x00000000a5200000, 0x00000000a5200000, 0x00000000a5300000|  0%| F|  |TAMS 0x00000000a5200000, 0x00000000a5200000| Untracked 
|  83|0x00000000a5300000, 0x00000000a5300000, 0x00000000a5400000|  0%| F|  |TAMS 0x00000000a5300000, 0x00000000a5300000| Untracked 
|  84|0x00000000a5400000, 0x00000000a5400000, 0x00000000a5500000|  0%| F|  |TAMS 0x00000000a5400000, 0x00000000a5400000| Untracked 
|  85|0x00000000a5500000, 0x00000000a5500000, 0x00000000a5600000|  0%| F|  |TAMS 0x00000000a5500000, 0x00000000a5500000| Untracked 
|  86|0x00000000a5600000, 0x00000000a5600000, 0x00000000a5700000|  0%| F|  |TAMS 0x00000000a5600000, 0x00000000a5600000| Untracked 
|  87|0x00000000a5700000, 0x00000000a5700000, 0x00000000a5800000|  0%| F|  |TAMS 0x00000000a5700000, 0x00000000a5700000| Untracked 
|  88|0x00000000a5800000, 0x00000000a5800000, 0x00000000a5900000|  0%| F|  |TAMS 0x00000000a5800000, 0x00000000a5800000| Untracked 
|  89|0x00000000a5900000, 0x00000000a5900000, 0x00000000a5a00000|  0%| F|  |TAMS 0x00000000a5900000, 0x00000000a5900000| Untracked 
|  90|0x00000000a5a00000, 0x00000000a5a00000, 0x00000000a5b00000|  0%| F|  |TAMS 0x00000000a5a00000, 0x00000000a5a00000| Untracked 
|  91|0x00000000a5b00000, 0x00000000a5b00000, 0x00000000a5c00000|  0%| F|  |TAMS 0x00000000a5b00000, 0x00000000a5b00000| Untracked 
|  92|0x00000000a5c00000, 0x00000000a5c00000, 0x00000000a5d00000|  0%| F|  |TAMS 0x00000000a5c00000, 0x00000000a5c00000| Untracked 
|  93|0x00000000a5d00000, 0x00000000a5d00000, 0x00000000a5e00000|  0%| F|  |TAMS 0x00000000a5d00000, 0x00000000a5d00000| Untracked 
|  94|0x00000000a5e00000, 0x00000000a5e00000, 0x00000000a5f00000|  0%| F|  |TAMS 0x00000000a5e00000, 0x00000000a5e00000| Untracked 
|  95|0x00000000a5f00000, 0x00000000a5f00000, 0x00000000a6000000|  0%| F|  |TAMS 0x00000000a5f00000, 0x00000000a5f00000| Untracked 
|  96|0x00000000a6000000, 0x00000000a6080800, 0x00000000a6100000| 50%| E|  |TAMS 0x00000000a6000000, 0x00000000a6000000| Complete 
|  97|0x00000000a6100000, 0x00000000a6200000, 0x00000000a6200000|100%| E|CS|TAMS 0x00000000a6100000, 0x00000000a6100000| Complete 
|  98|0x00000000a6200000, 0x00000000a6300000, 0x00000000a6300000|100%| E|CS|TAMS 0x00000000a6200000, 0x00000000a6200000| Complete 
|  99|0x00000000a6300000, 0x00000000a6400000, 0x00000000a6400000|100%| E|CS|TAMS 0x00000000a6300000, 0x00000000a6300000| Complete 
| 100|0x00000000a6400000, 0x00000000a6500000, 0x00000000a6500000|100%| E|CS|TAMS 0x00000000a6400000, 0x00000000a6400000| Complete 
| 101|0x00000000a6500000, 0x00000000a6600000, 0x00000000a6600000|100%| E|CS|TAMS 0x00000000a6500000, 0x00000000a6500000| Complete 
| 102|0x00000000a6600000, 0x00000000a6700000, 0x00000000a6700000|100%| E|CS|TAMS 0x00000000a6600000, 0x00000000a6600000| Complete 
| 103|0x00000000a6700000, 0x00000000a6800000, 0x00000000a6800000|100%| E|CS|TAMS 0x00000000a6700000, 0x00000000a6700000| Complete 
| 104|0x00000000a6800000, 0x00000000a6900000, 0x00000000a6900000|100%| E|CS|TAMS 0x00000000a6800000, 0x00000000a6800000| Complete 
| 105|0x00000000a6900000, 0x00000000a6a00000, 0x00000000a6a00000|100%| E|CS|TAMS 0x00000000a6900000, 0x00000000a6900000| Complete 
| 106|0x00000000a6a00000, 0x00000000a6b00000, 0x00000000a6b00000|100%| E|CS|TAMS 0x00000000a6a00000, 0x00000000a6a00000| Complete 
| 107|0x00000000a6b00000, 0x00000000a6c00000, 0x00000000a6c00000|100%| E|CS|TAMS 0x00000000a6b00000, 0x00000000a6b00000| Complete 
| 108|0x00000000a6c00000, 0x00000000a6d00000, 0x00000000a6d00000|100%| E|CS|TAMS 0x00000000a6c00000, 0x00000000a6c00000| Complete 
| 109|0x00000000a6d00000, 0x00000000a6e00000, 0x00000000a6e00000|100%| E|CS|TAMS 0x00000000a6d00000, 0x00000000a6d00000| Complete 
| 110|0x00000000a6e00000, 0x00000000a6f00000, 0x00000000a6f00000|100%| E|CS|TAMS 0x00000000a6e00000, 0x00000000a6e00000| Complete 
| 111|0x00000000a6f00000, 0x00000000a7000000, 0x00000000a7000000|100%| E|CS|TAMS 0x00000000a6f00000, 0x00000000a6f00000| Complete 
| 112|0x00000000a7000000, 0x00000000a7100000, 0x00000000a7100000|100%| E|CS|TAMS 0x00000000a7000000, 0x00000000a7000000| Complete 
| 113|0x00000000a7100000, 0x00000000a7200000, 0x00000000a7200000|100%| E|CS|TAMS 0x00000000a7100000, 0x00000000a7100000| Complete 
| 114|0x00000000a7200000, 0x00000000a7300000, 0x00000000a7300000|100%| E|CS|TAMS 0x00000000a7200000, 0x00000000a7200000| Complete 
| 115|0x00000000a7300000, 0x00000000a7400000, 0x00000000a7400000|100%| E|CS|TAMS 0x00000000a7300000, 0x00000000a7300000| Complete 
| 116|0x00000000a7400000, 0x00000000a7500000, 0x00000000a7500000|100%| E|CS|TAMS 0x00000000a7400000, 0x00000000a7400000| Complete 
| 117|0x00000000a7500000, 0x00000000a7600000, 0x00000000a7600000|100%| E|CS|TAMS 0x00000000a7500000, 0x00000000a7500000| Complete 
| 118|0x00000000a7600000, 0x00000000a7700000, 0x00000000a7700000|100%| E|CS|TAMS 0x00000000a7600000, 0x00000000a7600000| Complete 
| 119|0x00000000a7700000, 0x00000000a7800000, 0x00000000a7800000|100%| E|CS|TAMS 0x00000000a7700000, 0x00000000a7700000| Complete 
| 120|0x00000000a7800000, 0x00000000a7900000, 0x00000000a7900000|100%| E|CS|TAMS 0x00000000a7800000, 0x00000000a7800000| Complete 
| 121|0x00000000a7900000, 0x00000000a7a00000, 0x00000000a7a00000|100%| E|CS|TAMS 0x00000000a7900000, 0x00000000a7900000| Complete 
| 122|0x00000000a7a00000, 0x00000000a7b00000, 0x00000000a7b00000|100%| E|CS|TAMS 0x00000000a7a00000, 0x00000000a7a00000| Complete 
| 123|0x00000000a7b00000, 0x00000000a7c00000, 0x00000000a7c00000|100%| E|CS|TAMS 0x00000000a7b00000, 0x00000000a7b00000| Complete 
| 124|0x00000000a7c00000, 0x00000000a7d00000, 0x00000000a7d00000|100%| E|CS|TAMS 0x00000000a7c00000, 0x00000000a7c00000| Complete 
| 125|0x00000000a7d00000, 0x00000000a7e00000, 0x00000000a7e00000|100%| E|CS|TAMS 0x00000000a7d00000, 0x00000000a7d00000| Complete 

Card table byte_map: [0x0000016a60620000,0x0000016a60920000] _byte_map_base: 0x0000016a60120000

Marking Bits (Prev, Next): (CMBitMap*) 0x0000016a3685f790, (CMBitMap*) 0x0000016a3685f7d0
 Prev Bits: [0x0000016a60c20000, 0x0000016a62420000)
 Next Bits: [0x0000016a62420000, 0x0000016a63c20000)

Polling page: 0x0000016a36530000

Metaspace:

Usage:
  Non-class:     17.31 MB used.
      Class:      2.96 MB used.
       Both:     20.27 MB used.

Virtual space:
  Non-class space:       64.00 MB reserved,      17.44 MB ( 27%) committed,  1 nodes.
      Class space:        1.00 GB reserved,       3.12 MB ( <1%) committed,  1 nodes.
             Both:        1.06 GB reserved,      20.56 MB (  2%) committed. 

Chunk freelists:
   Non-Class:  14.50 MB
       Class:  12.91 MB
        Both:  27.41 MB

MaxMetaspaceSize: 4.00 GB
CompressedClassSpaceSize: 1.00 GB
Initial GC threshold: 21.00 MB
Current GC threshold: 21.00 MB
CDS: on
MetaspaceReclaimPolicy: balanced
 - commit_granule_bytes: 65536.
 - commit_granule_words: 8192.
 - virtual_space_node_default_size: 8388608.
 - enlarge_chunks_in_place: 1.
 - new_chunks_are_fully_committed: 0.
 - uncommit_free_chunks: 1.
 - use_allocation_guard: 0.
 - handle_deallocations: 1.


Internal statistics:

num_allocs_failed_limit: 0.
num_arena_births: 250.
num_arena_deaths: 0.
num_vsnodes_births: 2.
num_vsnodes_deaths: 0.
num_space_committed: 330.
num_space_uncommitted: 0.
num_chunks_returned_to_freelist: 0.
num_chunks_taken_from_freelist: 1006.
num_chunk_merges: 0.
num_chunk_splits: 654.
num_chunks_enlarged: 459.
num_inconsistent_stats: 0.

CodeHeap 'non-profiled nmethods': size=259264Kb used=1375Kb max_used=1375Kb free=257888Kb
 bounds [0x0000016a4f970000, 0x0000016a4fbe0000, 0x0000016a5f6a0000]
CodeHeap 'profiled nmethods': size=259264Kb used=5512Kb max_used=5512Kb free=253751Kb
 bounds [0x0000016a3f6a0000, 0x0000016a3fc10000, 0x0000016a4f3d0000]
CodeHeap 'non-nmethods': size=5760Kb used=1241Kb max_used=1322Kb free=4518Kb
 bounds [0x0000016a4f3d0000, 0x0000016a4f640000, 0x0000016a4f970000]
 total_blobs=3248 nmethods=2701 adapters=459
 compilation: enabled
              stopped_count=0, restarted_count=0
 full_count=0

Compilation events (20 events):
Event: 4.340 Thread 0x0000016a666344c0 nmethod 2686 0x0000016a3fbf4e90 code [0x0000016a3fbf5060, 0x0000016a3fbf5448]
Event: 4.340 Thread 0x0000016a666344c0 2685       1       com.google.common.collect.ImmutableMapEntry$NonTerminalImmutableMapEntry::getNextInKeyBucket (5 bytes)
Event: 4.340 Thread 0x0000016a666344c0 nmethod 2685 0x0000016a4fac6b10 code [0x0000016a4fac6ca0, 0x0000016a4fac6d78]
Event: 4.348 Thread 0x0000016a666344c0 2687       3       org.gradle.model.internal.asm.MethodVisitorScope::<init> (8 bytes)
Event: 4.349 Thread 0x0000016a666344c0 nmethod 2687 0x0000016a3fbf5610 code [0x0000016a3fbf57a0, 0x0000016a3fbf58e8]
Event: 4.349 Thread 0x0000016a666344c0 2690       3       org.objectweb.asm.SymbolTable::addConstantMemberReference (147 bytes)
Event: 4.350 Thread 0x0000016a666344c0 nmethod 2690 0x0000016a3fbf5990 code [0x0000016a3fbf5c00, 0x0000016a3fbf64c8]
Event: 4.350 Thread 0x0000016a666344c0 2692       3       org.objectweb.asm.Frame::merge (322 bytes)
Event: 4.352 Thread 0x0000016a666344c0 nmethod 2692 0x0000016a3fbf6a10 code [0x0000016a3fbf6c40, 0x0000016a3fbf75c8]
Event: 4.352 Thread 0x0000016a666344c0 2693       3       org.gradle.model.internal.asm.MethodVisitorScope::_ALOAD (8 bytes)
Event: 4.352 Thread 0x0000016a666344c0 nmethod 2693 0x0000016a3fbf7810 code [0x0000016a3fbf79c0, 0x0000016a3fbf7c48]
Event: 4.352 Thread 0x0000016a666344c0 2691       3       org.objectweb.asm.SymbolTable::hash (20 bytes)
Event: 4.353 Thread 0x0000016a666344c0 nmethod 2691 0x0000016a3fbf7d90 code [0x0000016a3fbf7f40, 0x0000016a3fbf8108]
Event: 4.353 Thread 0x0000016a666344c0 2688       3       org.objectweb.asm.SymbolTable$Entry::<init> (18 bytes)
Event: 4.353 Thread 0x0000016a666344c0 nmethod 2688 0x0000016a3fbf8290 code [0x0000016a3fbf8440, 0x0000016a3fbf85c8]
Event: 4.353 Thread 0x0000016a666344c0 2689       3       org.objectweb.asm.MethodWriter::addSuccessorToCurrentBasicBlock (24 bytes)
Event: 4.353 Thread 0x0000016a666344c0 nmethod 2689 0x0000016a3fbf8690 code [0x0000016a3fbf8840, 0x0000016a3fbf8b98]
Event: 4.353 Thread 0x0000016a666344c0 2694       3       org.objectweb.asm.SymbolTable::addConstantMethodref (24 bytes)
Event: 4.353 Thread 0x0000016a666344c0 nmethod 2694 0x0000016a3fbf8d10 code [0x0000016a3fbf8ec0, 0x0000016a3fbf9068]
Event: 4.438 Thread 0x0000016a666344c0 2696       3       java.util.concurrent.locks.LockSupport::parkNanos (29 bytes)

GC Heap History (8 events):
Event: 0.494 GC heap before
{Heap before GC invocations=0 (full 0):
 garbage-first heap   total 129024K, used 22528K [0x00000000a0000000, 0x0000000100000000)
  region size 1024K, 23 young (23552K), 0 survivors (0K)
 Metaspace       used 1032K, committed 1152K, reserved 1114112K
  class space    used 73K, committed 128K, reserved 1048576K
}
Event: 0.498 GC heap after
{Heap after GC invocations=1 (full 0):
 garbage-first heap   total 129024K, used 2303K [0x00000000a0000000, 0x0000000100000000)
  region size 1024K, 3 young (3072K), 3 survivors (3072K)
 Metaspace       used 1032K, committed 1152K, reserved 1114112K
  class space    used 73K, committed 128K, reserved 1048576K
}
Event: 1.374 GC heap before
{Heap before GC invocations=1 (full 0):
 garbage-first heap   total 129024K, used 41215K [0x00000000a0000000, 0x0000000100000000)
  region size 1024K, 39 young (39936K), 3 survivors (3072K)
 Metaspace       used 4340K, committed 4544K, reserved 1114112K
  class space    used 547K, committed 640K, reserved 1048576K
}
Event: 1.380 GC heap after
{Heap after GC invocations=2 (full 0):
 garbage-first heap   total 129024K, used 10837K [0x00000000a0000000, 0x0000000100000000)
  region size 1024K, 5 young (5120K), 5 survivors (5120K)
 Metaspace       used 4340K, committed 4544K, reserved 1114112K
  class space    used 547K, committed 640K, reserved 1048576K
}
Event: 1.927 GC heap before
{Heap before GC invocations=2 (full 0):
 garbage-first heap   total 129024K, used 62037K [0x00000000a0000000, 0x0000000100000000)
  region size 1024K, 53 young (54272K), 5 survivors (5120K)
 Metaspace       used 5141K, committed 5376K, reserved 1114112K
  class space    used 686K, committed 768K, reserved 1048576K
}
Event: 1.934 GC heap after
{Heap after GC invocations=3 (full 0):
 garbage-first heap   total 129024K, used 17399K [0x00000000a0000000, 0x0000000100000000)
  region size 1024K, 5 young (5120K), 5 survivors (5120K)
 Metaspace       used 5141K, committed 5376K, reserved 1114112K
  class space    used 686K, committed 768K, reserved 1048576K
}
Event: 3.724 GC heap before
{Heap before GC invocations=3 (full 0):
 garbage-first heap   total 129024K, used 89079K [0x00000000a0000000, 0x0000000100000000)
  region size 1024K, 75 young (76800K), 5 survivors (5120K)
 Metaspace       used 17443K, committed 17792K, reserved 1114112K
  class space    used 2489K, committed 2624K, reserved 1048576K
}
Event: 3.736 GC heap after
{Heap after GC invocations=4 (full 0):
 garbage-first heap   total 129024K, used 22016K [0x00000000a0000000, 0x0000000100000000)
  region size 1024K, 10 young (10240K), 10 survivors (10240K)
 Metaspace       used 17443K, committed 17792K, reserved 1114112K
  class space    used 2489K, committed 2624K, reserved 1048576K
}

Deoptimization events (20 events):
Event: 3.179 Thread 0x0000016aac926010 Uncommon trap: trap_request=0xffffff45 fr.pc=0x0000016a4fa321b8 relative=0x0000000000000198
Event: 3.179 Thread 0x0000016aac926010 Uncommon trap: reason=unstable_if action=reinterpret pc=0x0000016a4fa321b8 method=java.util.WeakHashMap.expungeStaleEntries()V @ 9 c2
Event: 3.179 Thread 0x0000016aac926010 DEOPT PACKING pc=0x0000016a4fa321b8 sp=0x00000050cc1fb620
Event: 3.179 Thread 0x0000016aac926010 DEOPT UNPACKING pc=0x0000016a4f4223a3 sp=0x00000050cc1fb5b8 mode 2
Event: 3.317 Thread 0x0000016aac926010 Uncommon trap: trap_request=0xffffff45 fr.pc=0x0000016a4fa5f974 relative=0x0000000000000074
Event: 3.317 Thread 0x0000016aac926010 Uncommon trap: reason=unstable_if action=reinterpret pc=0x0000016a4fa5f974 method=jdk.internal.misc.Unsafe.convEndian(ZI)I @ 4 c2
Event: 3.317 Thread 0x0000016aac926010 DEOPT PACKING pc=0x0000016a4fa5f974 sp=0x00000050cc1fa5f0
Event: 3.317 Thread 0x0000016aac926010 DEOPT UNPACKING pc=0x0000016a4f4223a3 sp=0x00000050cc1fa4f8 mode 2
Event: 3.346 Thread 0x0000016aac926010 Uncommon trap: trap_request=0xffffff45 fr.pc=0x0000016a4f98d8e8 relative=0x0000000000000ae8
Event: 3.346 Thread 0x0000016aac926010 Uncommon trap: reason=unstable_if action=reinterpret pc=0x0000016a4f98d8e8 method=java.io.WinNTFileSystem.resolve(Ljava/lang/String;Ljava/lang/String;)Ljava/lang/String; @ 19 c2
Event: 3.346 Thread 0x0000016aac926010 DEOPT PACKING pc=0x0000016a4f98d8e8 sp=0x00000050cc1fab00
Event: 3.346 Thread 0x0000016aac926010 DEOPT UNPACKING pc=0x0000016a4f4223a3 sp=0x00000050cc1faaa8 mode 2
Event: 3.348 Thread 0x0000016aac926010 Uncommon trap: trap_request=0xffffff45 fr.pc=0x0000016a4f99d37c relative=0x000000000000063c
Event: 3.348 Thread 0x0000016aac926010 Uncommon trap: reason=unstable_if action=reinterpret pc=0x0000016a4f99d37c method=java.io.File.getName()Ljava/lang/String; @ 16 c2
Event: 3.348 Thread 0x0000016aac926010 DEOPT PACKING pc=0x0000016a4f99d37c sp=0x00000050cc1faab0
Event: 3.348 Thread 0x0000016aac926010 DEOPT UNPACKING pc=0x0000016a4f4223a3 sp=0x00000050cc1faa80 mode 2
Event: 4.144 Thread 0x0000016aac926010 Uncommon trap: trap_request=0xffffff45 fr.pc=0x0000016a4fa8c8fc relative=0x00000000000003bc
Event: 4.144 Thread 0x0000016aac926010 Uncommon trap: reason=unstable_if action=reinterpret pc=0x0000016a4fa8c8fc method=java.util.HashMap.getNode(Ljava/lang/Object;)Ljava/util/HashMap$Node; @ 131 c2
Event: 4.144 Thread 0x0000016aac926010 DEOPT PACKING pc=0x0000016a4fa8c8fc sp=0x00000050cc1fa730
Event: 4.144 Thread 0x0000016aac926010 DEOPT UNPACKING pc=0x0000016a4f4223a3 sp=0x00000050cc1fa650 mode 2

Classes unloaded (0 events):
No events

Classes redefined (0 events):
No events

Internal exceptions (20 events):
Event: 3.052 Thread 0x0000016aac926010 Exception <a 'java/lang/NoSuchMethodError'{0x00000000a5819fe8}: 'java.lang.Object java.lang.invoke.DirectMethodHandle$Holder.invokeSpecial(java.lang.Object, java.lang.Object, java.lang.Object, java.lang.Object, java.lang.Object, java.lang.Object, java.lang.Object, java.lang.Object, java.lang.Object, java.lang.Object, java.lang.Object)'> (0x00000000a5819fe8) 
thrown [s\open\src\hotspot\share\interpreter\linkResolver.cpp, line 759]
Event: 3.242 Thread 0x0000016aac926010 Exception <a 'java/lang/NoSuchMethodError'{0x00000000a5054948}: 'java.lang.Object java.lang.invoke.DirectMethodHandle$Holder.newInvokeSpecial(java.lang.Object, java.lang.Object, int)'> (0x00000000a5054948) 
thrown [s\open\src\hotspot\share\interpreter\linkResolver.cpp, line 759]
Event: 3.357 Thread 0x0000016aac926010 Exception <a 'java/lang/NoSuchMethodError'{0x00000000a4b939f0}: 'void java.lang.invoke.DirectMethodHandle$Holder.invokeStatic(java.lang.Object, java.lang.Object, java.lang.Object, java.lang.Object)'> (0x00000000a4b939f0) 
thrown [s\open\src\hotspot\share\interpreter\linkResolver.cpp, line 759]
Event: 3.358 Thread 0x0000016aac926010 Exception <a 'java/lang/NoSuchMethodError'{0x00000000a4b97e90}: 'void java.lang.invoke.DirectMethodHandle$Holder.invokeStaticInit(java.lang.Object, java.lang.Object, java.lang.Object, java.lang.Object)'> (0x00000000a4b97e90) 
thrown [s\open\src\hotspot\share\interpreter\linkResolver.cpp, line 759]
Event: 3.366 Thread 0x0000016aac926010 Exception <a 'java/lang/NoSuchMethodError'{0x00000000a4bf6e08}: 'java.lang.Object java.lang.invoke.DirectMethodHandle$Holder.invokeInterface(java.lang.Object, java.lang.Object, java.lang.Object)'> (0x00000000a4bf6e08) 
thrown [s\open\src\hotspot\share\interpreter\linkResolver.cpp, line 759]
Event: 3.388 Thread 0x0000016aac926010 Exception <a 'java/lang/NoSuchMethodError'{0x00000000a4adf380}: 'int java.lang.invoke.DirectMethodHandle$Holder.invokeSpecialIFC(java.lang.Object, java.lang.Object, java.lang.Object, java.lang.Object)'> (0x00000000a4adf380) 
thrown [s\open\src\hotspot\share\interpreter\linkResolver.cpp, line 759]
Event: 3.390 Thread 0x0000016aac926010 Exception <a 'java/lang/IncompatibleClassChangeError'{0x00000000a4aee118}: Found class java.lang.Object, but interface was expected> (0x00000000a4aee118) 
thrown [s\open\src\hotspot\share\interpreter\linkResolver.cpp, line 826]
Event: 3.438 Thread 0x0000016aac926010 Exception <a 'java/lang/NoSuchMethodError'{0x00000000a43f9060}: 'int java.lang.invoke.DirectMethodHandle$Holder.invokeStatic(java.lang.Object, java.lang.Object, java.lang.Object, java.lang.Object)'> (0x00000000a43f9060) 
thrown [s\open\src\hotspot\share\interpreter\linkResolver.cpp, line 759]
Event: 3.438 Thread 0x0000016aac926010 Exception <a 'java/lang/NoSuchMethodError'{0x00000000a43fcf30}: 'java.lang.Object java.lang.invoke.Invokers$Holder.invokeExact_MT(java.lang.Object, java.lang.Object, java.lang.Object, java.lang.Object, java.lang.Object, java.lang.Object)'> (0x00000000a43fcf30) 
thrown [s\open\src\hotspot\share\interpreter\linkResolver.cpp, line 759]
Event: 3.527 Thread 0x0000016aac926010 Exception <a 'java/lang/IncompatibleClassChangeError'{0x00000000a3ffce10}: Found class java.lang.Object, but interface was expected> (0x00000000a3ffce10) 
thrown [s\open\src\hotspot\share\interpreter\linkResolver.cpp, line 826]
Event: 3.592 Thread 0x0000016aac923ca0 Exception <a 'java/lang/NoSuchMethodError'{0x00000000a3b39d28}: static Lorg/gradle/internal/build/event/types/DefaultOperationStartedProgressEvent;.<clinit>()V> (0x00000000a3b39d28) 
thrown [s\open\src\hotspot\share\prims\jni.cpp, line 1112]
Event: 3.593 Thread 0x0000016aac923ca0 Exception <a 'java/lang/NoSuchMethodError'{0x00000000a3b3bdb0}: static Lorg/gradle/internal/build/event/types/AbstractProgressEvent;.<clinit>()V> (0x00000000a3b3bdb0) 
thrown [s\open\src\hotspot\share\prims\jni.cpp, line 1112]
Event: 3.595 Thread 0x0000016aac923ca0 Exception <a 'java/lang/NoSuchMethodError'{0x00000000a3b44e60}: static Lorg/gradle/internal/build/event/types/DefaultOperationDescriptor;.<clinit>()V> (0x00000000a3b44e60) 
thrown [s\open\src\hotspot\share\prims\jni.cpp, line 1112]
Event: 3.598 Thread 0x0000016aac923ca0 Exception <a 'java/lang/NoSuchMethodError'{0x00000000a3b5bc20}: static Lorg/gradle/internal/operations/OperationIdentifier;.<clinit>()V> (0x00000000a3b5bc20) 
thrown [s\open\src\hotspot\share\prims\jni.cpp, line 1112]
Event: 3.815 Thread 0x0000016aac926010 Exception <a 'java/lang/NoSuchMethodError'{0x00000000a7ac8ca0}: 'int java.lang.invoke.DirectMethodHandle$Holder.invokeStaticInit(java.lang.Object, java.lang.Object, java.lang.Object)'> (0x00000000a7ac8ca0) 
thrown [s\open\src\hotspot\share\interpreter\linkResolver.cpp, line 759]
Event: 4.015 Thread 0x0000016aac926010 Exception <a 'java/lang/NoSuchMethodError'{0x00000000a6f833e0}: 'void java.lang.invoke.DirectMethodHandle$Holder.invokeSpecial(java.lang.Object, java.lang.Object, java.lang.Object, java.lang.Object, java.lang.Object)'> (0x00000000a6f833e0) 
thrown [s\open\src\hotspot\share\interpreter\linkResolver.cpp, line 759]
Event: 4.016 Thread 0x0000016aac926010 Exception <a 'java/lang/NoSuchMethodError'{0x00000000a6f8ad40}: 'java.lang.Object java.lang.invoke.Invokers$Holder.invoker(java.lang.Object, java.lang.Object, java.lang.Object, java.lang.Object)'> (0x00000000a6f8ad40) 
thrown [s\open\src\hotspot\share\interpreter\linkResolver.cpp, line 759]
Event: 4.110 Thread 0x0000016aac926010 Exception <a 'java/lang/NoSuchMethodError'{0x00000000a6b65230}: 'java.lang.Object java.lang.invoke.DirectMethodHandle$Holder.invokeVirtual(java.lang.Object, java.lang.Object, java.lang.Object, java.lang.Object)'> (0x00000000a6b65230) 
thrown [s\open\src\hotspot\share\interpreter\linkResolver.cpp, line 759]
Event: 4.157 Thread 0x0000016aac926010 Exception <a 'java/lang/NoSuchMethodError'{0x00000000a6976788}: 'java.lang.Object java.lang.invoke.DirectMethodHandle$Holder.newInvokeSpecial(java.lang.Object, java.lang.Object, java.lang.Object, java.lang.Object, java.lang.Object, java.lang.Object, java.lang.Object)'> (0x00000000a6976788) 
thrown [s\open\src\hotspot\share\interpreter\linkResolver.cpp, line 759]
Event: 4.157 Thread 0x0000016aac926010 Exception <a 'java/lang/NoSuchMethodError'{0x00000000a697b458}: 'java.lang.Object java.lang.invoke.Invokers$Holder.linkToTargetMethod(java.lang.Object, java.lang.Object, java.lang.Object, java.lang.Object, java.lang.Object, java.lang.Object, java.lang.Object)'> (0x00000000a697b458) 
thrown [s\open\src\hotspot\share\interpreter\linkResolver.cpp, line 759]

VM Operations (20 events):
Event: 2.131 Executing VM operation: HandshakeAllThreads
Event: 2.131 Executing VM operation: HandshakeAllThreads done
Event: 2.397 Executing VM operation: HandshakeAllThreads
Event: 2.397 Executing VM operation: HandshakeAllThreads done
Event: 2.441 Executing VM operation: HandshakeAllThreads
Event: 2.441 Executing VM operation: HandshakeAllThreads done
Event: 2.463 Executing VM operation: HandshakeAllThreads
Event: 2.463 Executing VM operation: HandshakeAllThreads done
Event: 2.513 Executing VM operation: HandshakeAllThreads
Event: 2.513 Executing VM operation: HandshakeAllThreads done
Event: 2.618 Executing VM operation: HandshakeAllThreads
Event: 2.618 Executing VM operation: HandshakeAllThreads done
Event: 3.063 Executing VM operation: ICBufferFull
Event: 3.064 Executing VM operation: ICBufferFull done
Event: 3.501 Executing VM operation: HandshakeAllThreads
Event: 3.501 Executing VM operation: HandshakeAllThreads done
Event: 3.502 Executing VM operation: HandshakeAllThreads
Event: 3.502 Executing VM operation: HandshakeAllThreads done
Event: 3.724 Executing VM operation: G1CollectForAllocation
Event: 3.736 Executing VM operation: G1CollectForAllocation done

Events (20 events):
Event: 4.081 loading class javax/xml/parsers/ParserConfigurationException done
Event: 4.081 loading class org/xml/sax/SAXException
Event: 4.082 loading class org/xml/sax/SAXException done
Event: 4.082 loading class javax/xml/xpath/XPathExpressionException
Event: 4.082 loading class javax/xml/xpath/XPathException
Event: 4.082 loading class javax/xml/xpath/XPathException done
Event: 4.082 loading class javax/xml/xpath/XPathExpressionException done
Event: 4.082 loading class org/xml/sax/ErrorHandler
Event: 4.082 loading class org/xml/sax/ErrorHandler done
Event: 4.087 loading class java/nio/file/AtomicMoveNotSupportedException
Event: 4.087 loading class java/nio/file/AtomicMoveNotSupportedException done
Event: 4.188 loading class java/lang/ThreadLocal$SuppliedThreadLocal
Event: 4.188 loading class java/lang/ThreadLocal$SuppliedThreadLocal done
Event: 4.216 Thread 0x0000016aaf6cccd0 Thread added: 0x0000016aaf6cccd0
Event: 4.360 loading class java/util/zip/GZIPInputStream
Event: 4.360 loading class java/util/zip/GZIPInputStream done
Event: 4.360 loading class java/util/zip/GZIPOutputStream
Event: 4.360 loading class java/util/zip/DeflaterOutputStream
Event: 4.360 loading class java/util/zip/DeflaterOutputStream done
Event: 4.360 loading class java/util/zip/GZIPOutputStream done


Dynamic libraries:
0x00007ff6ab130000 - 0x00007ff6ab140000 	C:\Program Files\Java\jdk-17\bin\java.exe
0x00007ff93b900000 - 0x00007ff93bb67000 	C:\WINDOWS\SYSTEM32\ntdll.dll
0x00007ff93b140000 - 0x00007ff93b209000 	C:\WINDOWS\System32\KERNEL32.DLL
0x00007ff939200000 - 0x00007ff9395f4000 	C:\WINDOWS\System32\KERNELBASE.dll
0x00007ff938ca0000 - 0x00007ff938deb000 	C:\WINDOWS\System32\ucrtbase.dll
0x00007ff904880000 - 0x00007ff904899000 	C:\Program Files\Java\jdk-17\bin\jli.dll
0x00007ff904860000 - 0x00007ff90487b000 	C:\Program Files\Java\jdk-17\bin\VCRUNTIME140.dll
0x00007ff93b520000 - 0x00007ff93b5d6000 	C:\WINDOWS\System32\ADVAPI32.dll
0x00007ff93b6d0000 - 0x00007ff93b779000 	C:\WINDOWS\System32\msvcrt.dll
0x00007ff93b090000 - 0x00007ff93b137000 	C:\WINDOWS\System32\sechost.dll
0x00007ff93b7a0000 - 0x00007ff93b8b8000 	C:\WINDOWS\System32\RPCRT4.dll
0x00007ff93b210000 - 0x00007ff93b3d5000 	C:\WINDOWS\System32\USER32.dll
0x00007ff91d7d0000 - 0x00007ff91da63000 	C:\WINDOWS\WinSxS\amd64_microsoft.windows.common-controls_6595b64144ccf1df_6.0.26100.8115_none_3e075c82e3354f9c\COMCTL32.dll
0x00007ff938280000 - 0x00007ff9382a7000 	C:\WINDOWS\System32\win32u.dll
0x00007ff939970000 - 0x00007ff93999b000 	C:\WINDOWS\System32\GDI32.dll
0x00007ff938df0000 - 0x00007ff938f1b000 	C:\WINDOWS\System32\gdi32full.dll
0x00007ff9262a0000 - 0x00007ff9262ab000 	C:\WINDOWS\SYSTEM32\VERSION.dll
0x00007ff9381d0000 - 0x00007ff938273000 	C:\WINDOWS\System32\msvcp_win.dll
0x00007ff93a540000 - 0x00007ff93a572000 	C:\WINDOWS\System32\IMM32.DLL
0x00007ff8eb430000 - 0x00007ff8eb43c000 	C:\Program Files\Java\jdk-17\bin\vcruntime140_1.dll
0x00007ff8dc6c0000 - 0x00007ff8dc74e000 	C:\Program Files\Java\jdk-17\bin\msvcp140.dll
0x00007ff8ad180000 - 0x00007ff8add60000 	C:\Program Files\Java\jdk-17\bin\server\jvm.dll
0x00007ff93b080000 - 0x00007ff93b088000 	C:\WINDOWS\System32\PSAPI.DLL
0x00007ff8d3b50000 - 0x00007ff8d3b5a000 	C:\WINDOWS\SYSTEM32\WSOCK32.dll
0x00007ff924f30000 - 0x00007ff924f66000 	C:\WINDOWS\SYSTEM32\WINMM.dll
0x00007ff9398e0000 - 0x00007ff939960000 	C:\WINDOWS\System32\WS2_32.dll
0x00007ff936f20000 - 0x00007ff936f3b000 	C:\WINDOWS\SYSTEM32\kernel.appcore.dll
0x00007ff8eb420000 - 0x00007ff8eb42a000 	C:\Program Files\Java\jdk-17\bin\jimage.dll
0x00007ff936140000 - 0x00007ff936382000 	C:\WINDOWS\SYSTEM32\DBGHELP.DLL
0x00007ff93aa10000 - 0x00007ff93ad92000 	C:\WINDOWS\System32\combase.dll
0x00007ff93b5f0000 - 0x00007ff93b6c8000 	C:\WINDOWS\System32\OLEAUT32.dll
0x00007ff916650000 - 0x00007ff91668b000 	C:\WINDOWS\SYSTEM32\dbgcore.DLL
0x00007ff939150000 - 0x00007ff9391f5000 	C:\WINDOWS\System32\bcryptPrimitives.dll
0x00007ff8eb410000 - 0x00007ff8eb41e000 	C:\Program Files\Java\jdk-17\bin\instrument.dll
0x00007ff8e76a0000 - 0x00007ff8e76c5000 	C:\Program Files\Java\jdk-17\bin\java.dll
0x00007ff8dc5e0000 - 0x00007ff8dc6b7000 	C:\Program Files\Java\jdk-17\bin\jsvml.dll
0x00007ff939bf0000 - 0x00007ff93a357000 	C:\WINDOWS\System32\SHELL32.dll
0x00007ff938fe0000 - 0x00007ff93914a000 	C:\WINDOWS\System32\wintypes.dll
0x00007ff9382b0000 - 0x00007ff938b18000 	C:\WINDOWS\System32\windows.storage.dll
0x00007ff9397d0000 - 0x00007ff9398c8000 	C:\WINDOWS\System32\SHCORE.dll
0x00007ff93b3e0000 - 0x00007ff93b446000 	C:\WINDOWS\System32\shlwapi.dll
0x00007ff9380f0000 - 0x00007ff938119000 	C:\WINDOWS\SYSTEM32\profapi.dll
0x00007ff8e68a0000 - 0x00007ff8e68b8000 	C:\Program Files\Java\jdk-17\bin\zip.dll
0x00007ff8e1c10000 - 0x00007ff8e1c29000 	C:\Program Files\Java\jdk-17\bin\net.dll
0x00007ff92cee0000 - 0x00007ff92d00d000 	C:\WINDOWS\SYSTEM32\WINHTTP.dll
0x00007ff937470000 - 0x00007ff9374dc000 	C:\WINDOWS\system32\mswsock.dll
0x00007ff8e0810000 - 0x00007ff8e0826000 	C:\Program Files\Java\jdk-17\bin\nio.dll
0x00007ff8e7690000 - 0x00007ff8e76a0000 	C:\Program Files\Java\jdk-17\bin\verify.dll
0x00007ff9048e0000 - 0x00007ff904907000 	C:\Users\Admin\.gradle\native\1def1411415f61bf3af743bc5b6707747c0891f09f0c88961ee8f79bc544acac\windows-amd64\native-platform.dll
0x00007ff8dbd70000 - 0x00007ff8dbde8000 	C:\Users\Admin\.gradle\native\0.2.7\x86_64-windows-gnu\gradle-fileevents.dll
0x00007ff8e1c70000 - 0x00007ff8e1c7a000 	C:\Program Files\Java\jdk-17\bin\management.dll
0x00007ff8e1c00000 - 0x00007ff8e1c0b000 	C:\Program Files\Java\jdk-17\bin\management_ext.dll
0x00007ff936900000 - 0x00007ff936932000 	C:\WINDOWS\SYSTEM32\IPHLPAPI.DLL
0x00007ff93b5e0000 - 0x00007ff93b5ea000 	C:\WINDOWS\System32\NSI.dll
0x00007ff92d210000 - 0x00007ff92d22d000 	C:\WINDOWS\SYSTEM32\dhcpcsvc6.DLL
0x00007ff92c5b0000 - 0x00007ff92c5d5000 	C:\WINDOWS\SYSTEM32\dhcpcsvc.DLL
0x00007ff936990000 - 0x00007ff936ac2000 	C:\WINDOWS\SYSTEM32\DNSAPI.dll
0x00007ff937870000 - 0x00007ff93788b000 	C:\WINDOWS\SYSTEM32\CRYPTSP.dll
0x00007ff936e80000 - 0x00007ff936eb9000 	C:\WINDOWS\system32\rsaenh.dll
0x00007ff937520000 - 0x00007ff937553000 	C:\WINDOWS\SYSTEM32\USERENV.dll
0x00007ff9380c0000 - 0x00007ff9380ea000 	C:\WINDOWS\SYSTEM32\bcrypt.dll
0x00007ff9376d0000 - 0x00007ff9376dc000 	C:\WINDOWS\SYSTEM32\CRYPTBASE.dll
0x00007ff8e1970000 - 0x00007ff8e197e000 	C:\Program Files\Java\jdk-17\bin\sunmscapi.dll
0x00007ff938b20000 - 0x00007ff938c97000 	C:\WINDOWS\System32\CRYPT32.dll
0x00007ff9379d0000 - 0x00007ff937a00000 	C:\WINDOWS\SYSTEM32\ncrypt.dll
0x00007ff937980000 - 0x00007ff9379bf000 	C:\WINDOWS\SYSTEM32\NTASN1.dll
0x00007ff8d0970000 - 0x00007ff8d0978000 	C:\WINDOWS\system32\wshunix.dll

dbghelp: loaded successfully - version: 4.0.5 - missing functions: none
symbol engine: initialized successfully - sym options: 0x614 - pdb path: .;C:\Program Files\Java\jdk-17\bin;C:\WINDOWS\SYSTEM32;C:\WINDOWS\WinSxS\amd64_microsoft.windows.common-controls_6595b64144ccf1df_6.0.26100.8115_none_3e075c82e3354f9c;C:\Program Files\Java\jdk-17\bin\server;C:\Users\Admin\.gradle\native\1def1411415f61bf3af743bc5b6707747c0891f09f0c88961ee8f79bc544acac\windows-amd64;C:\Users\Admin\.gradle\native\0.2.7\x86_64-windows-gnu

VM Arguments:
jvm_args: --add-opens=java.base/java.lang=ALL-UNNAMED --add-opens=java.base/java.lang.invoke=ALL-UNNAMED --add-opens=java.base/java.util=ALL-UNNAMED --add-opens=java.prefs/java.util.prefs=ALL-UNNAMED --add-exports=jdk.compiler/com.sun.tools.javac.api=ALL-UNNAMED --add-exports=jdk.compiler/com.sun.tools.javac.util=ALL-UNNAMED --add-opens=java.base/java.util=ALL-UNNAMED --add-opens=java.prefs/java.util.prefs=ALL-UNNAMED --add-opens=java.base/java.nio.charset=ALL-UNNAMED --add-opens=java.base/java.net=ALL-UNNAMED --add-opens=java.base/java.util.concurrent.atomic=ALL-UNNAMED --add-opens=java.xml/javax.xml.namespace=ALL-UNNAMED -XX:MaxMetaspaceSize=4G -XX:ReservedCodeCacheSize=512m -XX:+HeapDumpOnOutOfMemoryError -Xmx1536m -Dfile.encoding=UTF-8 -Duser.country=US -Duser.language=en -Duser.variant -javaagent:C:\Users\Admin\.gradle\wrapper\dists\gradle-8.14-all\c2qonpi39x1mddn7hk5gh9iqj\gradle-8.14\lib\agents\gradle-instrumentation-agent-8.14.jar 
java_command: org.gradle.launcher.daemon.bootstrap.GradleDaemon 8.14
java_class_path (initial): C:\Users\Admin\.gradle\wrapper\dists\gradle-8.14-all\c2qonpi39x1mddn7hk5gh9iqj\gradle-8.14\lib\gradle-daemon-main-8.14.jar
Launcher Type: SUN_STANDARD

[Global flags]
     intx CICompilerCount                          = 4                                         {product} {ergonomic}
     uint ConcGCThreads                            = 2                                         {product} {ergonomic}
     uint G1ConcRefinementThreads                  = 8                                         {product} {ergonomic}
   size_t G1HeapRegionSize                         = 1048576                                   {product} {ergonomic}
    uintx GCDrainStackTargetSize                   = 64                                        {product} {ergonomic}
     bool HeapDumpOnOutOfMemoryError               = true                                   {manageable} {command line}
   size_t InitialHeapSize                          = 132120576                                 {product} {ergonomic}
   size_t MarkStackSize                            = 4194304                                   {product} {ergonomic}
   size_t MaxHeapSize                              = 1610612736                                {product} {command line}
   size_t MaxMetaspaceSize                         = 4294967296                                {product} {command line}
   size_t MaxNewSize                               = 965738496                                 {product} {ergonomic}
   size_t MinHeapDeltaBytes                        = 1048576                                   {product} {ergonomic}
   size_t MinHeapSize                              = 8388608                                   {product} {ergonomic}
    uintx NonNMethodCodeHeapSize                   = 5839372                                {pd product} {ergonomic}
    uintx NonProfiledCodeHeapSize                  = 265515770                              {pd product} {ergonomic}
    uintx ProfiledCodeHeapSize                     = 265515770                              {pd product} {ergonomic}
    uintx ReservedCodeCacheSize                    = 536870912                              {pd product} {command line}
     bool SegmentedCodeCache                       = true                                      {product} {ergonomic}
   size_t SoftMaxHeapSize                          = 1610612736                             {manageable} {ergonomic}
   double SweeperThreshold                         = 0.234375                                  {product} {ergonomic}
     bool UseCompressedClassPointers               = true                           {product lp64_product} {ergonomic}
     bool UseCompressedOops                        = true                           {product lp64_product} {ergonomic}
     bool UseG1GC                                  = true                                      {product} {ergonomic}
     bool UseLargePagesIndividualAllocation        = false                                  {pd product} {ergonomic}

Logging:
Log output configuration:
 #0: stdout all=warning uptime,level,tags
 #1: stderr all=off uptime,level,tags

Environment Variables:
JAVA_HOME=C:\Program Files\Java\jdk-17
PATH=C:\Users\Admin\AppData\Local\Programs\Microsoft VS Code;C:\Program Files\Common Files\Oracle\Java\javapath;C:\WINDOWS\system32;C:\WINDOWS;C:\WINDOWS\System32\Wbem;C:\WINDOWS\System32\WindowsPowerShell\v1.0\;C:\WINDOWS\System32\OpenSSH\;C:\ProgramData\chocolatey\bin;C:\Program Files (x86)\Intel\Intel(R) Management Engine Components\DAL;C:\Program Files\Intel\Intel(R) Management Engine Components\DAL;C:\Program Files\Git\cmd;C:\Program Files\nodejs\;C:\ffmpeg\bin;C:\Program Files\PostgreSQL\17\bin;C:\Program Files\cursor\resources\app\bin;C:\Program Files\Docker\Docker\resources\bin;C:\Program Files\PowerShell\7\;C:\Program Files\Java\jdk-17\bin;D:\flutter\bin;C:\Users\Admin\AppData\Local\Programs\Microsoft VS Code\bin;C:\flutter\bin
USERNAME=Admin
OS=Windows_NT
PROCESSOR_IDENTIFIER=Intel64 Family 6 Model 142 Stepping 10, GenuineIntel



---------------  S Y S T E M  ---------------

OS:
 Windows 11 , 64 bit Build 26100 (10.0.26100.8246)
OS uptime: 0 days 12:41 hours
Hyper-V role detected

CPU: total 8 (initial active 8) (4 cores per cpu, 2 threads per core) family 6 model 142 stepping 10 microcode 0xf6, cx8, cmov, fxsr, ht, mmx, 3dnowpref, sse, sse2, sse3, ssse3, sse4.1, sse4.2, popcnt, lzcnt, tsc, tscinvbit, avx, avx2, aes, erms, clmul, bmi1, bmi2, rtm, adx, fma, vzeroupper, clflush, clflushopt, hv

Memory: 4k page, system-wide physical 8035M (869M free)
TotalPageFile size 16227M (AvailPageFile size 5M)
current process WorkingSet (physical memory assigned to process): 239M, peak: 239M
current process commit charge ("private bytes"): 316M, peak: 316M

vm_info: Java HotSpot(TM) 64-Bit Server VM (17.0.12+8-LTS-286) for windows-amd64 JRE (17.0.12+8-LTS-286), built on Jun  5 2024 06:46:59 by "mach5one" with MS VC++ 17.6 (VS2022)

END.
