#
# There is insufficient memory for the Java Runtime Environment to continue.
# Native memory allocation (malloc) failed to allocate 968016 bytes. Error detail: Chunk::new
# Possible reasons:
#   The system is out of physical RAM or swap space
#   This process is running with CompressedOops enabled, and the Java Heap may be blocking the growth of the native heap
# Possible solutions:
#   Reduce memory load on the system
#   Increase physical memory or swap space
#   Check if swap backing store is full
#   Decrease Java heap size (-Xmx/-Xms)
#   Decrease number of Java threads
#   Decrease Java thread stack sizes (-Xss)
#   Set larger code cache with -XX:ReservedCodeCacheSize=
#   JVM is running with Unscaled Compressed Oops mode in which the Java heap is
#     placed in the first 4GB address space. The Java Heap base address is the
#     maximum limit for the native heap growth. Please use -XX:HeapBaseMinAddress
#     to set the Java Heap base and to place the Java Heap above 4GB virtual address.
# This output file may be truncated or incomplete.
#
#  Out of Memory Error (arena.cpp:168), pid=3200, tid=11104
#
# JRE version: OpenJDK Runtime Environment Temurin-21.0.10+7 (21.0.10+7) (build 21.0.10+7-LTS)
# Java VM: OpenJDK 64-Bit Server VM Temurin-21.0.10+7 (21.0.10+7-LTS, mixed mode, sharing, tiered, compressed oops, compressed class ptrs, g1 gc, windows-amd64)
# No core dump will be written. Minidumps are not enabled by default on client versions of Windows
#

---------------  S U M M A R Y ------------

Command Line: org.jetbrains.kotlin.cli.jvm.K2JVMCompiler @C:\flutter\packages\flutter_tools\gradle\build\20260416_13434714418064291568.compiler.options

Host: Intel(R) Core(TM) i5-8350U CPU @ 1.70GHz, 8 cores, 7G,  Windows 11 , 64 bit Build 26100 (10.0.26100.8246)
Time: Thu Apr 16 12:24:17 2026 Pakistan Standard Time elapsed time: 31.839191 seconds (0d 0h 0m 31s)

---------------  T H R E A D  ---------------

Current thread (0x0000013c7c610840):  JavaThread "C2 CompilerThread1" daemon [_thread_in_native, id=11104, stack(0x00000013e0b00000,0x00000013e0c00000) (1024K)]


Current CompileTask:
C2:31839 14075       4       org.jetbrains.kotlin.types.TypeSubstitutor::substituteTypeArguments (208 bytes)

Stack: [0x00000013e0b00000,0x00000013e0c00000]
Native frames: (J=compiled Java code, j=interpreted, Vv=VM code, C=native code)
V  [jvm.dll+0x6d7a39]
V  [jvm.dll+0x8b4b26]
V  [jvm.dll+0x8b70de]
V  [jvm.dll+0x8b77c3]
V  [jvm.dll+0x284346]
V  [jvm.dll+0xc66ed]
V  [jvm.dll+0xc6c31]
V  [jvm.dll+0x3bec01]
V  [jvm.dll+0x38b162]
V  [jvm.dll+0x38a5aa]
V  [jvm.dll+0x24c560]
V  [jvm.dll+0x24bb40]
V  [jvm.dll+0x1cb34e]
V  [jvm.dll+0x25b85d]
V  [jvm.dll+0x259dea]
V  [jvm.dll+0x3f857e]
V  [jvm.dll+0x85f59d]
V  [jvm.dll+0x6d626d]
C  [ucrtbase.dll+0x37b0]
C  [KERNEL32.DLL+0x2e8d7]
C  [ntdll.dll+0x8c3fc]


---------------  P R O C E S S  ---------------

Threads class SMR info:
_java_thread_list=0x0000013c7a999c90, length=12, elements={
0x0000013c15215e30, 0x0000013c2ec44650, 0x0000013c2ec44cc0, 0x0000013c2ec4ad00,
0x0000013c2ec4b370, 0x0000013c2ec4b9e0, 0x0000013c2ec50190, 0x0000013c2ec539b0,
0x0000013c2ec54190, 0x0000013c74119cf0, 0x0000013c74125db0, 0x0000013c7c610840
}

Java Threads: ( => current thread )
  0x0000013c15215e30 JavaThread "main"                              [_thread_in_vm, id=14992, stack(0x00000013df100000,0x00000013df200000) (1024K)]
  0x0000013c2ec44650 JavaThread "Reference Handler"          daemon [_thread_blocked, id=7256, stack(0x00000013df900000,0x00000013dfa00000) (1024K)]
  0x0000013c2ec44cc0 JavaThread "Finalizer"                  daemon [_thread_blocked, id=2232, stack(0x00000013dfa00000,0x00000013dfb00000) (1024K)]
  0x0000013c2ec4ad00 JavaThread "Signal Dispatcher"          daemon [_thread_blocked, id=8660, stack(0x00000013dfb00000,0x00000013dfc00000) (1024K)]
  0x0000013c2ec4b370 JavaThread "Attach Listener"            daemon [_thread_blocked, id=13780, stack(0x00000013dfc00000,0x00000013dfd00000) (1024K)]
  0x0000013c2ec4b9e0 JavaThread "Service Thread"             daemon [_thread_blocked, id=12992, stack(0x00000013dfd00000,0x00000013dfe00000) (1024K)]
  0x0000013c2ec50190 JavaThread "Monitor Deflation Thread"   daemon [_thread_blocked, id=15324, stack(0x00000013dfe00000,0x00000013dff00000) (1024K)]
  0x0000013c2ec539b0 JavaThread "C2 CompilerThread0"         daemon [_thread_in_native, id=6848, stack(0x00000013dff00000,0x00000013e0000000) (1024K)]
  0x0000013c2ec54190 JavaThread "C1 CompilerThread0"         daemon [_thread_blocked, id=9288, stack(0x00000013e0000000,0x00000013e0100000) (1024K)]
  0x0000013c74119cf0 JavaThread "Notification Thread"        daemon [_thread_blocked, id=11416, stack(0x00000013e0100000,0x00000013e0200000) (1024K)]
  0x0000013c74125db0 JavaThread "Common-Cleaner"             daemon [_thread_blocked, id=3428, stack(0x00000013e0200000,0x00000013e0300000) (1024K)]
=>0x0000013c7c610840 JavaThread "C2 CompilerThread1"         daemon [_thread_in_native, id=11104, stack(0x00000013e0b00000,0x00000013e0c00000) (1024K)]
Total: 12

Other Threads:
  0x0000013c2ec20c20 VMThread "VM Thread"                           [id=8680, stack(0x00000013df800000,0x00000013df900000) (1024K)]
  0x0000013c2ec0fc10 WatcherThread "VM Periodic Task Thread"        [id=13996, stack(0x00000013df700000,0x00000013df800000) (1024K)]
  0x0000013c175d2520 WorkerThread "GC Thread#0"                     [id=6988, stack(0x00000013df200000,0x00000013df300000) (1024K)]
  0x0000013c2ec21730 WorkerThread "GC Thread#1"                     [id=13528, stack(0x00000013e0400000,0x00000013e0500000) (1024K)]
  0x0000013c747c1730 WorkerThread "GC Thread#2"                     [id=11992, stack(0x00000013e0500000,0x00000013e0600000) (1024K)]
  0x0000013c747c2240 WorkerThread "GC Thread#3"                     [id=2332, stack(0x00000013e0600000,0x00000013e0700000) (1024K)]
  0x0000013c747bf600 WorkerThread "GC Thread#4"                     [id=12928, stack(0x00000013e0700000,0x00000013e0800000) (1024K)]
  0x0000013c747c1e90 WorkerThread "GC Thread#5"                     [id=3668, stack(0x00000013e0800000,0x00000013e0900000) (1024K)]
  0x0000013c747beaf0 WorkerThread "GC Thread#6"                     [id=15244, stack(0x00000013e0300000,0x00000013e0400000) (1024K)]
  0x0000013c747c0fd0 WorkerThread "GC Thread#7"                     [id=15044, stack(0x00000013e0900000,0x00000013e0a00000) (1024K)]
  0x0000013c175e3de0 ConcurrentGCThread "G1 Main Marker"            [id=8292, stack(0x00000013df300000,0x00000013df400000) (1024K)]
  0x0000013c175e5100 WorkerThread "G1 Conc#0"                       [id=12484, stack(0x00000013df400000,0x00000013df500000) (1024K)]
  0x0000013c747bf9b0 WorkerThread "G1 Conc#1"                       [id=1528, stack(0x00000013e0a00000,0x00000013e0b00000) (1024K)]
  0x0000013c1763ea70 ConcurrentGCThread "G1 Refine#0"               [id=2188, stack(0x00000013df500000,0x00000013df600000) (1024K)]
  0x0000013c2ead52f0 ConcurrentGCThread "G1 Service"                [id=12164, stack(0x00000013df600000,0x00000013df700000) (1024K)]
Total: 15

Threads with active compile tasks:
C2 CompilerThread0  32896 14165       4       jdk.internal.loader.BuiltinClassLoader::loadClassOrNull (7 bytes)
C2 CompilerThread1  32896 14075       4       org.jetbrains.kotlin.types.TypeSubstitutor::substituteTypeArguments (208 bytes)
Total: 2

VM state: not at safepoint (normal execution)

VM Mutex/Monitor currently owned by a thread: None

Heap address: 0x0000000082600000, size: 2010 MB, Compressed Oops mode: 32-bit

CDS archive(s) mapped at: [0x0000013c2f000000-0x0000013c2fba0000-0x0000013c2fba0000), size 12189696, SharedBaseAddress: 0x0000013c2f000000, ArchiveRelocationMode: 1.
Compressed class space mapped at: 0x0000013c30000000-0x0000013c70000000, reserved size: 1073741824
Narrow klass base: 0x0000013c2f000000, Narrow klass shift: 0, Narrow klass range: 0x100000000

GC Precious Log:
 CardTable entry size: 512
 Card Set container configuration: InlinePtr #cards 5 size 8 Array Of Cards #cards 12 size 40 Howl #buckets 4 coarsen threshold 1843 Howl Bitmap #cards 512 size 80 coarsen threshold 460 Card regions per heap region 1 cards per card region 2048
 CPUs: 8 total, 8 available
 Memory: 8035M
 Large Page Support: Disabled
 NUMA Support: Disabled
 Compressed Oops: Enabled (32-bit)
 Heap Region Size: 1M
 Heap Min Capacity: 8M
 Heap Initial Capacity: 126M
 Heap Max Capacity: 2010M
 Pre-touch: Disabled
 Parallel Workers: 8
 Concurrent Workers: 2
 Concurrent Refinement Workers: 8
 Periodic GC: Disabled

Heap:
 garbage-first heap   total 148480K, used 105652K [0x0000000082600000, 0x0000000100000000)
  region size 1024K, 19 young (19456K), 5 survivors (5120K)
 Metaspace       used 65564K, committed 66496K, reserved 1114112K
  class space    used 7374K, committed 7808K, reserved 1048576K

Heap Regions: E=young(eden), S=young(survivor), O=old, HS=humongous(starts), HC=humongous(continues), CS=collection set, F=free, TAMS=top-at-mark-start, PB=parsable bottom
|   0|0x0000000082600000, 0x0000000082700000, 0x0000000082700000|100%|HS|  |TAMS 0x0000000082600000| PB 0x0000000082600000| Complete 
|   1|0x0000000082700000, 0x0000000082800000, 0x0000000082800000|100%|HC|  |TAMS 0x0000000082700000| PB 0x0000000082700000| Complete 
|   2|0x0000000082800000, 0x0000000082900000, 0x0000000082900000|100%|HC|  |TAMS 0x0000000082800000| PB 0x0000000082800000| Complete 
|   3|0x0000000082900000, 0x0000000082a00000, 0x0000000082a00000|100%| O|  |TAMS 0x0000000082900000| PB 0x0000000082900000| Untracked 
|   4|0x0000000082a00000, 0x0000000082b00000, 0x0000000082b00000|100%| O|  |TAMS 0x0000000082a00000| PB 0x0000000082a00000| Untracked 
|   5|0x0000000082b00000, 0x0000000082c00000, 0x0000000082c00000|100%| O|  |TAMS 0x0000000082b00000| PB 0x0000000082b00000| Untracked 
|   6|0x0000000082c00000, 0x0000000082d00000, 0x0000000082d00000|100%| O|  |TAMS 0x0000000082c00000| PB 0x0000000082c00000| Untracked 
|   7|0x0000000082d00000, 0x0000000082e00000, 0x0000000082e00000|100%|HS|  |TAMS 0x0000000082d00000| PB 0x0000000082d00000| Complete 
|   8|0x0000000082e00000, 0x0000000082f00000, 0x0000000082f00000|100%|HC|  |TAMS 0x0000000082e00000| PB 0x0000000082e00000| Complete 
|   9|0x0000000082f00000, 0x0000000083000000, 0x0000000083000000|100%|HC|  |TAMS 0x0000000082f00000| PB 0x0000000082f00000| Complete 
|  10|0x0000000083000000, 0x0000000083100000, 0x0000000083100000|100%|HC|  |TAMS 0x0000000083000000| PB 0x0000000083000000| Complete 
|  11|0x0000000083100000, 0x0000000083200000, 0x0000000083200000|100%|HC|  |TAMS 0x0000000083100000| PB 0x0000000083100000| Complete 
|  12|0x0000000083200000, 0x0000000083300000, 0x0000000083300000|100%|HC|  |TAMS 0x0000000083200000| PB 0x0000000083200000| Complete 
|  13|0x0000000083300000, 0x0000000083400000, 0x0000000083400000|100%|HS|  |TAMS 0x0000000083300000| PB 0x0000000083300000| Complete 
|  14|0x0000000083400000, 0x0000000083500000, 0x0000000083500000|100%|HS|  |TAMS 0x0000000083400000| PB 0x0000000083400000| Complete 
|  15|0x0000000083500000, 0x0000000083600000, 0x0000000083600000|100%|HS|  |TAMS 0x0000000083500000| PB 0x0000000083500000| Complete 
|  16|0x0000000083600000, 0x0000000083700000, 0x0000000083700000|100%|HC|  |TAMS 0x0000000083600000| PB 0x0000000083600000| Complete 
|  17|0x0000000083700000, 0x0000000083800000, 0x0000000083800000|100%|HS|  |TAMS 0x0000000083700000| PB 0x0000000083700000| Complete 
|  18|0x0000000083800000, 0x0000000083900000, 0x0000000083900000|100%| O|  |TAMS 0x0000000083800000| PB 0x0000000083800000| Untracked 
|  19|0x0000000083900000, 0x0000000083a00000, 0x0000000083a00000|100%| O|  |TAMS 0x0000000083900000| PB 0x0000000083900000| Untracked 
|  20|0x0000000083a00000, 0x0000000083b00000, 0x0000000083b00000|100%| O|  |TAMS 0x0000000083a00000| PB 0x0000000083a00000| Untracked 
|  21|0x0000000083b00000, 0x0000000083c00000, 0x0000000083c00000|100%| O|  |TAMS 0x0000000083b00000| PB 0x0000000083b00000| Untracked 
|  22|0x0000000083c00000, 0x0000000083d00000, 0x0000000083d00000|100%| O|  |TAMS 0x0000000083c00000| PB 0x0000000083c00000| Untracked 
|  23|0x0000000083d00000, 0x0000000083e00000, 0x0000000083e00000|100%| O|  |TAMS 0x0000000083d00000| PB 0x0000000083d00000| Untracked 
|  24|0x0000000083e00000, 0x0000000083f00000, 0x0000000083f00000|100%| O|  |TAMS 0x0000000083e00000| PB 0x0000000083e00000| Untracked 
|  25|0x0000000083f00000, 0x0000000084000000, 0x0000000084000000|100%| O|  |TAMS 0x0000000083f00000| PB 0x0000000083f00000| Untracked 
|  26|0x0000000084000000, 0x0000000084100000, 0x0000000084100000|100%| O|  |TAMS 0x0000000084000000| PB 0x0000000084000000| Untracked 
|  27|0x0000000084100000, 0x0000000084200000, 0x0000000084200000|100%| O|  |TAMS 0x0000000084100000| PB 0x0000000084100000| Untracked 
|  28|0x0000000084200000, 0x0000000084300000, 0x0000000084300000|100%| O|  |TAMS 0x0000000084200000| PB 0x0000000084200000| Untracked 
|  29|0x0000000084300000, 0x0000000084400000, 0x0000000084400000|100%| O|  |TAMS 0x0000000084300000| PB 0x0000000084300000| Untracked 
|  30|0x0000000084400000, 0x0000000084500000, 0x0000000084500000|100%| O|  |TAMS 0x0000000084400000| PB 0x0000000084400000| Untracked 
|  31|0x0000000084500000, 0x0000000084600000, 0x0000000084600000|100%| O|  |TAMS 0x0000000084500000| PB 0x0000000084500000| Untracked 
|  32|0x0000000084600000, 0x0000000084700000, 0x0000000084700000|100%| O|  |TAMS 0x0000000084600000| PB 0x0000000084600000| Untracked 
|  33|0x0000000084700000, 0x0000000084800000, 0x0000000084800000|100%| O|  |TAMS 0x0000000084700000| PB 0x0000000084700000| Untracked 
|  34|0x0000000084800000, 0x0000000084900000, 0x0000000084900000|100%| O|  |TAMS 0x0000000084800000| PB 0x0000000084800000| Untracked 
|  35|0x0000000084900000, 0x0000000084a00000, 0x0000000084a00000|100%| O|  |TAMS 0x0000000084900000| PB 0x0000000084900000| Untracked 
|  36|0x0000000084a00000, 0x0000000084b00000, 0x0000000084b00000|100%| O|  |TAMS 0x0000000084a00000| PB 0x0000000084a00000| Untracked 
|  37|0x0000000084b00000, 0x0000000084c00000, 0x0000000084c00000|100%| O|  |TAMS 0x0000000084b00000| PB 0x0000000084b00000| Untracked 
|  38|0x0000000084c00000, 0x0000000084d00000, 0x0000000084d00000|100%| O|  |TAMS 0x0000000084c00000| PB 0x0000000084c00000| Untracked 
|  39|0x0000000084d00000, 0x0000000084e00000, 0x0000000084e00000|100%| O|  |TAMS 0x0000000084d00000| PB 0x0000000084d00000| Untracked 
|  40|0x0000000084e00000, 0x0000000084f00000, 0x0000000084f00000|100%| O|  |TAMS 0x0000000084e00000| PB 0x0000000084e00000| Untracked 
|  41|0x0000000084f00000, 0x0000000085000000, 0x0000000085000000|100%| O|  |TAMS 0x0000000084f00000| PB 0x0000000084f00000| Untracked 
|  42|0x0000000085000000, 0x0000000085100000, 0x0000000085100000|100%| O|  |TAMS 0x0000000085000000| PB 0x0000000085000000| Untracked 
|  43|0x0000000085100000, 0x0000000085200000, 0x0000000085200000|100%| O|  |TAMS 0x0000000085100000| PB 0x0000000085100000| Untracked 
|  44|0x0000000085200000, 0x0000000085300000, 0x0000000085300000|100%| O|  |TAMS 0x0000000085200000| PB 0x0000000085200000| Untracked 
|  45|0x0000000085300000, 0x0000000085400000, 0x0000000085400000|100%| O|  |TAMS 0x0000000085300000| PB 0x0000000085300000| Untracked 
|  46|0x0000000085400000, 0x0000000085500000, 0x0000000085500000|100%| O|  |TAMS 0x0000000085400000| PB 0x0000000085400000| Untracked 
|  47|0x0000000085500000, 0x0000000085600000, 0x0000000085600000|100%| O|  |TAMS 0x0000000085500000| PB 0x0000000085500000| Untracked 
|  48|0x0000000085600000, 0x0000000085700000, 0x0000000085700000|100%| O|  |TAMS 0x0000000085600000| PB 0x0000000085600000| Untracked 
|  49|0x0000000085700000, 0x0000000085800000, 0x0000000085800000|100%| O|  |TAMS 0x0000000085700000| PB 0x0000000085700000| Untracked 
|  50|0x0000000085800000, 0x0000000085900000, 0x0000000085900000|100%| O|  |TAMS 0x0000000085800000| PB 0x0000000085800000| Untracked 
|  51|0x0000000085900000, 0x0000000085a00000, 0x0000000085a00000|100%| O|  |TAMS 0x0000000085900000| PB 0x0000000085900000| Untracked 
|  52|0x0000000085a00000, 0x0000000085b00000, 0x0000000085b00000|100%| O|  |TAMS 0x0000000085a00000| PB 0x0000000085a00000| Untracked 
|  53|0x0000000085b00000, 0x0000000085c00000, 0x0000000085c00000|100%| O|  |TAMS 0x0000000085b00000| PB 0x0000000085b00000| Untracked 
|  54|0x0000000085c00000, 0x0000000085d00000, 0x0000000085d00000|100%| O|  |TAMS 0x0000000085c00000| PB 0x0000000085c00000| Untracked 
|  55|0x0000000085d00000, 0x0000000085e00000, 0x0000000085e00000|100%| O|  |TAMS 0x0000000085d00000| PB 0x0000000085d00000| Untracked 
|  56|0x0000000085e00000, 0x0000000085f00000, 0x0000000085f00000|100%| O|  |TAMS 0x0000000085e00000| PB 0x0000000085e00000| Untracked 
|  57|0x0000000085f00000, 0x0000000086000000, 0x0000000086000000|100%| O|  |TAMS 0x0000000085f00000| PB 0x0000000085f00000| Untracked 
|  58|0x0000000086000000, 0x0000000086100000, 0x0000000086100000|100%| O|  |TAMS 0x0000000086000000| PB 0x0000000086000000| Untracked 
|  59|0x0000000086100000, 0x0000000086100000, 0x0000000086200000|  0%| F|  |TAMS 0x0000000086100000| PB 0x0000000086100000| Untracked 
|  60|0x0000000086200000, 0x0000000086300000, 0x0000000086300000|100%|HS|  |TAMS 0x0000000086200000| PB 0x0000000086200000| Complete 
|  61|0x0000000086300000, 0x0000000086400000, 0x0000000086400000|100%|HC|  |TAMS 0x0000000086300000| PB 0x0000000086300000| Complete 
|  62|0x0000000086400000, 0x0000000086500000, 0x0000000086500000|100%| O|  |TAMS 0x0000000086400000| PB 0x0000000086400000| Untracked 
|  63|0x0000000086500000, 0x0000000086600000, 0x0000000086600000|100%| O|  |TAMS 0x0000000086500000| PB 0x0000000086500000| Untracked 
|  64|0x0000000086600000, 0x0000000086700000, 0x0000000086700000|100%| O|  |TAMS 0x0000000086600000| PB 0x0000000086600000| Untracked 
|  65|0x0000000086700000, 0x0000000086800000, 0x0000000086800000|100%| O|  |TAMS 0x0000000086700000| PB 0x0000000086700000| Untracked 
|  66|0x0000000086800000, 0x0000000086900000, 0x0000000086900000|100%| O|  |TAMS 0x0000000086800000| PB 0x0000000086800000| Untracked 
|  67|0x0000000086900000, 0x0000000086a00000, 0x0000000086a00000|100%| O|  |TAMS 0x0000000086900000| PB 0x0000000086900000| Untracked 
|  68|0x0000000086a00000, 0x0000000086a00000, 0x0000000086b00000|  0%| F|  |TAMS 0x0000000086a00000| PB 0x0000000086a00000| Untracked 
|  69|0x0000000086b00000, 0x0000000086c00000, 0x0000000086c00000|100%| O|  |TAMS 0x0000000086b00000| PB 0x0000000086b00000| Untracked 
|  70|0x0000000086c00000, 0x0000000086d00000, 0x0000000086d00000|100%| O|  |TAMS 0x0000000086c00000| PB 0x0000000086c00000| Untracked 
|  71|0x0000000086d00000, 0x0000000086e00000, 0x0000000086e00000|100%| O|  |TAMS 0x0000000086d00000| PB 0x0000000086d00000| Untracked 
|  72|0x0000000086e00000, 0x0000000086f00000, 0x0000000086f00000|100%| O|  |TAMS 0x0000000086e00000| PB 0x0000000086e00000| Untracked 
|  73|0x0000000086f00000, 0x0000000087000000, 0x0000000087000000|100%| O|  |TAMS 0x0000000086f00000| PB 0x0000000086f00000| Untracked 
|  74|0x0000000087000000, 0x0000000087100000, 0x0000000087100000|100%| O|  |TAMS 0x0000000087000000| PB 0x0000000087000000| Untracked 
|  75|0x0000000087100000, 0x0000000087200000, 0x0000000087200000|100%| O|  |TAMS 0x0000000087100000| PB 0x0000000087100000| Untracked 
|  76|0x0000000087200000, 0x00000000872e8f08, 0x0000000087300000| 90%| O|  |TAMS 0x0000000087200000| PB 0x0000000087200000| Untracked 
|  77|0x0000000087300000, 0x0000000087300000, 0x0000000087400000|  0%| F|  |TAMS 0x0000000087300000| PB 0x0000000087300000| Untracked 
|  78|0x0000000087400000, 0x0000000087400000, 0x0000000087500000|  0%| F|  |TAMS 0x0000000087400000| PB 0x0000000087400000| Untracked 
|  79|0x0000000087500000, 0x0000000087500000, 0x0000000087600000|  0%| F|  |TAMS 0x0000000087500000| PB 0x0000000087500000| Untracked 
|  80|0x0000000087600000, 0x0000000087600000, 0x0000000087700000|  0%| F|  |TAMS 0x0000000087600000| PB 0x0000000087600000| Untracked 
|  81|0x0000000087700000, 0x0000000087700000, 0x0000000087800000|  0%| F|  |TAMS 0x0000000087700000| PB 0x0000000087700000| Untracked 
|  82|0x0000000087800000, 0x0000000087800000, 0x0000000087900000|  0%| F|  |TAMS 0x0000000087800000| PB 0x0000000087800000| Untracked 
|  83|0x0000000087900000, 0x0000000087944390, 0x0000000087a00000| 26%| S|CS|TAMS 0x0000000087900000| PB 0x0000000087900000| Complete 
|  84|0x0000000087a00000, 0x0000000087b00000, 0x0000000087b00000|100%| S|CS|TAMS 0x0000000087a00000| PB 0x0000000087a00000| Complete 
|  85|0x0000000087b00000, 0x0000000087c00000, 0x0000000087c00000|100%| S|CS|TAMS 0x0000000087b00000| PB 0x0000000087b00000| Complete 
|  86|0x0000000087c00000, 0x0000000087d00000, 0x0000000087d00000|100%| S|CS|TAMS 0x0000000087c00000| PB 0x0000000087c00000| Complete 
|  87|0x0000000087d00000, 0x0000000087e00000, 0x0000000087e00000|100%| S|CS|TAMS 0x0000000087d00000| PB 0x0000000087d00000| Complete 
|  88|0x0000000087e00000, 0x0000000087e00000, 0x0000000087f00000|  0%| F|  |TAMS 0x0000000087e00000| PB 0x0000000087e00000| Untracked 
|  89|0x0000000087f00000, 0x0000000087f00000, 0x0000000088000000|  0%| F|  |TAMS 0x0000000087f00000| PB 0x0000000087f00000| Untracked 
|  90|0x0000000088000000, 0x0000000088000000, 0x0000000088100000|  0%| F|  |TAMS 0x0000000088000000| PB 0x0000000088000000| Untracked 
|  91|0x0000000088100000, 0x0000000088100000, 0x0000000088200000|  0%| F|  |TAMS 0x0000000088100000| PB 0x0000000088100000| Untracked 
|  92|0x0000000088200000, 0x0000000088200000, 0x0000000088300000|  0%| F|  |TAMS 0x0000000088200000| PB 0x0000000088200000| Untracked 
|  93|0x0000000088300000, 0x0000000088300000, 0x0000000088400000|  0%| F|  |TAMS 0x0000000088300000| PB 0x0000000088300000| Untracked 
|  94|0x0000000088400000, 0x0000000088400000, 0x0000000088500000|  0%| F|  |TAMS 0x0000000088400000| PB 0x0000000088400000| Untracked 
|  95|0x0000000088500000, 0x0000000088500000, 0x0000000088600000|  0%| F|  |TAMS 0x0000000088500000| PB 0x0000000088500000| Untracked 
|  96|0x0000000088600000, 0x0000000088600000, 0x0000000088700000|  0%| F|  |TAMS 0x0000000088600000| PB 0x0000000088600000| Untracked 
|  97|0x0000000088700000, 0x0000000088700000, 0x0000000088800000|  0%| F|  |TAMS 0x0000000088700000| PB 0x0000000088700000| Untracked 
|  98|0x0000000088800000, 0x0000000088800000, 0x0000000088900000|  0%| F|  |TAMS 0x0000000088800000| PB 0x0000000088800000| Untracked 
|  99|0x0000000088900000, 0x0000000088900000, 0x0000000088a00000|  0%| F|  |TAMS 0x0000000088900000| PB 0x0000000088900000| Untracked 
| 100|0x0000000088a00000, 0x0000000088a00000, 0x0000000088b00000|  0%| F|  |TAMS 0x0000000088a00000| PB 0x0000000088a00000| Untracked 
| 101|0x0000000088b00000, 0x0000000088b00000, 0x0000000088c00000|  0%| F|  |TAMS 0x0000000088b00000| PB 0x0000000088b00000| Untracked 
| 102|0x0000000088c00000, 0x0000000088c00000, 0x0000000088d00000|  0%| F|  |TAMS 0x0000000088c00000| PB 0x0000000088c00000| Untracked 
| 103|0x0000000088d00000, 0x0000000088d00000, 0x0000000088e00000|  0%| F|  |TAMS 0x0000000088d00000| PB 0x0000000088d00000| Untracked 
| 104|0x0000000088e00000, 0x0000000088e00000, 0x0000000088f00000|  0%| F|  |TAMS 0x0000000088e00000| PB 0x0000000088e00000| Untracked 
| 105|0x0000000088f00000, 0x0000000088f00000, 0x0000000089000000|  0%| F|  |TAMS 0x0000000088f00000| PB 0x0000000088f00000| Untracked 
| 106|0x0000000089000000, 0x0000000089000000, 0x0000000089100000|  0%| F|  |TAMS 0x0000000089000000| PB 0x0000000089000000| Untracked 
| 107|0x0000000089100000, 0x0000000089100000, 0x0000000089200000|  0%| F|  |TAMS 0x0000000089100000| PB 0x0000000089100000| Untracked 
| 108|0x0000000089200000, 0x0000000089200000, 0x0000000089300000|  0%| F|  |TAMS 0x0000000089200000| PB 0x0000000089200000| Untracked 
| 109|0x0000000089300000, 0x0000000089300000, 0x0000000089400000|  0%| F|  |TAMS 0x0000000089300000| PB 0x0000000089300000| Untracked 
| 110|0x0000000089400000, 0x0000000089400000, 0x0000000089500000|  0%| F|  |TAMS 0x0000000089400000| PB 0x0000000089400000| Untracked 
| 111|0x0000000089500000, 0x0000000089500000, 0x0000000089600000|  0%| F|  |TAMS 0x0000000089500000| PB 0x0000000089500000| Untracked 
| 112|0x0000000089600000, 0x0000000089600000, 0x0000000089700000|  0%| F|  |TAMS 0x0000000089600000| PB 0x0000000089600000| Untracked 
| 113|0x0000000089700000, 0x0000000089700000, 0x0000000089800000|  0%| F|  |TAMS 0x0000000089700000| PB 0x0000000089700000| Untracked 
| 114|0x0000000089800000, 0x0000000089800000, 0x0000000089900000|  0%| F|  |TAMS 0x0000000089800000| PB 0x0000000089800000| Untracked 
| 115|0x0000000089900000, 0x0000000089900000, 0x0000000089a00000|  0%| F|  |TAMS 0x0000000089900000| PB 0x0000000089900000| Untracked 
| 116|0x0000000089a00000, 0x0000000089a00000, 0x0000000089b00000|  0%| F|  |TAMS 0x0000000089a00000| PB 0x0000000089a00000| Untracked 
| 117|0x0000000089b00000, 0x0000000089b00000, 0x0000000089c00000|  0%| F|  |TAMS 0x0000000089b00000| PB 0x0000000089b00000| Untracked 
| 118|0x0000000089c00000, 0x0000000089c00000, 0x0000000089d00000|  0%| F|  |TAMS 0x0000000089c00000| PB 0x0000000089c00000| Untracked 
| 119|0x0000000089d00000, 0x0000000089d00000, 0x0000000089e00000|  0%| F|  |TAMS 0x0000000089d00000| PB 0x0000000089d00000| Untracked 
| 120|0x0000000089e00000, 0x0000000089e80000, 0x0000000089f00000| 50%| E|  |TAMS 0x0000000089e00000| PB 0x0000000089e00000| Complete 
| 121|0x0000000089f00000, 0x000000008a000000, 0x000000008a000000|100%| E|CS|TAMS 0x0000000089f00000| PB 0x0000000089f00000| Complete 
| 122|0x000000008a000000, 0x000000008a100000, 0x000000008a100000|100%| E|CS|TAMS 0x000000008a000000| PB 0x000000008a000000| Complete 
| 123|0x000000008a100000, 0x000000008a200000, 0x000000008a200000|100%| E|CS|TAMS 0x000000008a100000| PB 0x000000008a100000| Complete 
| 124|0x000000008a200000, 0x000000008a300000, 0x000000008a300000|100%| E|CS|TAMS 0x000000008a200000| PB 0x000000008a200000| Complete 
| 125|0x000000008a300000, 0x000000008a400000, 0x000000008a400000|100%| E|CS|TAMS 0x000000008a300000| PB 0x000000008a300000| Complete 
| 126|0x000000008a400000, 0x000000008a500000, 0x000000008a500000|100%| E|CS|TAMS 0x000000008a400000| PB 0x000000008a400000| Complete 
| 127|0x000000008a500000, 0x000000008a600000, 0x000000008a600000|100%| E|CS|TAMS 0x000000008a500000| PB 0x000000008a500000| Complete 
| 128|0x000000008a600000, 0x000000008a700000, 0x000000008a700000|100%| E|CS|TAMS 0x000000008a600000| PB 0x000000008a600000| Complete 
| 129|0x000000008a700000, 0x000000008a800000, 0x000000008a800000|100%| E|CS|TAMS 0x000000008a700000| PB 0x000000008a700000| Complete 
| 130|0x000000008a800000, 0x000000008a900000, 0x000000008a900000|100%| E|CS|TAMS 0x000000008a800000| PB 0x000000008a800000| Complete 
| 131|0x000000008a900000, 0x000000008aa00000, 0x000000008aa00000|100%| E|CS|TAMS 0x000000008a900000| PB 0x000000008a900000| Complete 
| 132|0x000000008aa00000, 0x000000008ab00000, 0x000000008ab00000|100%| E|CS|TAMS 0x000000008aa00000| PB 0x000000008aa00000| Complete 
| 133|0x000000008ab00000, 0x000000008ac00000, 0x000000008ac00000|100%| E|CS|TAMS 0x000000008ab00000| PB 0x000000008ab00000| Complete 
|1999|0x00000000ff500000, 0x00000000ff600000, 0x00000000ff600000|100%| O|  |TAMS 0x00000000ff500000| PB 0x00000000ff500000| Untracked 
|2000|0x00000000ff600000, 0x00000000ff700000, 0x00000000ff700000|100%| O|  |TAMS 0x00000000ff600000| PB 0x00000000ff600000| Untracked 
|2001|0x00000000ff700000, 0x00000000ff800000, 0x00000000ff800000|100%| O|  |TAMS 0x00000000ff700000| PB 0x00000000ff700000| Untracked 
|2002|0x00000000ff800000, 0x00000000ff900000, 0x00000000ff900000|100%| O|  |TAMS 0x00000000ff800000| PB 0x00000000ff800000| Untracked 
|2003|0x00000000ff900000, 0x00000000ffa00000, 0x00000000ffa00000|100%| O|  |TAMS 0x00000000ff900000| PB 0x00000000ff900000| Untracked 
|2004|0x00000000ffa00000, 0x00000000ffb00000, 0x00000000ffb00000|100%| O|  |TAMS 0x00000000ffa00000| PB 0x00000000ffa00000| Untracked 
|2005|0x00000000ffb00000, 0x00000000ffc00000, 0x00000000ffc00000|100%| O|  |TAMS 0x00000000ffb00000| PB 0x00000000ffb00000| Untracked 
|2006|0x00000000ffc00000, 0x00000000ffd00000, 0x00000000ffd00000|100%| O|  |TAMS 0x00000000ffc00000| PB 0x00000000ffc00000| Untracked 
|2007|0x00000000ffd00000, 0x00000000ffe00000, 0x00000000ffe00000|100%| O|  |TAMS 0x00000000ffd00000| PB 0x00000000ffd00000| Untracked 
|2008|0x00000000ffe00000, 0x00000000fff00000, 0x00000000fff00000|100%| O|  |TAMS 0x00000000ffe00000| PB 0x00000000ffe00000| Untracked 
|2009|0x00000000fff00000, 0x0000000100000000, 0x0000000100000000|100%| O|  |TAMS 0x00000000fff00000| PB 0x00000000fff00000| Untracked 

Card table byte_map: [0x0000013c29ea0000,0x0000013c2a290000] _byte_map_base: 0x0000013c29a8d000

Marking Bits: (CMBitMap*) 0x0000013c175d2b40
 Bits: [0x0000013c2a290000, 0x0000013c2c1f8000)

Polling page: 0x0000013c15390000

Metaspace:

Usage:
  Non-class:     56.86 MB used.
      Class:      7.21 MB used.
       Both:     64.06 MB used.

Virtual space:
  Non-class space:       64.00 MB reserved,      57.38 MB ( 90%) committed,  1 nodes.
      Class space:        1.00 GB reserved,       7.62 MB ( <1%) committed,  1 nodes.
             Both:        1.06 GB reserved,      65.00 MB (  6%) committed. 

Chunk freelists:
   Non-Class:  6.36 MB
       Class:  8.22 MB
        Both:  14.58 MB

MaxMetaspaceSize: unlimited
CompressedClassSpaceSize: 1.00 GB
Initial GC threshold: 21.00 MB
Current GC threshold: 95.56 MB
CDS: on
 - commit_granule_bytes: 65536.
 - commit_granule_words: 8192.
 - virtual_space_node_default_size: 8388608.
 - enlarge_chunks_in_place: 1.
 - use_allocation_guard: 0.


Internal statistics:

num_allocs_failed_limit: 12.
num_arena_births: 1500.
num_arena_deaths: 0.
num_vsnodes_births: 2.
num_vsnodes_deaths: 0.
num_space_committed: 1038.
num_space_uncommitted: 0.
num_chunks_returned_to_freelist: 12.
num_chunks_taken_from_freelist: 4117.
num_chunk_merges: 12.
num_chunk_splits: 3003.
num_chunks_enlarged: 2287.
num_inconsistent_stats: 0.

CodeHeap 'non-profiled nmethods': size=120000Kb used=8110Kb max_used=8110Kb free=111889Kb
 bounds [0x0000013c22250000, 0x0000013c22a40000, 0x0000013c29780000]
CodeHeap 'profiled nmethods': size=120000Kb used=39232Kb max_used=39232Kb free=80767Kb
 bounds [0x0000013c1a780000, 0x0000013c1cde0000, 0x0000013c21cb0000]
CodeHeap 'non-nmethods': size=5760Kb used=1652Kb max_used=1694Kb free=4107Kb
 bounds [0x0000013c21cb0000, 0x0000013c21f20000, 0x0000013c22250000]
CodeCache: size=245760Kb, used=48994Kb, max_used=49036Kb, free=196763Kb
 total_blobs=13119, nmethods=12350, adapters=670, full_count=0
Compilation: enabled, stopped_count=0, restarted_count=0

Compilation events (20 events):
Event: 29.822 Thread 0x0000013c7c614590 nmethod 14110 0x0000013c22a39390 code [0x0000013c22a39520, 0x0000013c22a396a0]
Event: 29.824 Thread 0x0000013c2ec54190 nmethod 14133 0x0000013c1cdb8610 code [0x0000013c1cdb8aa0, 0x0000013c1cdbaa00]
Event: 29.826 Thread 0x0000013c2ec54190 14134       3       org.jetbrains.kotlin.ir.declarations.impl.IrFunctionImpl::<init> (196 bytes)
Event: 29.827 Thread 0x0000013c2ec539b0 14163       4       java.lang.invoke.Invokers$Holder::linkToTargetMethod (13 bytes)
Event: 29.828 Thread 0x0000013c2ec54190 nmethod 14134 0x0000013c1cdbb710 code [0x0000013c1cdbbc00, 0x0000013c1cdbe180]
Event: 29.830 Thread 0x0000013c2ec539b0 nmethod 14163 0x0000013c22a39890 code [0x0000013c22a39a20, 0x0000013c22a39b28]
Event: 29.830 Thread 0x0000013c2ec54190 14161       1       org.jetbrains.kotlin.ir.util.SymbolTable::getLock (5 bytes)
Event: 29.830 Thread 0x0000013c2ec54190 nmethod 14161 0x0000013c22a39c10 code [0x0000013c22a39da0, 0x0000013c22a39e68]
Event: 29.830 Thread 0x0000013c2ec539b0 14165       4       jdk.internal.loader.BuiltinClassLoader::loadClassOrNull (7 bytes)
Event: 29.831 Thread 0x0000013c2ec54190 14162       1       org.jetbrains.kotlin.ir.declarations.lazy.IrLazyClass::getStubGenerator (5 bytes)
Event: 29.831 Thread 0x0000013c2ec54190 nmethod 14162 0x0000013c22a39f10 code [0x0000013c22a3a0a0, 0x0000013c22a3a168]
Event: 29.831 Thread 0x0000013c2ec54190 14164       1       org.jetbrains.kotlin.ir.declarations.impl.IrExternalPackageFragmentImpl::getDeclarations (5 bytes)
Event: 29.831 Thread 0x0000013c2ec54190 nmethod 14164 0x0000013c22a3a210 code [0x0000013c22a3a3a0, 0x0000013c22a3a468]
Event: 29.831 Thread 0x0000013c2ec54190 14135       3       org.jetbrains.kotlin.ir.declarations.IrSimpleFunction::<init> (5 bytes)
Event: 29.831 Thread 0x0000013c2ec54190 nmethod 14135 0x0000013c1cdbef10 code [0x0000013c1cdbf0c0, 0x0000013c1cdbf340]
Event: 29.831 Thread 0x0000013c2ec54190 14136       3       org.jetbrains.kotlin.ir.declarations.impl.IrFunctionImpl::setReturnType (12 bytes)
Event: 29.831 Thread 0x0000013c2ec54190 nmethod 14136 0x0000013c1cdbf490 code [0x0000013c1cdbf6c0, 0x0000013c1cdbfcc0]
Event: 29.831 Thread 0x0000013c2ec54190 14142       3       org.jetbrains.kotlin.ir.util.OverridesKt$$Lambda/0x0000013c30795b48::<init> (32 bytes)
Event: 29.832 Thread 0x0000013c2ec54190 nmethod 14142 0x0000013c1cdbff10 code [0x0000013c1cdc00c0, 0x0000013c1cdc0340]
Event: 29.832 Thread 0x0000013c2ec54190 14143   !   3       org.jetbrains.kotlin.ir.util.SymbolTableExtension::declareSimpleFunction (387 bytes)

GC Heap History (20 events):
Event: 10.724 GC heap before
{Heap before GC invocations=9 (full 0):
 garbage-first heap   total 107520K, used 91470K [0x0000000082600000, 0x0000000100000000)
  region size 1024K, 45 young (46080K), 6 survivors (6144K)
 Metaspace       used 47143K, committed 47936K, reserved 1114112K
  class space    used 5858K, committed 6208K, reserved 1048576K
}
Event: 10.741 GC heap after
{Heap after GC invocations=10 (full 0):
 garbage-first heap   total 107520K, used 53644K [0x0000000082600000, 0x0000000100000000)
  region size 1024K, 3 young (3072K), 3 survivors (3072K)
 Metaspace       used 47143K, committed 47936K, reserved 1114112K
  class space    used 5858K, committed 6208K, reserved 1048576K
}
Event: 12.596 GC heap before
{Heap before GC invocations=10 (full 0):
 garbage-first heap   total 107520K, used 92556K [0x0000000082600000, 0x0000000100000000)
  region size 1024K, 41 young (41984K), 3 survivors (3072K)
 Metaspace       used 50146K, committed 51008K, reserved 1114112K
  class space    used 6087K, committed 6464K, reserved 1048576K
}
Event: 12.626 GC heap after
{Heap after GC invocations=11 (full 0):
 garbage-first heap   total 129024K, used 61257K [0x0000000082600000, 0x0000000100000000)
  region size 1024K, 6 young (6144K), 6 survivors (6144K)
 Metaspace       used 50146K, committed 51008K, reserved 1114112K
  class space    used 6087K, committed 6464K, reserved 1048576K
}
Event: 15.000 GC heap before
{Heap before GC invocations=12 (full 0):
 garbage-first heap   total 129024K, used 109385K [0x0000000082600000, 0x0000000100000000)
  region size 1024K, 53 young (54272K), 6 survivors (6144K)
 Metaspace       used 53964K, committed 54848K, reserved 1114112K
  class space    used 6491K, committed 6912K, reserved 1048576K
}
Event: 15.020 GC heap after
{Heap after GC invocations=13 (full 0):
 garbage-first heap   total 129024K, used 67263K [0x0000000082600000, 0x0000000100000000)
  region size 1024K, 6 young (6144K), 6 survivors (6144K)
 Metaspace       used 53964K, committed 54848K, reserved 1114112K
  class space    used 6491K, committed 6912K, reserved 1048576K
}
Event: 16.505 GC heap before
{Heap before GC invocations=13 (full 0):
 garbage-first heap   total 129024K, used 112319K [0x0000000082600000, 0x0000000100000000)
  region size 1024K, 49 young (50176K), 6 survivors (6144K)
 Metaspace       used 55358K, committed 56256K, reserved 1114112K
  class space    used 6536K, committed 6912K, reserved 1048576K
}
Event: 16.525 GC heap after
{Heap after GC invocations=14 (full 0):
 garbage-first heap   total 129024K, used 72199K [0x0000000082600000, 0x0000000100000000)
  region size 1024K, 6 young (6144K), 6 survivors (6144K)
 Metaspace       used 55358K, committed 56256K, reserved 1114112K
  class space    used 6536K, committed 6912K, reserved 1048576K
}
Event: 18.198 GC heap before
{Heap before GC invocations=14 (full 0):
 garbage-first heap   total 129024K, used 113159K [0x0000000082600000, 0x0000000100000000)
  region size 1024K, 46 young (47104K), 6 survivors (6144K)
 Metaspace       used 56367K, committed 57216K, reserved 1114112K
  class space    used 6559K, committed 6976K, reserved 1048576K
}
Event: 18.215 GC heap after
{Heap after GC invocations=15 (full 0):
 garbage-first heap   total 129024K, used 77707K [0x0000000082600000, 0x0000000100000000)
  region size 1024K, 5 young (5120K), 5 survivors (5120K)
 Metaspace       used 56367K, committed 57216K, reserved 1114112K
  class space    used 6559K, committed 6976K, reserved 1048576K
}
Event: 20.126 GC heap before
{Heap before GC invocations=16 (full 0):
 garbage-first heap   total 130048K, used 116619K [0x0000000082600000, 0x0000000100000000)
  region size 1024K, 41 young (41984K), 5 survivors (5120K)
 Metaspace       used 56968K, committed 57856K, reserved 1114112K
  class space    used 6584K, committed 6976K, reserved 1048576K
}
Event: 20.150 GC heap after
{Heap after GC invocations=17 (full 0):
 garbage-first heap   total 130048K, used 83922K [0x0000000082600000, 0x0000000100000000)
  region size 1024K, 4 young (4096K), 4 survivors (4096K)
 Metaspace       used 56968K, committed 57856K, reserved 1114112K
  class space    used 6584K, committed 6976K, reserved 1048576K
}
Event: 21.835 GC heap before
{Heap before GC invocations=17 (full 0):
 garbage-first heap   total 130048K, used 117714K [0x0000000082600000, 0x0000000100000000)
  region size 1024K, 37 young (37888K), 4 survivors (4096K)
 Metaspace       used 57413K, committed 58304K, reserved 1114112K
  class space    used 6623K, committed 7040K, reserved 1048576K
}
Event: 21.858 GC heap after
{Heap after GC invocations=18 (full 0):
 garbage-first heap   total 130048K, used 85909K [0x0000000082600000, 0x0000000100000000)
  region size 1024K, 4 young (4096K), 4 survivors (4096K)
 Metaspace       used 57413K, committed 58304K, reserved 1114112K
  class space    used 6623K, committed 7040K, reserved 1048576K
}
Event: 24.365 GC heap before
{Heap before GC invocations=18 (full 0):
 garbage-first heap   total 130048K, used 117653K [0x0000000082600000, 0x0000000100000000)
  region size 1024K, 35 young (35840K), 4 survivors (4096K)
 Metaspace       used 57853K, committed 58688K, reserved 1114112K
  class space    used 6649K, committed 7040K, reserved 1048576K
}
Event: 24.383 GC heap after
{Heap after GC invocations=19 (full 0):
 garbage-first heap   total 130048K, used 88812K [0x0000000082600000, 0x0000000100000000)
  region size 1024K, 3 young (3072K), 3 survivors (3072K)
 Metaspace       used 57853K, committed 58688K, reserved 1114112K
  class space    used 6649K, committed 7040K, reserved 1048576K
}
Event: 26.582 GC heap before
{Heap before GC invocations=20 (full 0):
 garbage-first heap   total 148480K, used 119532K [0x0000000082600000, 0x0000000100000000)
  region size 1024K, 33 young (33792K), 3 survivors (3072K)
 Metaspace       used 59046K, committed 59904K, reserved 1114112K
  class space    used 6759K, committed 7168K, reserved 1048576K
}
Event: 26.595 GC heap after
{Heap after GC invocations=21 (full 0):
 garbage-first heap   total 148480K, used 90995K [0x0000000082600000, 0x0000000100000000)
  region size 1024K, 2 young (2048K), 2 survivors (2048K)
 Metaspace       used 59046K, committed 59904K, reserved 1114112K
  class space    used 6759K, committed 7168K, reserved 1048576K
}
Event: 28.311 GC heap before
{Heap before GC invocations=21 (full 0):
 garbage-first heap   total 148480K, used 136051K [0x0000000082600000, 0x0000000100000000)
  region size 1024K, 46 young (47104K), 2 survivors (2048K)
 Metaspace       used 65021K, committed 65920K, reserved 1114112K
  class space    used 7334K, committed 7744K, reserved 1048576K
}
Event: 28.325 GC heap after
{Heap after GC invocations=22 (full 0):
 garbage-first heap   total 148480K, used 92340K [0x0000000082600000, 0x0000000100000000)
  region size 1024K, 5 young (5120K), 5 survivors (5120K)
 Metaspace       used 65021K, committed 65920K, reserved 1114112K
  class space    used 7334K, committed 7744K, reserved 1048576K
}

Dll operation events (7 events):
Event: 0.009 Loaded shared library C:\Users\Admin\.vscode\extensions\redhat.java-1.54.0-win32-x64\jre\21.0.10-win32-x86_64\bin\java.dll
Event: 0.124 Loaded shared library C:\Users\Admin\.vscode\extensions\redhat.java-1.54.0-win32-x64\jre\21.0.10-win32-x86_64\bin\net.dll
Event: 0.126 Loaded shared library C:\Users\Admin\.vscode\extensions\redhat.java-1.54.0-win32-x64\jre\21.0.10-win32-x86_64\bin\nio.dll
Event: 0.152 Loaded shared library C:\Users\Admin\.vscode\extensions\redhat.java-1.54.0-win32-x64\jre\21.0.10-win32-x86_64\bin\zip.dll
Event: 0.171 Loaded shared library C:\Users\Admin\.vscode\extensions\redhat.java-1.54.0-win32-x64\jre\21.0.10-win32-x86_64\bin\zip.dll
Event: 0.173 Loaded shared library C:\Users\Admin\.vscode\extensions\redhat.java-1.54.0-win32-x64\jre\21.0.10-win32-x86_64\bin\jimage.dll
Event: 2.042 Loaded shared library C:\Users\Admin\.vscode\extensions\redhat.java-1.54.0-win32-x64\jre\21.0.10-win32-x86_64\bin\verify.dll

Deoptimization events (20 events):
Event: 28.717 Thread 0x0000013c15215e30 Uncommon trap: trap_request=0xffffff45 fr.pc=0x0000013c22a1ae94 relative=0x0000000000000974
Event: 28.717 Thread 0x0000013c15215e30 Uncommon trap: reason=unstable_if action=reinterpret pc=0x0000013c22a1ae94 method=org.jetbrains.kotlin.ir.util.TypeTranslator.translateTypeAnnotations(Lorg/jetbrains/kotlin/types/KotlinType;Lorg/jetbrains/kotlin/types/KotlinType;)Ljava/util/List; @ 202 c2
Event: 28.717 Thread 0x0000013c15215e30 DEOPT PACKING pc=0x0000013c22a1ae94 sp=0x00000013df1fdd40
Event: 28.717 Thread 0x0000013c15215e30 DEOPT UNPACKING pc=0x0000013c21d04422 sp=0x00000013df1fdca0 mode 2
Event: 28.732 Thread 0x0000013c15215e30 Uncommon trap: trap_request=0xffffffde fr.pc=0x0000013c22a1d720 relative=0x0000000000000220
Event: 28.732 Thread 0x0000013c15215e30 Uncommon trap: reason=class_check action=maybe_recompile pc=0x0000013c22a1d720 method=org.jetbrains.kotlin.ir.util.TypeTranslator.isMutabilityFlexible(Lorg/jetbrains/kotlin/types/KotlinType;)Z @ 42 c2
Event: 28.732 Thread 0x0000013c15215e30 DEOPT PACKING pc=0x0000013c22a1d720 sp=0x00000013df1fcab0
Event: 28.732 Thread 0x0000013c15215e30 DEOPT UNPACKING pc=0x0000013c21d04422 sp=0x00000013df1fca40 mode 2
Event: 28.734 Thread 0x0000013c15215e30 Uncommon trap: trap_request=0xffffffde fr.pc=0x0000013c22a1d720 relative=0x0000000000000220
Event: 28.734 Thread 0x0000013c15215e30 Uncommon trap: reason=class_check action=maybe_recompile pc=0x0000013c22a1d720 method=org.jetbrains.kotlin.ir.util.TypeTranslator.isMutabilityFlexible(Lorg/jetbrains/kotlin/types/KotlinType;)Z @ 42 c2
Event: 28.734 Thread 0x0000013c15215e30 DEOPT PACKING pc=0x0000013c22a1d720 sp=0x00000013df1fc110
Event: 28.734 Thread 0x0000013c15215e30 DEOPT UNPACKING pc=0x0000013c21d04422 sp=0x00000013df1fc0a0 mode 2
Event: 28.735 Thread 0x0000013c15215e30 Uncommon trap: trap_request=0xffffffde fr.pc=0x0000013c22a1d720 relative=0x0000000000000220
Event: 28.735 Thread 0x0000013c15215e30 Uncommon trap: reason=class_check action=maybe_recompile pc=0x0000013c22a1d720 method=org.jetbrains.kotlin.ir.util.TypeTranslator.isMutabilityFlexible(Lorg/jetbrains/kotlin/types/KotlinType;)Z @ 42 c2
Event: 28.735 Thread 0x0000013c15215e30 DEOPT PACKING pc=0x0000013c22a1d720 sp=0x00000013df1fc400
Event: 28.735 Thread 0x0000013c15215e30 DEOPT UNPACKING pc=0x0000013c21d04422 sp=0x00000013df1fc390 mode 2
Event: 28.736 Thread 0x0000013c15215e30 Uncommon trap: trap_request=0xffffffde fr.pc=0x0000013c22a1d720 relative=0x0000000000000220
Event: 28.736 Thread 0x0000013c15215e30 Uncommon trap: reason=class_check action=maybe_recompile pc=0x0000013c22a1d720 method=org.jetbrains.kotlin.ir.util.TypeTranslator.isMutabilityFlexible(Lorg/jetbrains/kotlin/types/KotlinType;)Z @ 42 c2
Event: 28.736 Thread 0x0000013c15215e30 DEOPT PACKING pc=0x0000013c22a1d720 sp=0x00000013df1fba60
Event: 28.736 Thread 0x0000013c15215e30 DEOPT UNPACKING pc=0x0000013c21d04422 sp=0x00000013df1fb9f0 mode 2

Classes loaded (20 events):
Event: 14.001 Loading class java/util/Collections$2
Event: 14.002 Loading class java/util/Collections$2 done
Event: 22.069 Loading class java/util/regex/Pattern$Bound
Event: 22.069 Loading class java/util/regex/Pattern$Bound done
Event: 22.070 Loading class java/util/regex/Pattern$LookBehindEndNode
Event: 22.070 Loading class java/util/regex/Pattern$LookBehindEndNode done
Event: 22.070 Loading class java/util/regex/Pattern$NotBehind
Event: 22.070 Loading class java/util/regex/Pattern$NotBehind done
Event: 26.026 Loading class java/security/CodeSigner
Event: 26.026 Loading class java/security/CodeSigner done
Event: 27.323 Loading class java/text/MessageFormat
Event: 27.323 Loading class java/text/MessageFormat done
Event: 27.333 Loading class jdk/internal/reflect/MethodHandleBooleanFieldAccessorImpl
Event: 27.334 Loading class jdk/internal/reflect/MethodHandleBooleanFieldAccessorImpl done
Event: 27.386 Loading class java/text/ChoiceFormat
Event: 27.387 Loading class java/text/ChoiceFormat done
Event: 27.401 Loading class java/lang/invoke/DirectMethodHandle$1
Event: 27.401 Loading class java/lang/invoke/DirectMethodHandle$1 done
Event: 27.411 Loading class java/text/MessageFormat$Field
Event: 27.411 Loading class java/text/MessageFormat$Field done

Classes unloaded (0 events):
No events

Classes redefined (0 events):
No events

Internal exceptions (20 events):
Event: 26.109 Thread 0x0000013c15215e30 Implicit null exception at 0x0000013c222f853a to 0x0000013c222f87c0
Event: 27.335 Thread 0x0000013c15215e30 Exception <a 'java/lang/NoSuchMethodError'{0x000000008974ca28}: 'void java.lang.invoke.Invokers$Holder.invokeExact_MT(java.lang.Object, java.lang.Object, java.lang.Object, java.lang.Object)'> (0x000000008974ca28) 
thrown [s\src\hotspot\share\interpreter\linkResolver.cpp, line 773]
Event: 27.623 Thread 0x0000013c15215e30 Exception <a 'java/lang/NoSuchMethodError'{0x0000000088f89608}: 'java.lang.Object java.lang.invoke.DirectMethodHandle$Holder.newInvokeSpecial(java.lang.Object, java.lang.Object, java.lang.Object, java.lang.Object, java.lang.Object, int, java.lang.Object)'> (0x0000000088f89608) 
thrown [s\src\hotspot\share\interpreter\linkResolver.cpp, line 773]
Event: 27.623 Thread 0x0000013c15215e30 Exception <a 'java/lang/NoSuchMethodError'{0x0000000088f8d820}: 'java.lang.Object java.lang.invoke.DirectMethodHandle$Holder.invokeSpecial(java.lang.Object, java.lang.Object, java.lang.Object, java.lang.Object, java.lang.Object, java.lang.Object, int, java.lang.Object)'> (0x0000000088f8d820) 
thrown [s\src\hotspot\share\interpreter\linkResolver.cpp, line 773]
Event: 27.623 Thread 0x0000013c15215e30 Exception <a 'java/lang/NoSuchMethodError'{0x0000000088f913c8}: 'java.lang.Object java.lang.invoke.Invokers$Holder.linkToTargetMethod(java.lang.Object, java.lang.Object, java.lang.Object, java.lang.Object, int, java.lang.Object, java.lang.Object)'> (0x0000000088f913c8) 
thrown [s\src\hotspot\share\interpreter\linkResolver.cpp, line 773]
Event: 27.826 Thread 0x0000013c15215e30 Exception <a 'java/lang/NoSuchMethodError'{0x00000000889971f0}: 'java.lang.Object java.lang.invoke.DirectMethodHandle$Holder.newInvokeSpecial(java.lang.Object, java.lang.Object, int, int, java.lang.Object, java.lang.Object, java.lang.Object)'> (0x00000000889971f0) 
thrown [s\src\hotspot\share\interpreter\linkResolver.cpp, line 773]
Event: 27.891 Thread 0x0000013c15215e30 Exception <a 'java/lang/NoSuchMethodError'{0x000000008871d7b0}: 'java.lang.Object java.lang.invoke.DirectMethodHandle$Holder.newInvokeSpecial(java.lang.Object, java.lang.Object, int, int, java.lang.Object, java.lang.Object, java.lang.Object, java.lang.Object)'> (0x000000008871d7b0) 
thrown [s\src\hotspot\share\interpreter\linkResolver.cpp, line 773]
Event: 27.902 Thread 0x0000013c15215e30 Exception <a 'java/lang/NoSuchMethodError'{0x000000008876e308}: 'java.lang.Object java.lang.invoke.DirectMethodHandle$Holder.invokeStatic(java.lang.Object, java.lang.Object, java.lang.Object, int, int, java.lang.Object, java.lang.Object)'> (0x000000008876e308) 
thrown [s\src\hotspot\share\interpreter\linkResolver.cpp, line 773]
Event: 27.902 Thread 0x0000013c15215e30 Exception <a 'java/lang/NoSuchMethodError'{0x0000000088776840}: 'java.lang.Object java.lang.invoke.DirectMethodHandle$Holder.newInvokeSpecial(java.lang.Object, java.lang.Object, java.lang.Object, int, int, java.lang.Object)'> (0x0000000088776840) 
thrown [s\src\hotspot\share\interpreter\linkResolver.cpp, line 773]
Event: 27.903 Thread 0x0000013c15215e30 Exception <a 'java/lang/NoSuchMethodError'{0x000000008877dc58}: 'java.lang.Object java.lang.invoke.Invokers$Holder.linkToTargetMethod(java.lang.Object, java.lang.Object, int, int, java.lang.Object, java.lang.Object)'> (0x000000008877dc58) 
thrown [s\src\hotspot\share\interpreter\linkResolver.cpp, line 773]
Event: 27.932 Thread 0x0000013c15215e30 Exception <a 'java/lang/NoSuchMethodError'{0x0000000088646af0}: 'java.lang.Object java.lang.invoke.DirectMethodHandle$Holder.newInvokeSpecial(java.lang.Object, java.lang.Object, java.lang.Object, int, int, java.lang.Object, java.lang.Object)'> (0x0000000088646af0) 
thrown [s\src\hotspot\share\interpreter\linkResolver.cpp, line 773]
Event: 27.932 Thread 0x0000013c15215e30 Exception <a 'java/lang/NoSuchMethodError'{0x000000008864e258}: 'java.lang.Object java.lang.invoke.Invokers$Holder.linkToTargetMethod(java.lang.Object, java.lang.Object, int, int, java.lang.Object, java.lang.Object, java.lang.Object)'> (0x000000008864e258) 
thrown [s\src\hotspot\share\interpreter\linkResolver.cpp, line 773]
Event: 27.944 Thread 0x0000013c15215e30 Exception <a 'java/lang/NoSuchMethodError'{0x000000008868f4f0}: 'java.lang.Object java.lang.invoke.DirectMethodHandle$Holder.newInvokeSpecial(java.lang.Object, java.lang.Object, java.lang.Object, int, int, java.lang.Object, java.lang.Object, java.lang.Object, java.lang.Object)'> (0x000000008868f4f0) 
thrown [s\src\hotspot\share\interpreter\linkResolver.cpp, line 773]
Event: 27.944 Thread 0x0000013c15215e30 Exception <a 'java/lang/NoSuchMethodError'{0x00000000886977e0}: 'java.lang.Object java.lang.invoke.Invokers$Holder.linkToTargetMethod(java.lang.Object, java.lang.Object, int, int, java.lang.Object, java.lang.Object, java.lang.Object, java.lang.Object, java.lang.Object)'> (0x00000000886977e0) 
thrown [s\src\hotspot\share\interpreter\linkResolver.cpp, line 773]
Event: 28.178 Thread 0x0000013c15215e30 Exception <a 'java/lang/NoSuchMethodError'{0x000000008800ec88}: 'java.lang.Object java.lang.invoke.DirectMethodHandle$Holder.invokeStatic(java.lang.Object, java.lang.Object, java.lang.Object, int, int, java.lang.Object, java.lang.Object, java.lang.Object)'> (0x000000008800ec88) 
thrown [s\src\hotspot\share\interpreter\linkResolver.cpp, line 773]
Event: 28.179 Thread 0x0000013c15215e30 Exception <a 'java/lang/NoSuchMethodError'{0x0000000088016830}: 'java.lang.Object java.lang.invoke.DirectMethodHandle$Holder.newInvokeSpecial(java.lang.Object, java.lang.Object, java.lang.Object, int, int)'> (0x0000000088016830) 
thrown [s\src\hotspot\share\interpreter\linkResolver.cpp, line 773]
Event: 28.180 Thread 0x0000013c15215e30 Exception <a 'java/lang/NoSuchMethodError'{0x000000008801a3d0}: 'java.lang.Object java.lang.invoke.DirectMethodHandle$Holder.invokeSpecial(java.lang.Object, java.lang.Object, java.lang.Object, java.lang.Object, int, int)'> (0x000000008801a3d0) 
thrown [s\src\hotspot\share\interpreter\linkResolver.cpp, line 773]
Event: 28.180 Thread 0x0000013c15215e30 Exception <a 'java/lang/NoSuchMethodError'{0x000000008801db60}: 'java.lang.Object java.lang.invoke.Invokers$Holder.linkToTargetMethod(java.lang.Object, java.lang.Object, int, int, java.lang.Object)'> (0x000000008801db60) 
thrown [s\src\hotspot\share\interpreter\linkResolver.cpp, line 773]
Event: 28.256 Thread 0x0000013c15215e30 Exception <a 'java/lang/NoSuchMethodError'{0x0000000087f87f48}: 'java.lang.Object java.lang.invoke.DirectMethodHandle$Holder.newInvokeSpecial(java.lang.Object, int, int, java.lang.Object, java.lang.Object, java.lang.Object, java.lang.Object, java.lang.Object)'> (0x0000000087f87f48) 
thrown [s\src\hotspot\share\interpreter\linkResolver.cpp, line 773]
Event: 28.256 Thread 0x0000013c15215e30 Exception <a 'java/lang/NoSuchMethodError'{0x0000000087f8c640}: 'java.lang.Object java.lang.invoke.DirectMethodHandle$Holder.invokeSpecial(java.lang.Object, java.lang.Object, int, int, java.lang.Object, java.lang.Object, java.lang.Object, java.lang.Object, java.lang.Object)'> (0x0000000087f8c640) 
thrown [s\src\hotspot\share\interpreter\linkResolver.cpp, line 773]

ZGC Phase Switch (0 events):
No events

VM Operations (20 events):
Event: 28.311 Executing safepoint VM operation: ICBufferFull done
Event: 28.311 Executing safepoint VM operation: G1CollectForAllocation (G1 Evacuation Pause)
Event: 28.325 Executing safepoint VM operation: G1CollectForAllocation (G1 Evacuation Pause) done
Event: 28.378 Executing non-safepoint VM operation: HandshakeAllThreads (Deoptimize)
Event: 28.378 Executing non-safepoint VM operation: HandshakeAllThreads (Deoptimize) done
Event: 28.423 Executing safepoint VM operation: ICBufferFull
Event: 28.423 Executing safepoint VM operation: ICBufferFull done
Event: 28.524 Executing safepoint VM operation: ICBufferFull
Event: 28.524 Executing safepoint VM operation: ICBufferFull done
Event: 28.632 Executing safepoint VM operation: ICBufferFull
Event: 28.632 Executing safepoint VM operation: ICBufferFull done
Event: 28.655 Executing non-safepoint VM operation: HandshakeAllThreads (Deoptimize)
Event: 28.655 Executing non-safepoint VM operation: HandshakeAllThreads (Deoptimize) done
Event: 28.732 Executing safepoint VM operation: ICBufferFull
Event: 28.733 Executing safepoint VM operation: ICBufferFull done
Event: 29.818 Executing non-safepoint VM operation: HandshakeAllThreads (Deoptimize)
Event: 29.818 Executing non-safepoint VM operation: HandshakeAllThreads (Deoptimize) done
Event: 29.818 Executing safepoint VM operation: Cleanup
Event: 29.818 Executing safepoint VM operation: Cleanup done
Event: 30.820 Executing safepoint VM operation: Cleanup

Memory protections (0 events):
No events

Nmethod flushes (20 events):
Event: 24.616 Thread 0x0000013c2ec20c20 flushing  nmethod 0x0000013c1b61d190
Event: 24.616 Thread 0x0000013c2ec20c20 flushing  nmethod 0x0000013c1b63db90
Event: 24.616 Thread 0x0000013c2ec20c20 flushing  nmethod 0x0000013c1b63eb90
Event: 24.616 Thread 0x0000013c2ec20c20 flushing  nmethod 0x0000013c1b641910
Event: 24.616 Thread 0x0000013c2ec20c20 flushing  nmethod 0x0000013c1b6a2b90
Event: 24.616 Thread 0x0000013c2ec20c20 flushing  nmethod 0x0000013c1b6aff90
Event: 24.616 Thread 0x0000013c2ec20c20 flushing  nmethod 0x0000013c1b6b1e90
Event: 24.616 Thread 0x0000013c2ec20c20 flushing  nmethod 0x0000013c1b6fa510
Event: 24.616 Thread 0x0000013c2ec20c20 flushing  nmethod 0x0000013c1b6fab10
Event: 24.616 Thread 0x0000013c2ec20c20 flushing  nmethod 0x0000013c1b6fce10
Event: 24.616 Thread 0x0000013c2ec20c20 flushing  nmethod 0x0000013c1b73f890
Event: 24.616 Thread 0x0000013c2ec20c20 flushing  nmethod 0x0000013c1b768110
Event: 24.616 Thread 0x0000013c2ec20c20 flushing  nmethod 0x0000013c1b771e10
Event: 24.616 Thread 0x0000013c2ec20c20 flushing  nmethod 0x0000013c1b7c1990
Event: 24.616 Thread 0x0000013c2ec20c20 flushing  nmethod 0x0000013c1b7ef410
Event: 24.616 Thread 0x0000013c2ec20c20 flushing  nmethod 0x0000013c1b7f0690
Event: 24.616 Thread 0x0000013c2ec20c20 flushing  nmethod 0x0000013c1b998990
Event: 24.616 Thread 0x0000013c2ec20c20 flushing  nmethod 0x0000013c1baa0810
Event: 24.616 Thread 0x0000013c2ec20c20 flushing  nmethod 0x0000013c1bddf310
Event: 24.616 Thread 0x0000013c2ec20c20 flushing  nmethod 0x0000013c1c23a810

Events (20 events):
Event: 0.615 Thread 0x0000013c74150300 Thread exited: 0x0000013c74150300
Event: 1.178 Thread 0x0000013c7414c500 Thread exited: 0x0000013c7414c500
Event: 2.197 Thread 0x0000013c2ec54190 Thread added: 0x0000013c7576a480
Event: 2.235 Thread 0x0000013c2ec54190 Thread added: 0x0000013c75bce400
Event: 2.971 Thread 0x0000013c75bce400 Thread exited: 0x0000013c75bce400
Event: 3.636 Thread 0x0000013c7576a480 Thread exited: 0x0000013c7576a480
Event: 4.318 Thread 0x0000013c2ec539b0 Thread added: 0x0000013c7599f080
Event: 4.319 Thread 0x0000013c2ec539b0 Thread added: 0x0000013c79a88470
Event: 4.593 Thread 0x0000013c79a88470 Thread exited: 0x0000013c79a88470
Event: 4.593 Thread 0x0000013c7599f080 Thread exited: 0x0000013c7599f080
Event: 6.517 Thread 0x0000013c2ec54190 Thread added: 0x0000013c79985030
Event: 6.517 Thread 0x0000013c2ec54190 Thread added: 0x0000013c7995b870
Event: 6.643 Thread 0x0000013c7995b870 Thread exited: 0x0000013c7995b870
Event: 6.996 Thread 0x0000013c79985030 Thread exited: 0x0000013c79985030
Event: 7.559 Thread 0x0000013c2ec54190 Thread added: 0x0000013c78de4e60
Event: 13.645 Thread 0x0000013c2ec54190 Thread added: 0x0000013c7a3d1930
Event: 27.959 Thread 0x0000013c7a3d1930 Thread exited: 0x0000013c7a3d1930
Event: 27.977 Thread 0x0000013c78de4e60 Thread exited: 0x0000013c78de4e60
Event: 28.520 Thread 0x0000013c2ec54190 Thread added: 0x0000013c7c610840
Event: 28.628 Thread 0x0000013c2ec54190 Thread added: 0x0000013c7c614590


Dynamic libraries:
0x00007ff6156d0000 - 0x00007ff6156de000 	C:\Users\Admin\.vscode\extensions\redhat.java-1.54.0-win32-x64\jre\21.0.10-win32-x86_64\bin\java.exe
0x00007ff93b900000 - 0x00007ff93bb67000 	C:\WINDOWS\SYSTEM32\ntdll.dll
0x00007ff93b140000 - 0x00007ff93b209000 	C:\WINDOWS\System32\KERNEL32.DLL
0x00007ff939200000 - 0x00007ff9395f4000 	C:\WINDOWS\System32\KERNELBASE.dll
0x00007ff938ca0000 - 0x00007ff938deb000 	C:\WINDOWS\System32\ucrtbase.dll
0x00007ff915e30000 - 0x00007ff915e48000 	C:\Users\Admin\.vscode\extensions\redhat.java-1.54.0-win32-x64\jre\21.0.10-win32-x86_64\bin\jli.dll
0x00007ff915cd0000 - 0x00007ff915cee000 	C:\Users\Admin\.vscode\extensions\redhat.java-1.54.0-win32-x64\jre\21.0.10-win32-x86_64\bin\VCRUNTIME140.dll
0x00007ff93b210000 - 0x00007ff93b3d5000 	C:\WINDOWS\System32\USER32.dll
0x00007ff91d7d0000 - 0x00007ff91da63000 	C:\WINDOWS\WinSxS\amd64_microsoft.windows.common-controls_6595b64144ccf1df_6.0.26100.8115_none_3e075c82e3354f9c\COMCTL32.dll
0x00007ff938280000 - 0x00007ff9382a7000 	C:\WINDOWS\System32\win32u.dll
0x00007ff939970000 - 0x00007ff93999b000 	C:\WINDOWS\System32\GDI32.dll
0x00007ff93b6d0000 - 0x00007ff93b779000 	C:\WINDOWS\System32\msvcrt.dll
0x00007ff938df0000 - 0x00007ff938f1b000 	C:\WINDOWS\System32\gdi32full.dll
0x00007ff9381d0000 - 0x00007ff938273000 	C:\WINDOWS\System32\msvcp_win.dll
0x00007ff93a540000 - 0x00007ff93a572000 	C:\WINDOWS\System32\IMM32.DLL
0x00007ff917e00000 - 0x00007ff917e0c000 	C:\Users\Admin\.vscode\extensions\redhat.java-1.54.0-win32-x64\jre\21.0.10-win32-x86_64\bin\vcruntime140_1.dll
0x00007ff8e1c80000 - 0x00007ff8e1d0d000 	C:\Users\Admin\.vscode\extensions\redhat.java-1.54.0-win32-x64\jre\21.0.10-win32-x86_64\bin\msvcp140.dll
0x00007ff8d15a0000 - 0x00007ff8d2341000 	C:\Users\Admin\.vscode\extensions\redhat.java-1.54.0-win32-x64\jre\21.0.10-win32-x86_64\bin\server\jvm.dll
0x00007ff93b520000 - 0x00007ff93b5d6000 	C:\WINDOWS\System32\ADVAPI32.dll
0x00007ff93b090000 - 0x00007ff93b137000 	C:\WINDOWS\System32\sechost.dll
0x00007ff93b7a0000 - 0x00007ff93b8b8000 	C:\WINDOWS\System32\RPCRT4.dll
0x00007ff9398e0000 - 0x00007ff939960000 	C:\WINDOWS\System32\WS2_32.dll
0x00007ff938030000 - 0x00007ff93808e000 	C:\WINDOWS\SYSTEM32\POWRPROF.dll
0x00007ff9262a0000 - 0x00007ff9262ab000 	C:\WINDOWS\SYSTEM32\VERSION.dll
0x00007ff924f30000 - 0x00007ff924f66000 	C:\WINDOWS\SYSTEM32\WINMM.dll
0x00007ff938010000 - 0x00007ff938024000 	C:\WINDOWS\SYSTEM32\UMPDC.dll
0x00007ff936f20000 - 0x00007ff936f3b000 	C:\WINDOWS\SYSTEM32\kernel.appcore.dll
0x00007ff915690000 - 0x00007ff91569a000 	C:\Users\Admin\.vscode\extensions\redhat.java-1.54.0-win32-x64\jre\21.0.10-win32-x86_64\bin\jimage.dll
0x00007ff936140000 - 0x00007ff936382000 	C:\WINDOWS\SYSTEM32\DBGHELP.DLL
0x00007ff93aa10000 - 0x00007ff93ad92000 	C:\WINDOWS\System32\combase.dll
0x00007ff93b5f0000 - 0x00007ff93b6c8000 	C:\WINDOWS\System32\OLEAUT32.dll
0x00007ff916650000 - 0x00007ff91668b000 	C:\WINDOWS\SYSTEM32\dbgcore.DLL
0x00007ff939150000 - 0x00007ff9391f5000 	C:\WINDOWS\System32\bcryptPrimitives.dll
0x00007ff9146d0000 - 0x00007ff9146f0000 	C:\Users\Admin\.vscode\extensions\redhat.java-1.54.0-win32-x64\jre\21.0.10-win32-x86_64\bin\java.dll
0x00007ff939bf0000 - 0x00007ff93a357000 	C:\WINDOWS\System32\SHELL32.dll
0x00007ff938fe0000 - 0x00007ff93914a000 	C:\WINDOWS\System32\wintypes.dll
0x00007ff9382b0000 - 0x00007ff938b18000 	C:\WINDOWS\System32\windows.storage.dll
0x00007ff9397d0000 - 0x00007ff9398c8000 	C:\WINDOWS\System32\SHCORE.dll
0x00007ff93b3e0000 - 0x00007ff93b446000 	C:\WINDOWS\System32\shlwapi.dll
0x00007ff9380f0000 - 0x00007ff938119000 	C:\WINDOWS\SYSTEM32\profapi.dll
0x00007ff9146a0000 - 0x00007ff9146b0000 	C:\Users\Admin\.vscode\extensions\redhat.java-1.54.0-win32-x64\jre\21.0.10-win32-x86_64\bin\net.dll
0x00007ff92cee0000 - 0x00007ff92d00d000 	C:\WINDOWS\SYSTEM32\WINHTTP.dll
0x00007ff937470000 - 0x00007ff9374dc000 	C:\WINDOWS\system32\mswsock.dll
0x00007ff9056f0000 - 0x00007ff905706000 	C:\Users\Admin\.vscode\extensions\redhat.java-1.54.0-win32-x64\jre\21.0.10-win32-x86_64\bin\nio.dll
0x00007ff9146b0000 - 0x00007ff9146c8000 	C:\Users\Admin\.vscode\extensions\redhat.java-1.54.0-win32-x64\jre\21.0.10-win32-x86_64\bin\zip.dll
0x00007ff9062d0000 - 0x00007ff9062e0000 	C:\Users\Admin\.vscode\extensions\redhat.java-1.54.0-win32-x64\jre\21.0.10-win32-x86_64\bin\verify.dll

JVMTI agents: none

dbghelp: loaded successfully - version: 4.0.5 - missing functions: none
symbol engine: initialized successfully - sym options: 0x614 - pdb path: .;C:\Users\Admin\.vscode\extensions\redhat.java-1.54.0-win32-x64\jre\21.0.10-win32-x86_64\bin;C:\WINDOWS\SYSTEM32;C:\WINDOWS\WinSxS\amd64_microsoft.windows.common-controls_6595b64144ccf1df_6.0.26100.8115_none_3e075c82e3354f9c;C:\Users\Admin\.vscode\extensions\redhat.java-1.54.0-win32-x64\jre\21.0.10-win32-x86_64\bin\server

VM Arguments:
java_command: org.jetbrains.kotlin.cli.jvm.K2JVMCompiler @C:\flutter\packages\flutter_tools\gradle\build\20260416_13434714418064291568.compiler.options
java_class_path (initial): C:\Users\Admin\.gradle\caches\modules-2\files-2.1\org.jetbrains.kotlin\kotlin-compiler-embeddable\2.0.21\79346ed53db48b18312a472602eb5c057070c54d\kotlin-compiler-embeddable-2.0.21.jar;C:\Users\Admin\.gradle\caches\modules-2\files-2.1\org.jetbrains.kotlin\kotlin-stdlib\2.0.21\618b539767b4899b4660a83006e052b63f1db551\kotlin-stdlib-2.0.21.jar;C:\Users\Admin\.gradle\caches\modules-2\files-2.1\org.jetbrains.kotlin\kotlin-script-runtime\2.0.21\c9b044380ad41f89aa89aa896c2d32a8c0b2129d\kotlin-script-runtime-2.0.21.jar;C:\Users\Admin\.gradle\caches\modules-2\files-2.1\org.jetbrains.kotlin\kotlin-reflect\1.6.10\1cbe9c92c12a94eea200d23c2bbaedaf3daf5132\kotlin-reflect-1.6.10.jar;C:\Users\Admin\.gradle\caches\modules-2\files-2.1\org.jetbrains.kotlin\kotlin-daemon-embeddable\2.0.21\c9e933b23287de9b5a17e2116b4657bb91aea72c\kotlin-daemon-embeddable-2.0.21.jar;C:\Users\Admin\.gradle\caches\modules-2\files-2.1\org.jetbrains.intellij.deps\trove4j\1.0.20200330\3afb14d5f9ceb459d724e907a21145e8ff394f02\trove4j-1.0.20200330.jar;C:\Users\Admin\.gradle\caches\modules-2\files-2.1\org.jetbrains.kotlinx\kotlinx-coroutines-core-jvm\1.6.4\2c997cd1c0ef33f3e751d3831929aeff1390cb30\kotlinx-coroutines-core-jvm-1.6.4.jar;C:\Users\Admin\.gradle\caches\modules-2\files-2.1\org.jetbrains\annotations\13.0\919f0dfe192fb4e063e7dacadee7f8bb9a2672a9\annotations-13.0.jar
Launcher Type: SUN_STANDARD

[Global flags]
     intx CICompilerCount                          = 4                                         {product} {ergonomic}
     uint ConcGCThreads                            = 2                                         {product} {ergonomic}
     uint G1ConcRefinementThreads                  = 8                                         {product} {ergonomic}
   size_t G1HeapRegionSize                         = 1048576                                   {product} {ergonomic}
    uintx GCDrainStackTargetSize                   = 64                                        {product} {ergonomic}
   size_t InitialHeapSize                          = 132120576                                 {product} {ergonomic}
   size_t MarkStackSize                            = 4194304                                   {product} {ergonomic}
   size_t MaxHeapSize                              = 2107637760                                {product} {ergonomic}
   size_t MaxNewSize                               = 1264582656                                {product} {ergonomic}
   size_t MinHeapDeltaBytes                        = 1048576                                   {product} {ergonomic}
   size_t MinHeapSize                              = 8388608                                   {product} {ergonomic}
    uintx NonNMethodCodeHeapSize                   = 5839372                                {pd product} {ergonomic}
    uintx NonProfiledCodeHeapSize                  = 122909434                              {pd product} {ergonomic}
    uintx ProfiledCodeHeapSize                     = 122909434                              {pd product} {ergonomic}
    uintx ReservedCodeCacheSize                    = 251658240                              {pd product} {ergonomic}
     bool SegmentedCodeCache                       = true                                      {product} {ergonomic}
   size_t SoftMaxHeapSize                          = 2107637760                             {manageable} {ergonomic}
     bool UseCompressedOops                        = true                           {product lp64_product} {ergonomic}
     bool UseG1GC                                  = true                                      {product} {ergonomic}
     bool UseLargePagesIndividualAllocation        = false                                  {pd product} {ergonomic}

Logging:
Log output configuration:
 #0: stdout all=warning uptime,level,tags foldmultilines=false
 #1: stderr all=off uptime,level,tags foldmultilines=false

Release file:
JAVA_VERSION="21.0.10" 
MODULES="java.base java.compiler java.datatransfer java.xml java.prefs java.desktop java.instrument java.logging java.management java.security.sasl java.naming java.rmi java.management.rmi java.net.http java.scripting java.security.jgss java.transaction.xa java.sql java.sql.rowset java.xml.crypto java.se java.smartcardio jdk.accessibility jdk.internal.jvmstat jdk.attach jdk.charsets jdk.internal.opt jdk.zipfs jdk.compiler jdk.crypto.ec jdk.crypto.cryptoki jdk.crypto.mscapi jdk.dynalink jdk.internal.ed jdk.editpad jdk.hotspot.agent jdk.httpserver jdk.internal.le jdk.internal.vm.ci jdk.internal.vm.compiler jdk.internal.vm.compiler.management jdk.jartool jdk.javadoc jdk.jcmd jdk.management jdk.management.agent jdk.jconsole jdk.jdeps jdk.jdwp.agent jdk.jdi jdk.jfr jdk.jshell jdk.jsobject jdk.jstatd jdk.localedata jdk.management.jfr jdk.naming.dns jdk.naming.rmi jdk.net jdk.nio.mapmode jdk.random jdk.sctp jdk.security.auth jdk.security.jgss jdk.unsupported jdk.unsupported.desktop jdk.xml.dom" 

Environment Variables:
JAVA_HOME=C:\Program Files\Java\jdk-17
PATH=C:\Users\Admin\AppData\Local\Programs\Microsoft VS Code;C:\Program Files\Common Files\Oracle\Java\javapath;C:\WINDOWS\system32;C:\WINDOWS;C:\WINDOWS\System32\Wbem;C:\WINDOWS\System32\WindowsPowerShell\v1.0\;C:\WINDOWS\System32\OpenSSH\;C:\ProgramData\chocolatey\bin;C:\Program Files (x86)\Intel\Intel(R) Management Engine Components\DAL;C:\Program Files\Intel\Intel(R) Management Engine Components\DAL;C:\Program Files\Git\cmd;C:\Program Files\nodejs\;C:\ffmpeg\bin;C:\Program Files\PostgreSQL\17\bin;C:\Program Files\cursor\resources\app\bin;C:\Program Files\Docker\Docker\resources\bin;C:\Program Files\PowerShell\7\;C:\Program Files\Java\jdk-17\bin;D:\flutter\bin;C:\Users\Admin\AppData\Local\Programs\Microsoft VS Code\bin;C:\flutter\bin
USERNAME=Admin
OS=Windows_NT
PROCESSOR_IDENTIFIER=Intel64 Family 6 Model 142 Stepping 10, GenuineIntel
TMP=C:\Users\Admin\AppData\Local\Temp
TEMP=C:\Users\Admin\AppData\Local\Temp




Periodic native trim disabled

---------------  S Y S T E M  ---------------

OS:
 Windows 11 , 64 bit Build 26100 (10.0.26100.8246)
OS uptime: 0 days 12:42 hours
Hyper-V role detected

CPU: total 8 (initial active 8) (4 cores per cpu, 2 threads per core) family 6 model 142 stepping 10 microcode 0xf6, cx8, cmov, fxsr, ht, mmx, 3dnowpref, sse, sse2, sse3, ssse3, sse4.1, sse4.2, popcnt, lzcnt, tsc, tscinvbit, avx, avx2, aes, erms, clmul, bmi1, bmi2, rtm, adx, fma, vzeroupper, clflush, clflushopt, hv, rdtscp, f16c
Processor Information for the first 8 processors :
  Max Mhz: 1896, Current Mhz: 1696, Mhz Limit: 1687

Memory: 4k page, system-wide physical 8035M (736M free)
TotalPageFile size 16227M (AvailPageFile size 169M)
current process WorkingSet (physical memory assigned to process): 357M, peak: 376M
current process commit charge ("private bytes"): 392M, peak: 412M

vm_info: OpenJDK 64-Bit Server VM (21.0.10+7-LTS) for windows-amd64 JRE (21.0.10+7-LTS), built on 2026-01-20T00:00:00Z by "admin" with MS VC++ 17.12 (VS2022)

END.
